openat(AT_FDCWD, "/usr/share/click/preinstalled/.click/users/@all/com.ubuntu.filemanager/lib/aarch64-linux-gnu/tls/aarch64/libwayland-client.so.0", O_RDONLY|O_CLOEXEC) = -1 ENOENT (No such file or directory)
openat(AT_FDCWD, "/usr/share/click/preinstalled/.click/users/@all/com.ubuntu.filemanager/lib/aarch64-linux-gnu/tls/libwayland-client.so.0", O_RDONLY|O_CLOEXEC) = -1 ENOENT (No such file or directory)
openat(AT_FDCWD, "/usr/share/click/preinstalled/.click/users/@all/com.ubuntu.filemanager/lib/aarch64-linux-gnu/aarch64/libwayland-client.so.0", O_RDONLY|O_CLOEXEC) = -1 ENOENT (No such file or directory)
openat(AT_FDCWD, "/usr/share/click/preinstalled/.click/users/@all/com.ubuntu.filemanager/lib/aarch64-linux-gnu/libwayland-client.so.0", O_RDONLY|O_CLOEXEC) = -1 ENOENT (No such file or directory)
openat(AT_FDCWD, "/usr/share/click/preinstalled/.click/users/@all/com.ubuntu.filemanager/lib/tls/aarch64/libwayland-client.so.0", O_RDONLY|O_CLOEXEC) = -1 ENOENT (No such file or directory)
openat(AT_FDCWD, "/usr/share/click/preinstalled/.click/users/@all/com.ubuntu.filemanager/lib/tls/libwayland-client.so.0", O_RDONLY|O_CLOEXEC) = -1 ENOENT (No such file or directory)
openat(AT_FDCWD, "/usr/share/click/preinstalled/.click/users/@all/com.ubuntu.filemanager/lib/aarch64/libwayland-client.so.0", O_RDONLY|O_CLOEXEC) = -1 ENOENT (No such file or directory)
openat(AT_FDCWD, "/usr/share/click/preinstalled/.click/users/@all/com.ubuntu.filemanager/lib/libwayland-client.so.0", O_RDONLY|O_CLOEXEC) = -1 ENOENT (No such file or directory)
openat(AT_FDCWD, "/etc/ld.so.cache", O_RDONLY|O_CLOEXEC) = 3
openat(AT_FDCWD, "/usr/lib/aarch64-linux-gnu/libwayland-client.so.0", O_RDONLY|O_CLOEXEC) = 3
openat(AT_FDCWD, "/usr/share/click/preinstalled/.click/users/@all/com.ubuntu.filemanager/lib/aarch64-linux-gnu/libwayland-egl.so.1", O_RDONLY|O_CLOEXEC) = -1 ENOENT (No such file or directory)
openat(AT_FDCWD, "/usr/share/click/preinstalled/.click/users/@all/com.ubuntu.filemanager/lib/libwayland-egl.so.1", O_RDONLY|O_CLOEXEC) = -1 ENOENT (No such file or directory)
openat(AT_FDCWD, "/usr/lib/aarch64-linux-gnu/libwayland-egl.so.1", O_RDONLY|O_CLOEXEC) = 3
openat(AT_FDCWD, "/usr/share/click/preinstalled/.click/users/@all/com.ubuntu.filemanager/lib/aarch64-linux-gnu/libEGL.so.1", O_RDONLY|O_CLOEXEC) = -1 ENOENT (No such file or directory)
openat(AT_FDCWD, "/usr/share/click/preinstalled/.click/users/@all/com.ubuntu.filemanager/lib/libEGL.so.1", O_RDONLY|O_CLOEXEC) = -1 ENOENT (No such file or directory)
openat(AT_FDCWD, "/usr/lib/aarch64-linux-gnu/mesa-egl/libEGL.so.1", O_RDONLY|O_CLOEXEC) = 3
openat(AT_FDCWD, "/usr/share/click/preinstalled/.click/users/@all/com.ubuntu.filemanager/lib/aarch64-linux-gnu/libGLESv2.so.2", O_RDONLY|O_CLOEXEC) = -1 ENOENT (No such file or directory)
openat(AT_FDCWD, "/usr/share/click/preinstalled/.click/users/@all/com.ubuntu.filemanager/lib/libGLESv2.so.2", O_RDONLY|O_CLOEXEC) = -1 ENOENT (No such file or directory)
openat(AT_FDCWD, "/usr/lib/aarch64-linux-gnu/mesa-egl/libGLESv2.so.2", O_RDONLY|O_CLOEXEC) = 3
openat(AT_FDCWD, "/usr/share/click/preinstalled/.click/users/@all/com.ubuntu.filemanager/lib/aarch64-linux-gnu/libc.so.6", O_RDONLY|O_CLOEXEC) = -1 ENOENT (No such file or directory)
openat(AT_FDCWD, "/usr/share/click/preinstalled/.click/users/@all/com.ubuntu.filemanager/lib/libc.so.6", O_RDONLY|O_CLOEXEC) = -1 ENOENT (No such file or directory)
openat(AT_FDCWD, "/lib/aarch64-linux-gnu/libc.so.6", O_RDONLY|O_CLOEXEC) = 3
openat(AT_FDCWD, "/usr/share/click/preinstalled/.click/users/@all/com.ubuntu.filemanager/lib/aarch64-linux-gnu/libffi.so.6", O_RDONLY|O_CLOEXEC) = -1 ENOENT (No such file or directory)
openat(AT_FDCWD, "/usr/share/click/preinstalled/.click/users/@all/com.ubuntu.filemanager/lib/libffi.so.6", O_RDONLY|O_CLOEXEC) = -1 ENOENT (No such file or directory)
openat(AT_FDCWD, "/usr/lib/aarch64-linux-gnu/libffi.so.6", O_RDONLY|O_CLOEXEC) = 3
openat(AT_FDCWD, "/usr/share/click/preinstalled/.click/users/@all/com.ubuntu.filemanager/lib/aarch64-linux-gnu/libpthread.so.0", O_RDONLY|O_CLOEXEC) = -1 ENOENT (No such file or directory)
openat(AT_FDCWD, "/usr/share/click/preinstalled/.click/users/@all/com.ubuntu.filemanager/lib/libpthread.so.0", O_RDONLY|O_CLOEXEC) = -1 ENOENT (No such file or directory)
openat(AT_FDCWD, "/lib/aarch64-linux-gnu/libpthread.so.0", O_RDONLY|O_CLOEXEC) = 3
openat(AT_FDCWD, "/usr/share/click/preinstalled/.click/users/@all/com.ubuntu.filemanager/lib/aarch64-linux-gnu/libgbm.so.1", O_RDONLY|O_CLOEXEC) = -1 ENOENT (No such file or directory)
openat(AT_FDCWD, "/usr/share/click/preinstalled/.click/users/@all/com.ubuntu.filemanager/lib/libgbm.so.1", O_RDONLY|O_CLOEXEC) = -1 ENOENT (No such file or directory)
openat(AT_FDCWD, "/usr/lib/aarch64-linux-gnu/libgbm.so.1", O_RDONLY|O_CLOEXEC) = 3
openat(AT_FDCWD, "/usr/share/click/preinstalled/.click/users/@all/com.ubuntu.filemanager/lib/aarch64-linux-gnu/libglapi.so.0", O_RDONLY|O_CLOEXEC) = -1 ENOENT (No such file or directory)
openat(AT_FDCWD, "/usr/share/click/preinstalled/.click/users/@all/com.ubuntu.filemanager/lib/libglapi.so.0", O_RDONLY|O_CLOEXEC) = -1 ENOENT (No such file or directory)
openat(AT_FDCWD, "/usr/lib/aarch64-linux-gnu/libglapi.so.0", O_RDONLY|O_CLOEXEC) = 3
openat(AT_FDCWD, "/usr/share/click/preinstalled/.click/users/@all/com.ubuntu.filemanager/lib/aarch64-linux-gnu/libexpat.so.1", O_RDONLY|O_CLOEXEC) = -1 ENOENT (No such file or directory)
openat(AT_FDCWD, "/usr/share/click/preinstalled/.click/users/@all/com.ubuntu.filemanager/lib/libexpat.so.1", O_RDONLY|O_CLOEXEC) = -1 ENOENT (No such file or directory)
openat(AT_FDCWD, "/lib/aarch64-linux-gnu/libexpat.so.1", O_RDONLY|O_CLOEXEC) = 3
openat(AT_FDCWD, "/usr/share/click/preinstalled/.click/users/@all/com.ubuntu.filemanager/lib/aarch64-linux-gnu/libX11-xcb.so.1", O_RDONLY|O_CLOEXEC) = -1 ENOENT (No such file or directory)
openat(AT_FDCWD, "/usr/share/click/preinstalled/.click/users/@all/com.ubuntu.filemanager/lib/libX11-xcb.so.1", O_RDONLY|O_CLOEXEC) = -1 ENOENT (No such file or directory)
openat(AT_FDCWD, "/usr/lib/aarch64-linux-gnu/libX11-xcb.so.1", O_RDONLY|O_CLOEXEC) = 3
openat(AT_FDCWD, "/usr/share/click/preinstalled/.click/users/@all/com.ubuntu.filemanager/lib/aarch64-linux-gnu/libxcb.so.1", O_RDONLY|O_CLOEXEC) = -1 ENOENT (No such file or directory)
openat(AT_FDCWD, "/usr/share/click/preinstalled/.click/users/@all/com.ubuntu.filemanager/lib/libxcb.so.1", O_RDONLY|O_CLOEXEC) = -1 ENOENT (No such file or directory)
openat(AT_FDCWD, "/usr/lib/aarch64-linux-gnu/libxcb.so.1", O_RDONLY|O_CLOEXEC) = 3
openat(AT_FDCWD, "/usr/share/click/preinstalled/.click/users/@all/com.ubuntu.filemanager/lib/aarch64-linux-gnu/libxcb-dri2.so.0", O_RDONLY|O_CLOEXEC) = -1 ENOENT (No such file or directory)
openat(AT_FDCWD, "/usr/share/click/preinstalled/.click/users/@all/com.ubuntu.filemanager/lib/libxcb-dri2.so.0", O_RDONLY|O_CLOEXEC) = -1 ENOENT (No such file or directory)
openat(AT_FDCWD, "/usr/lib/aarch64-linux-gnu/libxcb-dri2.so.0", O_RDONLY|O_CLOEXEC) = 3
openat(AT_FDCWD, "/usr/share/click/preinstalled/.click/users/@all/com.ubuntu.filemanager/lib/aarch64-linux-gnu/libxcb-xfixes.so.0", O_RDONLY|O_CLOEXEC) = -1 ENOENT (No such file or directory)
openat(AT_FDCWD, "/usr/share/click/preinstalled/.click/users/@all/com.ubuntu.filemanager/lib/libxcb-xfixes.so.0", O_RDONLY|O_CLOEXEC) = -1 ENOENT (No such file or directory)
openat(AT_FDCWD, "/usr/lib/aarch64-linux-gnu/libxcb-xfixes.so.0", O_RDONLY|O_CLOEXEC) = 3
openat(AT_FDCWD, "/usr/share/click/preinstalled/.click/users/@all/com.ubuntu.filemanager/lib/aarch64-linux-gnu/libdrm.so.2", O_RDONLY|O_CLOEXEC) = -1 ENOENT (No such file or directory)
openat(AT_FDCWD, "/usr/share/click/preinstalled/.click/users/@all/com.ubuntu.filemanager/lib/libdrm.so.2", O_RDONLY|O_CLOEXEC) = -1 ENOENT (No such file or directory)
openat(AT_FDCWD, "/usr/lib/aarch64-linux-gnu/libdrm.so.2", O_RDONLY|O_CLOEXEC) = 3
openat(AT_FDCWD, "/usr/share/click/preinstalled/.click/users/@all/com.ubuntu.filemanager/lib/aarch64-linux-gnu/libwayland-server.so.0", O_RDONLY|O_CLOEXEC) = -1 ENOENT (No such file or directory)
openat(AT_FDCWD, "/usr/share/click/preinstalled/.click/users/@all/com.ubuntu.filemanager/lib/libwayland-server.so.0", O_RDONLY|O_CLOEXEC) = -1 ENOENT (No such file or directory)
openat(AT_FDCWD, "/usr/lib/aarch64-linux-gnu/libwayland-server.so.0", O_RDONLY|O_CLOEXEC) = 3
openat(AT_FDCWD, "/usr/share/click/preinstalled/.click/users/@all/com.ubuntu.filemanager/lib/aarch64-linux-gnu/libmirclient.so.9", O_RDONLY|O_CLOEXEC) = -1 ENOENT (No such file or directory)
openat(AT_FDCWD, "/usr/share/click/preinstalled/.click/users/@all/com.ubuntu.filemanager/lib/libmirclient.so.9", O_RDONLY|O_CLOEXEC) = -1 ENOENT (No such file or directory)
openat(AT_FDCWD, "/usr/lib/aarch64-linux-gnu/libmirclient.so.9", O_RDONLY|O_CLOEXEC) = 3
openat(AT_FDCWD, "/usr/share/click/preinstalled/.click/users/@all/com.ubuntu.filemanager/lib/aarch64-linux-gnu/libdl.so.2", O_RDONLY|O_CLOEXEC) = -1 ENOENT (No such file or directory)
openat(AT_FDCWD, "/usr/share/click/preinstalled/.click/users/@all/com.ubuntu.filemanager/lib/libdl.so.2", O_RDONLY|O_CLOEXEC) = -1 ENOENT (No such file or directory)
openat(AT_FDCWD, "/lib/aarch64-linux-gnu/libdl.so.2", O_RDONLY|O_CLOEXEC) = 3
openat(AT_FDCWD, "/usr/share/click/preinstalled/.click/users/@all/com.ubuntu.filemanager/lib/aarch64-linux-gnu/libm.so.6", O_RDONLY|O_CLOEXEC) = -1 ENOENT (No such file or directory)
openat(AT_FDCWD, "/usr/share/click/preinstalled/.click/users/@all/com.ubuntu.filemanager/lib/libm.so.6", O_RDONLY|O_CLOEXEC) = -1 ENOENT (No such file or directory)
openat(AT_FDCWD, "/lib/aarch64-linux-gnu/libm.so.6", O_RDONLY|O_CLOEXEC) = 3
openat(AT_FDCWD, "/usr/share/click/preinstalled/.click/users/@all/com.ubuntu.filemanager/lib/aarch64-linux-gnu/libxcb-dri3.so.0", O_RDONLY|O_CLOEXEC) = -1 ENOENT (No such file or directory)
openat(AT_FDCWD, "/usr/share/click/preinstalled/.click/users/@all/com.ubuntu.filemanager/lib/libxcb-dri3.so.0", O_RDONLY|O_CLOEXEC) = -1 ENOENT (No such file or directory)
openat(AT_FDCWD, "/usr/lib/aarch64-linux-gnu/libxcb-dri3.so.0", O_RDONLY|O_CLOEXEC) = 3
openat(AT_FDCWD, "/usr/share/click/preinstalled/.click/users/@all/com.ubuntu.filemanager/lib/aarch64-linux-gnu/libxcb-present.so.0", O_RDONLY|O_CLOEXEC) = -1 ENOENT (No such file or directory)
openat(AT_FDCWD, "/usr/share/click/preinstalled/.click/users/@all/com.ubuntu.filemanager/lib/libxcb-present.so.0", O_RDONLY|O_CLOEXEC) = -1 ENOENT (No such file or directory)
openat(AT_FDCWD, "/usr/lib/aarch64-linux-gnu/libxcb-present.so.0", O_RDONLY|O_CLOEXEC) = 3
openat(AT_FDCWD, "/usr/share/click/preinstalled/.click/users/@all/com.ubuntu.filemanager/lib/aarch64-linux-gnu/libxcb-sync.so.1", O_RDONLY|O_CLOEXEC) = -1 ENOENT (No such file or directory)
openat(AT_FDCWD, "/usr/share/click/preinstalled/.click/users/@all/com.ubuntu.filemanager/lib/libxcb-sync.so.1", O_RDONLY|O_CLOEXEC) = -1 ENOENT (No such file or directory)
openat(AT_FDCWD, "/usr/lib/aarch64-linux-gnu/libxcb-sync.so.1", O_RDONLY|O_CLOEXEC) = 3
openat(AT_FDCWD, "/usr/share/click/preinstalled/.click/users/@all/com.ubuntu.filemanager/lib/aarch64-linux-gnu/libxshmfence.so.1", O_RDONLY|O_CLOEXEC) = -1 ENOENT (No such file or directory)
openat(AT_FDCWD, "/usr/share/click/preinstalled/.click/users/@all/com.ubuntu.filemanager/lib/libxshmfence.so.1", O_RDONLY|O_CLOEXEC) = -1 ENOENT (No such file or directory)
openat(AT_FDCWD, "/usr/lib/aarch64-linux-gnu/libxshmfence.so.1", O_RDONLY|O_CLOEXEC) = 3
openat(AT_FDCWD, "/usr/share/click/preinstalled/.click/users/@all/com.ubuntu.filemanager/lib/aarch64-linux-gnu/libXau.so.6", O_RDONLY|O_CLOEXEC) = -1 ENOENT (No such file or directory)
openat(AT_FDCWD, "/usr/share/click/preinstalled/.click/users/@all/com.ubuntu.filemanager/lib/libXau.so.6", O_RDONLY|O_CLOEXEC) = -1 ENOENT (No such file or directory)
openat(AT_FDCWD, "/usr/lib/aarch64-linux-gnu/libXau.so.6", O_RDONLY|O_CLOEXEC) = 3
openat(AT_FDCWD, "/usr/share/click/preinstalled/.click/users/@all/com.ubuntu.filemanager/lib/aarch64-linux-gnu/libXdmcp.so.6", O_RDONLY|O_CLOEXEC) = -1 ENOENT (No such file or directory)
openat(AT_FDCWD, "/usr/share/click/preinstalled/.click/users/@all/com.ubuntu.filemanager/lib/libXdmcp.so.6", O_RDONLY|O_CLOEXEC) = -1 ENOENT (No such file or directory)
openat(AT_FDCWD, "/usr/lib/aarch64-linux-gnu/libXdmcp.so.6", O_RDONLY|O_CLOEXEC) = 3
openat(AT_FDCWD, "/usr/share/click/preinstalled/.click/users/@all/com.ubuntu.filemanager/lib/aarch64-linux-gnu/libxkbcommon.so.0", O_RDONLY|O_CLOEXEC) = -1 ENOENT (No such file or directory)
openat(AT_FDCWD, "/usr/share/click/preinstalled/.click/users/@all/com.ubuntu.filemanager/lib/libxkbcommon.so.0", O_RDONLY|O_CLOEXEC) = -1 ENOENT (No such file or directory)
openat(AT_FDCWD, "/usr/lib/aarch64-linux-gnu/libxkbcommon.so.0", O_RDONLY|O_CLOEXEC) = 3
openat(AT_FDCWD, "/usr/share/click/preinstalled/.click/users/@all/com.ubuntu.filemanager/lib/aarch64-linux-gnu/libmircommon.so.7", O_RDONLY|O_CLOEXEC) = -1 ENOENT (No such file or directory)
openat(AT_FDCWD, "/usr/share/click/preinstalled/.click/users/@all/com.ubuntu.filemanager/lib/libmircommon.so.7", O_RDONLY|O_CLOEXEC) = -1 ENOENT (No such file or directory)
openat(AT_FDCWD, "/usr/lib/aarch64-linux-gnu/libmircommon.so.7", O_RDONLY|O_CLOEXEC) = 3
openat(AT_FDCWD, "/usr/share/click/preinstalled/.click/users/@all/com.ubuntu.filemanager/lib/aarch64-linux-gnu/libmirprotobuf.so.3", O_RDONLY|O_CLOEXEC) = -1 ENOENT (No such file or directory)
openat(AT_FDCWD, "/usr/share/click/preinstalled/.click/users/@all/com.ubuntu.filemanager/lib/libmirprotobuf.so.3", O_RDONLY|O_CLOEXEC) = -1 ENOENT (No such file or directory)
openat(AT_FDCWD, "/usr/lib/aarch64-linux-gnu/libmirprotobuf.so.3", O_RDONLY|O_CLOEXEC) = 3
openat(AT_FDCWD, "/usr/share/click/preinstalled/.click/users/@all/com.ubuntu.filemanager/lib/aarch64-linux-gnu/libcapnp-0.5.3.so", O_RDONLY|O_CLOEXEC) = -1 ENOENT (No such file or directory)
openat(AT_FDCWD, "/usr/share/click/preinstalled/.click/users/@all/com.ubuntu.filemanager/lib/libcapnp-0.5.3.so", O_RDONLY|O_CLOEXEC) = -1 ENOENT (No such file or directory)
openat(AT_FDCWD, "/usr/lib/aarch64-linux-gnu/libcapnp-0.5.3.so", O_RDONLY|O_CLOEXEC) = 3
openat(AT_FDCWD, "/usr/share/click/preinstalled/.click/users/@all/com.ubuntu.filemanager/lib/aarch64-linux-gnu/libmircore.so.1", O_RDONLY|O_CLOEXEC) = -1 ENOENT (No such file or directory)
openat(AT_FDCWD, "/usr/share/click/preinstalled/.click/users/@all/com.ubuntu.filemanager/lib/libmircore.so.1", O_RDONLY|O_CLOEXEC) = -1 ENOENT (No such file or directory)
openat(AT_FDCWD, "/usr/lib/aarch64-linux-gnu/libmircore.so.1", O_RDONLY|O_CLOEXEC) = 3
openat(AT_FDCWD, "/usr/share/click/preinstalled/.click/users/@all/com.ubuntu.filemanager/lib/aarch64-linux-gnu/libboost_system.so.1.58.0", O_RDONLY|O_CLOEXEC) = -1 ENOENT (No such file or directory)
openat(AT_FDCWD, "/usr/share/click/preinstalled/.click/users/@all/com.ubuntu.filemanager/lib/libboost_system.so.1.58.0", O_RDONLY|O_CLOEXEC) = -1 ENOENT (No such file or directory)
openat(AT_FDCWD, "/usr/lib/aarch64-linux-gnu/libboost_system.so.1.58.0", O_RDONLY|O_CLOEXEC) = 3
openat(AT_FDCWD, "/usr/share/click/preinstalled/.click/users/@all/com.ubuntu.filemanager/lib/aarch64-linux-gnu/libprotobuf-lite.so.9", O_RDONLY|O_CLOEXEC) = -1 ENOENT (No such file or directory)
openat(AT_FDCWD, "/usr/share/click/preinstalled/.click/users/@all/com.ubuntu.filemanager/lib/libprotobuf-lite.so.9", O_RDONLY|O_CLOEXEC) = -1 ENOENT (No such file or directory)
openat(AT_FDCWD, "/usr/lib/aarch64-linux-gnu/libprotobuf-lite.so.9", O_RDONLY|O_CLOEXEC) = 3
openat(AT_FDCWD, "/usr/share/click/preinstalled/.click/users/@all/com.ubuntu.filemanager/lib/aarch64-linux-gnu/libstdc++.so.6", O_RDONLY|O_CLOEXEC) = -1 ENOENT (No such file or directory)
openat(AT_FDCWD, "/usr/share/click/preinstalled/.click/users/@all/com.ubuntu.filemanager/lib/libstdc++.so.6", O_RDONLY|O_CLOEXEC) = -1 ENOENT (No such file or directory)
openat(AT_FDCWD, "/usr/lib/aarch64-linux-gnu/libstdc++.so.6", O_RDONLY|O_CLOEXEC) = 3
openat(AT_FDCWD, "/usr/share/click/preinstalled/.click/users/@all/com.ubuntu.filemanager/lib/aarch64-linux-gnu/libgcc_s.so.1", O_RDONLY|O_CLOEXEC) = -1 ENOENT (No such file or directory)
openat(AT_FDCWD, "/usr/share/click/preinstalled/.click/users/@all/com.ubuntu.filemanager/lib/libgcc_s.so.1", O_RDONLY|O_CLOEXEC) = -1 ENOENT (No such file or directory)
openat(AT_FDCWD, "/lib/aarch64-linux-gnu/libgcc_s.so.1", O_RDONLY|O_CLOEXEC) = 3
openat(AT_FDCWD, "/usr/share/click/preinstalled/.click/users/@all/com.ubuntu.filemanager/lib/aarch64-linux-gnu/libboost_filesystem.so.1.58.0", O_RDONLY|O_CLOEXEC) = -1 ENOENT (No such file or directory)
openat(AT_FDCWD, "/usr/share/click/preinstalled/.click/users/@all/com.ubuntu.filemanager/lib/libboost_filesystem.so.1.58.0", O_RDONLY|O_CLOEXEC) = -1 ENOENT (No such file or directory)
openat(AT_FDCWD, "/usr/lib/aarch64-linux-gnu/libboost_filesystem.so.1.58.0", O_RDONLY|O_CLOEXEC) = 3
openat(AT_FDCWD, "/usr/share/click/preinstalled/.click/users/@all/com.ubuntu.filemanager/lib/aarch64-linux-gnu/libkj-0.5.3.so", O_RDONLY|O_CLOEXEC) = -1 ENOENT (No such file or directory)
openat(AT_FDCWD, "/usr/share/click/preinstalled/.click/users/@all/com.ubuntu.filemanager/lib/libkj-0.5.3.so", O_RDONLY|O_CLOEXEC) = -1 ENOENT (No such file or directory)
openat(AT_FDCWD, "/usr/lib/aarch64-linux-gnu/libkj-0.5.3.so", O_RDONLY|O_CLOEXEC) = 3
openat(AT_FDCWD, "/usr/share/click/preinstalled/.click/users/@all/com.ubuntu.filemanager/lib/aarch64-linux-gnu/liblttng-ust-tracepoint.so.0", O_RDONLY|O_CLOEXEC) = -1 ENOENT (No such file or directory)
openat(AT_FDCWD, "/usr/share/click/preinstalled/.click/users/@all/com.ubuntu.filemanager/lib/liblttng-ust-tracepoint.so.0", O_RDONLY|O_CLOEXEC) = -1 ENOENT (No such file or directory)
openat(AT_FDCWD, "/etc/ld.so.cache", O_RDONLY|O_CLOEXEC) = 3
openat(AT_FDCWD, "/usr/lib/aarch64-linux-gnu/liblttng-ust-tracepoint.so.0", O_RDONLY|O_CLOEXEC) = 3
openat(AT_FDCWD, "/usr/share/click/preinstalled/.click/users/@all/com.ubuntu.filemanager/lib/aarch64-linux-gnu/liburcu-bp.so.4", O_RDONLY|O_CLOEXEC) = -1 ENOENT (No such file or directory)
openat(AT_FDCWD, "/usr/share/click/preinstalled/.click/users/@all/com.ubuntu.filemanager/lib/liburcu-bp.so.4", O_RDONLY|O_CLOEXEC) = -1 ENOENT (No such file or directory)
openat(AT_FDCWD, "/usr/lib/aarch64-linux-gnu/liburcu-bp.so.4", O_RDONLY|O_CLOEXEC) = 3
openat(AT_FDCWD, "/dev/dri/card1", O_RDWR|O_CLOEXEC) = 4
openat(AT_FDCWD, "/usr/share/drirc.d", O_RDONLY|O_NONBLOCK|O_DIRECTORY|O_CLOEXEC) = 5
openat(AT_FDCWD, "/usr/share/drirc.d/00-mesa-defaults.conf", O_RDONLY) = 5
openat(AT_FDCWD, "/etc/drirc", O_RDONLY) = -1 ENOENT (No such file or directory)
openat(AT_FDCWD, "/home/phablet/.drirc", O_RDONLY) = -1 ENOENT (No such file or directory)
openat(AT_FDCWD, "/dev/dri", O_RDONLY|O_NONBLOCK|O_DIRECTORY|O_CLOEXEC) = 5
openat(AT_FDCWD, "/sys/dev/char/226:1/device/uevent", O_RDONLY) = 6
openat(AT_FDCWD, "/sys/dev/char/226:1/device/uevent", O_RDONLY) = 6
openat(AT_FDCWD, "/sys/dev/char/226:1/device/uevent", O_RDONLY) = 6
openat(AT_FDCWD, "/sys/dev/char/226:0/device/uevent", O_RDONLY) = 6
openat(AT_FDCWD, "/sys/dev/char/226:0/device/uevent", O_RDONLY) = 6
openat(AT_FDCWD, "/sys/dev/char/226:0/device/uevent", O_RDONLY) = 6
openat(AT_FDCWD, "/sys/dev/char/226:0/device/uevent", O_RDONLY) = 6
openat(AT_FDCWD, "/sys/dev/char/226:128/device/uevent", O_RDONLY) = 6
openat(AT_FDCWD, "/sys/dev/char/226:128/device/uevent", O_RDONLY) = 6
openat(AT_FDCWD, "/sys/dev/char/226:128/device/uevent", O_RDONLY) = 6
openat(AT_FDCWD, "/sys/dev/char/226:128/device/uevent", O_RDONLY) = 6
openat(AT_FDCWD, "/dev/dri", O_RDONLY|O_NONBLOCK|O_DIRECTORY|O_CLOEXEC) = 5
openat(AT_FDCWD, "/sys/dev/char/226:1/device/uevent", O_RDONLY) = 6
openat(AT_FDCWD, "/sys/dev/char/226:1/device/uevent", O_RDONLY) = 6
openat(AT_FDCWD, "/sys/dev/char/226:1/device/uevent", O_RDONLY) = 6
openat(AT_FDCWD, "/sys/dev/char/226:0/device/uevent", O_RDONLY) = 6
openat(AT_FDCWD, "/sys/dev/char/226:0/device/uevent", O_RDONLY) = 6
openat(AT_FDCWD, "/sys/dev/char/226:0/device/uevent", O_RDONLY) = 6
openat(AT_FDCWD, "/sys/dev/char/226:0/device/uevent", O_RDONLY) = 6
openat(AT_FDCWD, "/sys/dev/char/226:128/device/uevent", O_RDONLY) = 6
openat(AT_FDCWD, "/sys/dev/char/226:128/device/uevent", O_RDONLY) = 6
openat(AT_FDCWD, "/sys/dev/char/226:128/device/uevent", O_RDONLY) = 6
openat(AT_FDCWD, "/sys/dev/char/226:128/device/uevent", O_RDONLY) = 6
openat(AT_FDCWD, "/dev/dri", O_RDONLY|O_NONBLOCK|O_DIRECTORY|O_CLOEXEC) = 5
openat(AT_FDCWD, "/sys/dev/char/226:1/device/uevent", O_RDONLY) = 6
openat(AT_FDCWD, "/sys/dev/char/226:1/device/uevent", O_RDONLY) = 6
openat(AT_FDCWD, "/sys/dev/char/226:1/device/uevent", O_RDONLY) = 6
openat(AT_FDCWD, "/sys/dev/char/226:0/device/uevent", O_RDONLY) = 6
openat(AT_FDCWD, "/sys/dev/char/226:0/device/uevent", O_RDONLY) = 6
openat(AT_FDCWD, "/sys/dev/char/226:0/device/uevent", O_RDONLY) = 6
openat(AT_FDCWD, "/sys/dev/char/226:0/device/uevent", O_RDONLY) = 6
openat(AT_FDCWD, "/sys/dev/char/226:128/device/uevent", O_RDONLY) = 6
openat(AT_FDCWD, "/sys/dev/char/226:128/device/uevent", O_RDONLY) = 6
openat(AT_FDCWD, "/sys/dev/char/226:128/device/uevent", O_RDONLY) = 6
openat(AT_FDCWD, "/sys/dev/char/226:128/device/uevent", O_RDONLY) = 6
openat(AT_FDCWD, "/usr/share/drirc.d", O_RDONLY|O_NONBLOCK|O_DIRECTORY|O_CLOEXEC) = 5
openat(AT_FDCWD, "/usr/share/drirc.d/00-mesa-defaults.conf", O_RDONLY) = 5
openat(AT_FDCWD, "/etc/drirc", O_RDONLY) = -1 ENOENT (No such file or directory)
openat(AT_FDCWD, "/home/phablet/.drirc", O_RDONLY) = -1 ENOENT (No such file or directory)
openat(AT_FDCWD, "/dev/dri", O_RDONLY|O_NONBLOCK|O_DIRECTORY|O_CLOEXEC) = 5
openat(AT_FDCWD, "/sys/dev/char/226:1/device/uevent", O_RDONLY) = 6
openat(AT_FDCWD, "/sys/dev/char/226:1/device/uevent", O_RDONLY) = 6
openat(AT_FDCWD, "/sys/dev/char/226:1/device/uevent", O_RDONLY) = 6
openat(AT_FDCWD, "/sys/dev/char/226:0/device/uevent", O_RDONLY) = 6
openat(AT_FDCWD, "/sys/dev/char/226:0/device/uevent", O_RDONLY) = 6
openat(AT_FDCWD, "/sys/dev/char/226:0/device/uevent", O_RDONLY) = 6
openat(AT_FDCWD, "/sys/dev/char/226:0/device/uevent", O_RDONLY) = 6
openat(AT_FDCWD, "/sys/dev/char/226:128/device/uevent", O_RDONLY) = 6
openat(AT_FDCWD, "/sys/dev/char/226:128/device/uevent", O_RDONLY) = 6
openat(AT_FDCWD, "/sys/dev/char/226:128/device/uevent", O_RDONLY) = 6
openat(AT_FDCWD, "/sys/dev/char/226:128/device/uevent", O_RDONLY) = 6
openat(AT_FDCWD, "/usr/lib/aarch64-linux-gnu/dri/tls/sun4i-drm_dri.so", O_RDONLY|O_CLOEXEC) = -1 ENOENT (No such file or directory)
openat(AT_FDCWD, "/usr/lib/aarch64-linux-gnu/dri/sun4i-drm_dri.so", O_RDONLY|O_CLOEXEC) = 5
openat(AT_FDCWD, "/usr/share/click/preinstalled/.click/users/@all/com.ubuntu.filemanager/lib/aarch64-linux-gnu/libz.so.1", O_RDONLY|O_CLOEXEC) = -1 ENOENT (No such file or directory)
openat(AT_FDCWD, "/usr/share/click/preinstalled/.click/users/@all/com.ubuntu.filemanager/lib/libz.so.1", O_RDONLY|O_CLOEXEC) = -1 ENOENT (No such file or directory)
openat(AT_FDCWD, "/etc/ld.so.cache", O_RDONLY|O_CLOEXEC) = 5
openat(AT_FDCWD, "/lib/aarch64-linux-gnu/libz.so.1", O_RDONLY|O_CLOEXEC) = 5
openat(AT_FDCWD, "/usr/share/click/preinstalled/.click/users/@all/com.ubuntu.filemanager/lib/aarch64-linux-gnu/libdrm_radeon.so.1", O_RDONLY|O_CLOEXEC) = -1 ENOENT (No such file or directory)
openat(AT_FDCWD, "/usr/share/click/preinstalled/.click/users/@all/com.ubuntu.filemanager/lib/libdrm_radeon.so.1", O_RDONLY|O_CLOEXEC) = -1 ENOENT (No such file or directory)
openat(AT_FDCWD, "/usr/lib/aarch64-linux-gnu/libdrm_radeon.so.1", O_RDONLY|O_CLOEXEC) = 5
openat(AT_FDCWD, "/usr/share/click/preinstalled/.click/users/@all/com.ubuntu.filemanager/lib/aarch64-linux-gnu/libdrm_nouveau.so.2", O_RDONLY|O_CLOEXEC) = -1 ENOENT (No such file or directory)
openat(AT_FDCWD, "/usr/share/click/preinstalled/.click/users/@all/com.ubuntu.filemanager/lib/libdrm_nouveau.so.2", O_RDONLY|O_CLOEXEC) = -1 ENOENT (No such file or directory)
openat(AT_FDCWD, "/usr/lib/aarch64-linux-gnu/libdrm_nouveau.so.2", O_RDONLY|O_CLOEXEC) = 5
openat(AT_FDCWD, "/usr/share/drirc.d", O_RDONLY|O_NONBLOCK|O_DIRECTORY|O_CLOEXEC) = 5
openat(AT_FDCWD, "/usr/share/drirc.d/00-mesa-defaults.conf", O_RDONLY) = 5
openat(AT_FDCWD, "/etc/drirc", O_RDONLY) = -1 ENOENT (No such file or directory)
openat(AT_FDCWD, "/home/phablet/.drirc", O_RDONLY) = -1 ENOENT (No such file or directory)
openat(AT_FDCWD, "/dev/dri", O_RDONLY|O_NONBLOCK|O_DIRECTORY|O_CLOEXEC) = 6
openat(AT_FDCWD, "/sys/dev/char/226:1/device/uevent", O_RDONLY) = 7
openat(AT_FDCWD, "/sys/dev/char/226:1/device/uevent", O_RDONLY) = 7
openat(AT_FDCWD, "/sys/dev/char/226:1/device/uevent", O_RDONLY) = 7
openat(AT_FDCWD, "/sys/dev/char/226:0/device/uevent", O_RDONLY) = 7
openat(AT_FDCWD, "/sys/dev/char/226:0/device/uevent", O_RDONLY) = 7
openat(AT_FDCWD, "/sys/dev/char/226:0/device/uevent", O_RDONLY) = 7
openat(AT_FDCWD, "/sys/dev/char/226:0/device/uevent", O_RDONLY) = 7
openat(AT_FDCWD, "/sys/dev/char/226:128/device/uevent", O_RDONLY) = 7
openat(AT_FDCWD, "/sys/dev/char/226:128/device/uevent", O_RDONLY) = 7
openat(AT_FDCWD, "/sys/dev/char/226:128/device/uevent", O_RDONLY) = 7
openat(AT_FDCWD, "/sys/dev/char/226:128/device/uevent", O_RDONLY) = 7
openat(AT_FDCWD, "/usr/share/drirc.d", O_RDONLY|O_NONBLOCK|O_DIRECTORY|O_CLOEXEC) = 6
openat(AT_FDCWD, "/usr/share/drirc.d/00-mesa-defaults.conf", O_RDONLY) = 6
openat(AT_FDCWD, "/etc/drirc", O_RDONLY) = -1 ENOENT (No such file or directory)
openat(AT_FDCWD, "/home/phablet/.drirc", O_RDONLY) = -1 ENOENT (No such file or directory)
openat(AT_FDCWD, "/dev/dri", O_RDONLY|O_NONBLOCK|O_DIRECTORY|O_CLOEXEC) = 6
openat(AT_FDCWD, "/sys/dev/char/226:1/device/uevent", O_RDONLY) = 7
openat(AT_FDCWD, "/sys/dev/char/226:1/device/uevent", O_RDONLY) = 7
openat(AT_FDCWD, "/sys/dev/char/226:1/device/uevent", O_RDONLY) = 7
openat(AT_FDCWD, "/sys/dev/char/226:0/device/uevent", O_RDONLY) = 7
openat(AT_FDCWD, "/sys/dev/char/226:0/device/uevent", O_RDONLY) = 7
openat(AT_FDCWD, "/sys/dev/char/226:0/device/uevent", O_RDONLY) = 7
openat(AT_FDCWD, "/sys/dev/char/226:0/device/uevent", O_RDONLY) = 7
openat(AT_FDCWD, "/sys/dev/char/226:128/device/uevent", O_RDONLY) = 7
openat(AT_FDCWD, "/sys/dev/char/226:128/device/uevent", O_RDONLY) = 7
openat(AT_FDCWD, "/sys/dev/char/226:128/device/uevent", O_RDONLY) = 7
openat(AT_FDCWD, "/sys/dev/char/226:128/device/uevent", O_RDONLY) = 7
openat(AT_FDCWD, "/usr/share/drirc.d", O_RDONLY|O_NONBLOCK|O_DIRECTORY|O_CLOEXEC) = 6
openat(AT_FDCWD, "/usr/share/drirc.d/00-mesa-defaults.conf", O_RDONLY) = 6
openat(AT_FDCWD, "/etc/drirc", O_RDONLY) = -1 ENOENT (No such file or directory)
openat(AT_FDCWD, "/home/phablet/.drirc", O_RDONLY) = -1 ENOENT (No such file or directory)
openat(AT_FDCWD, "/dev/dri/renderD128", O_RDWR|O_CLOEXEC) = 6
openat(AT_FDCWD, "/proc/dri/0/name", O_RDONLY) = -1 ENOENT (No such file or directory)
openat(AT_FDCWD, "/proc/dri/1/name", O_RDONLY) = -1 ENOENT (No such file or directory)
openat(AT_FDCWD, "/proc/dri/2/name", O_RDONLY) = -1 ENOENT (No such file or directory)
openat(AT_FDCWD, "/proc/dri/3/name", O_RDONLY) = -1 ENOENT (No such file or directory)
openat(AT_FDCWD, "/proc/dri/4/name", O_RDONLY) = -1 ENOENT (No such file or directory)
openat(AT_FDCWD, "/proc/dri/5/name", O_RDONLY) = -1 ENOENT (No such file or directory)
openat(AT_FDCWD, "/proc/dri/6/name", O_RDONLY) = -1 ENOENT (No such file or directory)
openat(AT_FDCWD, "/proc/dri/7/name", O_RDONLY) = -1 ENOENT (No such file or directory)
openat(AT_FDCWD, "/dev/dri/renderD128", O_RDWR|O_CLOEXEC) = 6
openat(AT_FDCWD, "/proc/dri/0/name", O_RDONLY) = -1 ENOENT (No such file or directory)
openat(AT_FDCWD, "/proc/dri/1/name", O_RDONLY) = -1 ENOENT (No such file or directory)
openat(AT_FDCWD, "/proc/dri/2/name", O_RDONLY) = -1 ENOENT (No such file or directory)
openat(AT_FDCWD, "/proc/dri/3/name", O_RDONLY) = -1 ENOENT (No such file or directory)
openat(AT_FDCWD, "/proc/dri/4/name", O_RDONLY) = -1 ENOENT (No such file or directory)
openat(AT_FDCWD, "/proc/dri/5/name", O_RDONLY) = -1 ENOENT (No such file or directory)
openat(AT_FDCWD, "/proc/dri/6/name", O_RDONLY) = -1 ENOENT (No such file or directory)
openat(AT_FDCWD, "/proc/dri/7/name", O_RDONLY) = -1 ENOENT (No such file or directory)
openat(AT_FDCWD, "/dev/dri/renderD128", O_RDWR|O_CLOEXEC) = 6
openat(AT_FDCWD, "/proc/dri/0/name", O_RDONLY) = -1 ENOENT (No such file or directory)
openat(AT_FDCWD, "/proc/dri/1/name", O_RDONLY) = -1 ENOENT (No such file or directory)
openat(AT_FDCWD, "/proc/dri/2/name", O_RDONLY) = -1 ENOENT (No such file or directory)
openat(AT_FDCWD, "/proc/dri/3/name", O_RDONLY) = -1 ENOENT (No such file or directory)
openat(AT_FDCWD, "/proc/dri/4/name", O_RDONLY) = -1 ENOENT (No such file or directory)
openat(AT_FDCWD, "/proc/dri/5/name", O_RDONLY) = -1 ENOENT (No such file or directory)
openat(AT_FDCWD, "/proc/dri/6/name", O_RDONLY) = -1 ENOENT (No such file or directory)
openat(AT_FDCWD, "/proc/dri/7/name", O_RDONLY) = -1 ENOENT (No such file or directory)
openat(AT_FDCWD, "/dev/dri/renderD128", O_RDWR|O_CLOEXEC) = 6
openat(AT_FDCWD, "/proc/dri/0/name", O_RDONLY) = -1 ENOENT (No such file or directory)
openat(AT_FDCWD, "/proc/dri/1/name", O_RDONLY) = -1 ENOENT (No such file or directory)
openat(AT_FDCWD, "/proc/dri/2/name", O_RDONLY) = -1 ENOENT (No such file or directory)
openat(AT_FDCWD, "/proc/dri/3/name", O_RDONLY) = -1 ENOENT (No such file or directory)
openat(AT_FDCWD, "/proc/dri/4/name", O_RDONLY) = -1 ENOENT (No such file or directory)
openat(AT_FDCWD, "/proc/dri/5/name", O_RDONLY) = -1 ENOENT (No such file or directory)
openat(AT_FDCWD, "/proc/dri/6/name", O_RDONLY) = -1 ENOENT (No such file or directory)
openat(AT_FDCWD, "/proc/dri/7/name", O_RDONLY) = -1 ENOENT (No such file or directory)
openat(AT_FDCWD, "/dev/dri/renderD128", O_RDWR|O_CLOEXEC) = 6
openat(AT_FDCWD, "/dev/dri", O_RDONLY|O_NONBLOCK|O_DIRECTORY|O_CLOEXEC) = 8
openat(AT_FDCWD, "/sys/dev/char/226:1/device/uevent", O_RDONLY) = 9
openat(AT_FDCWD, "/sys/dev/char/226:1/device/uevent", O_RDONLY) = 9
openat(AT_FDCWD, "/sys/dev/char/226:1/device/uevent", O_RDONLY) = 9
openat(AT_FDCWD, "/sys/dev/char/226:0/device/uevent", O_RDONLY) = 9
openat(AT_FDCWD, "/sys/dev/char/226:0/device/uevent", O_RDONLY) = 9
openat(AT_FDCWD, "/sys/dev/char/226:0/device/uevent", O_RDONLY) = 9
openat(AT_FDCWD, "/sys/dev/char/226:0/device/uevent", O_RDONLY) = 9
openat(AT_FDCWD, "/sys/dev/char/226:128/device/uevent", O_RDONLY) = 9
openat(AT_FDCWD, "/sys/dev/char/226:128/device/uevent", O_RDONLY) = 9
openat(AT_FDCWD, "/sys/dev/char/226:128/device/uevent", O_RDONLY) = 9
openat(AT_FDCWD, "/sys/dev/char/226:128/device/uevent", O_RDONLY) = 9
openat(AT_FDCWD, "/sys/devices/system/cpu/online", O_RDONLY|O_CLOEXEC) = 8
