
GNU gdb (Ubuntu 7.11.1-0ubuntu1~16.5) 7.11.1
Copyright (C) 2016 Free Software Foundation, Inc.
License GPLv3+: GNU GPL version 3 or later <http://gnu.org/licenses/gpl.html>
This is free software: you are free to change and redistribute it.
There is NO WARRANTY, to the extent permitted by law.  Type "show copying"
and "show warranty" for details.
This GDB was configured as "aarch64-linux-gnu".
Type "show configuration" for configuration details.
For bug reporting instructions, please see:
<http://www.gnu.org/software/gdb/bugs/>.
Find the GDB manual and other documentation resources online at:
<http://www.gnu.org/software/gdb/documentation/>.
For help, type "help".
Type "apropos word" to search for commands related to "word"...
Reading symbols from ./egl2...done.
Starting program: /usr/share/click/preinstalled/com.ubuntu.filemanager/0.7.5/egl2 
[Thread debugging using libthread_db enabled]
Using host libthread_db library "/lib/aarch64-linux-gnu/libthread_db.so.1".
Getting server references...
connected to display
[317480.592]  -> wl_display@1.get_registry(new id wl_registry@2)
[317511.309] wl_registry@2.global(1, "wl_drm", 2)
Got a registry event for wl_drm id 1
[317511.497] wl_registry@2.global(2, "qt_windowmanager", 1)
Got a registry event for qt_windowmanager id 2
[317511.581] wl_registry@2.global(3, "wl_compositor", 4)
Got a registry event for wl_compositor id 3
[317511.658]  -> wl_registry@2.bind(3, "wl_compositor", 1, new id [unknown]@3)
[317511.745] wl_registry@2.global(4, "wl_subcompositor", 1)
Got a registry event for wl_subcompositor id 4
[317511.809] wl_registry@2.global(5, "wl_seat", 6)
Got a registry event for wl_seat id 5
[317511.872] wl_registry@2.global(6, "wl_output", 3)
Got a registry event for wl_output id 6
[317511.934] wl_registry@2.global(7, "wl_data_device_manager", 3)
Got a registry event for wl_data_device_manager id 7
[317511.997] wl_registry@2.global(8, "wl_shell", 1)
Got a registry event for wl_shell id 8
[317512.062]  -> wl_registry@2.bind(8, "wl_shell", 1, new id [unknown]@4)
[317512.140] wl_registry@2.global(9, "zxdg_shell_v6", 1)
Got a registry event for zxdg_shell_v6 id 9
[317512.197] wl_registry@2.global(10, "xdg_wm_base", 1)
Got a registry event for xdg_wm_base id 10
[317512.253] wl_registry@2.global(11, "wl_shm", 1)
Got a registry event for wl_shm id 11
[317512.310]  -> wl_registry@2.bind(11, "wl_shm", 1, new id [unknown]@5)
[317515.752]  -> wl_display@1.sync(new id wl_callback@6)
[317516.059] wl_display@1.delete_id(6)
[317516.122] wl_shm@5.format(0)
Possible shmem format ARGB8888
[317516.180] wl_shm@5.format(1)
Possible shmem format XRGB8888
[317516.222] wl_callback@6.done(109)
Found compositor and shell
[317516.278]  -> wl_compositor@3.create_surface(new id wl_surface@6)
Created surface
[317516.338]  -> wl_shell@4.get_shell_surface(new id wl_shell_surface@7, wl_surface@6)
[317516.417]  -> wl_shell_surface@7.set_toplevel()
Creating opaque region...
[317516.467]  -> wl_compositor@3.create_region(new id wl_region@8)
[317516.505]  -> wl_region@8.add(0, 0, 480, 360)
[317516.583]  -> wl_surface@6.set_opaque_region(wl_region@8)
Init EGL...
Created egl display
[317517.088]  -> wl_display@1.get_registry(new id wl_registry@9)
[317517.185]  -> wl_display@1.sync(new id wl_callback@10)
[317517.653] wl_display@1.delete_id(10)
[317517.752] wl_registry@9.global(1, "wl_drm", 2)
[317517.852]  -> wl_registry@9.bind(1, "wl_drm", 2, new id [unknown]@11)
[317518.016] wl_registry@9.global(2, "qt_windowmanager", 1)
[317518.089] wl_registry@9.global(3, "wl_compositor", 4)
[317518.149] wl_registry@9.global(4, "wl_subcompositor", 1)
[317518.206] wl_registry@9.global(5, "wl_seat", 6)
[317518.269] wl_registry@9.global(6, "wl_output", 3)
[317518.330] wl_registry@9.global(7, "wl_data_device_manager", 3)
[317518.389] wl_registry@9.global(8, "wl_shell", 1)
[317518.437] wl_registry@9.global(9, "zxdg_shell_v6", 1)
[317518.480] wl_registry@9.global(10, "xdg_wm_base", 1)
[317518.544] wl_registry@9.global(11, "wl_shm", 1)
[317518.605] wl_callback@10.done(109)
[317518.655]  -> wl_display@1.sync(new id wl_callback@10)
[317519.395] wl_display@1.delete_id(10)
[317519.470] wl_drm@11.device("/dev/dri/card1")
[317519.813]  -> wl_drm@11.authenticate(4)
[317519.877] wl_drm@11.format(875713089)
[317519.916] wl_drm@11.format(875713112)
[317519.950] wl_drm@11.format(909199186)
[317519.984] wl_drm@11.format(961959257)
[317520.018] wl_drm@11.format(825316697)
[317520.052] wl_drm@11.format(842093913)
[317520.083] wl_drm@11.format(909202777)
[317520.117] wl_drm@11.format(875713881)
[317520.150] wl_drm@11.format(842094158)
[317520.184] wl_drm@11.format(909203022)
[317520.217] wl_drm@11.format(1448695129)
[317520.253] wl_drm@11.capabilities(1)
[317520.289] wl_callback@10.done(109)
[317520.343]  -> wl_display@1.sync(new id wl_callback@10)
[317524.712] wl_display@1.delete_id(10)
[317524.819] wl_drm@11.authenticated()
[317524.845] wl_callback@10.done(109)
EGL major: 1, minor 4
EGL has 14 configs
Buffer size for config 0 is 24
Red size for config 0 is 8
Creating window...
Created egl window
Made current
Rendering display...
Draw width=480, height=360...
[318028.666]  -> wl_surface@6.frame(new id wl_callback@10)
[318028.996]  -> wl_drm@11.create_prime_buffer(new id wl_buffer@12, fd 9, 480, 360, 875713112, 0, 1920, 0, 0, 0, 0)
[318029.196]  -> wl_surface@6.attach(wl_buffer@12, 0, 0)
[318029.250]  -> wl_surface@6.damage(0, 0, 2147483647, 2147483647)
[318029.367]  -> wl_surface@6.commit()
Swapped buffers
[318296.546] wl_display@1.delete_id(10)
