
[4046368.200]  -> wl_display@1.get_registry(new id wl_registry@2)
[4046369.938]  -> wl_display@1.sync(new id wl_callback@3)
[4046498.139] wl_display@1.delete_id(3)
[4046498.412] wl_registry@2.global(1, "wl_drm", 2)
[4046498.550] wl_registry@2.global(2, "qt_windowmanager", 1)
[4046498.646]  -> wl_registry@2.bind(2, "qt_windowmanager", 1, new id [unknown]@4)
[4046499.377] wl_registry@2.global(3, "wl_compositor", 4)
[4046499.935]  -> wl_registry@2.bind(3, "wl_compositor", 3, new id [unknown]@5)
[4046501.841] wl_registry@2.global(4, "wl_subcompositor", 1)
[4046502.036]  -> wl_registry@2.bind(4, "wl_subcompositor", 1, new id [unknown]@6)
[4046510.038] wl_registry@2.global(5, "wl_seat", 6)
[4046518.920]  -> wl_registry@2.bind(5, "wl_seat", 4, new id [unknown]@7)
[4046519.265] wl_registry@2.global(6, "wl_output", 3)
[4046519.536]  -> wl_registry@2.bind(6, "wl_output", 2, new id [unknown]@8)
[4046519.865]  -> wl_display@1.sync(new id wl_callback@9)
[4046521.450] wl_registry@2.global(7, "wl_data_device_manager", 3)
[4046524.999]  -> wl_registry@2.bind(7, "wl_data_device_manager", 1, new id [unknown]@10)
[4046525.517]  -> wl_data_device_manager@10.get_data_device(new id wl_data_device@11, wl_seat@7)
[4046525.670] wl_registry@2.global(8, "wl_shell", 1)
[4046526.748] wl_registry@2.global(9, "zxdg_shell_v6", 1)
[4046526.882] wl_registry@2.global(10, "xdg_wm_base", 1)
[4046530.658] wl_registry@2.global(11, "wl_shm", 1)
[4046530.750]  -> wl_registry@2.bind(11, "wl_shm", 1, new id [unknown]@12)
[4046530.802] wl_callback@3.done(21)
[4046581.402] wl_display@1.delete_id(9)
[4046581.618] wl_seat@7.capabilities(7)
[4046581.818]  -> wl_seat@7.get_keyboard(new id wl_keyboard@3)
[4046581.923]  -> wl_seat@7.get_pointer(new id wl_pointer@13)
[4046582.047]  -> wl_compositor@5.create_surface(new id wl_surface@14)
[4046582.177]  -> wl_seat@7.get_touch(new id wl_touch@15)
[4046582.989] wl_seat@7.name("seat0")
[4046583.968] wl_output@8.geometry(0, 0, 68, 136, 0, "Fake manufacturer", "Fake model", 0)
[4046585.573] wl_output@8.mode(3, 720, 1440, 553)
[4046585.796] wl_output@8.scale(1)
[4046586.068] wl_output@8.done()
[4046586.647] wl_callback@9.done(23)
[4046589.276] wl_shm@12.format(0)
[4046589.414] wl_shm@12.format(1)
[4046590.418]  -> wl_shm@12.create_pool(new id wl_shm_pool@9, fd 5, 4096)
[4046596.866]  -> wl_shm_pool@9.resize(12288)
[4046604.857]  -> wl_shm_pool@9.resize(28672)
[4046609.460]  -> wl_shm_pool@9.resize(61440)
[4046618.063]  -> wl_shm_pool@9.resize(126976)
[4046619.721]  -> wl_shm_pool@9.resize(258048)
[4046628.520]  -> wl_shm_pool@9.resize(520192)
[4046654.444]  -> wl_shm_pool@9.resize(1044480)
Using Wayland-EGL
[4046764.723]  -> wl_display@1.get_registry(new id wl_registry@16)
[4046764.875]  -> wl_display@1.sync(new id wl_callback@17)
[4046794.247] wl_display@1.delete_id(17)
[4046794.359] wl_registry@16.global(1, "wl_drm", 2)
[4046794.495]  -> wl_registry@16.bind(1, "wl_drm", 2, new id [unknown]@18)
[4046794.589] wl_registry@16.global(2, "qt_windowmanager", 1)
[4046794.651] wl_registry@16.global(3, "wl_compositor", 4)
[4046794.713] wl_registry@16.global(4, "wl_subcompositor", 1)
[4046794.787] wl_registry@16.global(5, "wl_seat", 6)
[4046794.858] wl_registry@16.global(6, "wl_output", 3)
[4046794.921] wl_registry@16.global(7, "wl_data_device_manager", 3)
[4046794.987] wl_registry@16.global(8, "wl_shell", 1)
[4046795.053] wl_registry@16.global(9, "zxdg_shell_v6", 1)
[4046795.118] wl_registry@16.global(10, "xdg_wm_base", 1)
[4046795.179] wl_registry@16.global(11, "wl_shm", 1)
[4046795.232] wl_callback@17.done(24)
[4046795.266]  -> wl_display@1.sync(new id wl_callback@17)
[4046795.955] wl_display@1.delete_id(17)
[4046796.038] wl_drm@18.device("/dev/dri/card1")
[4046796.445]  -> wl_drm@18.authenticate(4)
[4046796.511] wl_drm@18.format(875713089)
[4046796.556] wl_drm@18.format(875713112)
[4046796.595] wl_drm@18.format(909199186)
[4046796.633] wl_drm@18.format(961959257)
[4046796.668] wl_drm@18.format(825316697)
[4046796.702] wl_drm@18.format(842093913)
[4046796.740] wl_drm@18.format(909202777)
[4046796.764] wl_drm@18.format(875713881)
[4046796.801] wl_drm@18.format(842094158)
[4046796.841] wl_drm@18.format(909203022)
[4046796.878] wl_drm@18.format(1448695129)
[4046796.917] wl_drm@18.capabilities(1)
[4046796.956] wl_callback@17.done(24)
[4046797.003]  -> wl_display@1.sync(new id wl_callback@17)
[4046797.576] wl_display@1.delete_id(17)
[4046797.660] wl_drm@18.authenticated()
[4046797.678] wl_callback@17.done(24)
int main(int, char**) Running on non-MIR desktop, not requiring authentication by default
Trying to load QML from: "/usr/share/click/preinstalled/com.ubuntu.filemanager/0.7.5/lib/aarch64-linux-gnu/bin/qml/filemanager.qml"
Trying to load QML from: "/usr/share/click/preinstalled/com.ubuntu.filemanager/0.7.5/qml/filemanager.qml"
using main qml file from: "/usr/share/click/preinstalled/com.ubuntu.filemanager/0.7.5/qml/filemanager.qml"
bool PamAuthentication::requireAuthentication() Querying if authentication required
bool PamAuthentication::requireAuthentication() Return value false
inotify_add_watch("/media/phablet") failed: "No such file or directory"
void PlacesModel::initNewUserMountsWatcher() Start watching mtab file for new mounts, using: ("/etc/mtab") and ()
void PlacesModel::rescanMtab() rescanning mtab "/etc/mtab"
void PlacesModel::rescanMtab() Considering fsName: "sysfs" dir: "/sys" type: "sysfs"
void PlacesModel::rescanMtab() Considering fsName: "proc" dir: "/proc" type: "proc"
void PlacesModel::rescanMtab() Considering fsName: "udev" dir: "/dev" type: "devtmpfs"
void PlacesModel::rescanMtab() Considering fsName: "devpts" dir: "/dev/pts" type: "devpts"
void PlacesModel::rescanMtab() Considering fsName: "tmpfs" dir: "/run" type: "tmpfs"
void PlacesModel::rescanMtab() Considering fsName: "/dev/mmcblk2p10" dir: "/userdata" type: "ext4"
void PlacesModel::rescanMtab() Considering fsName: "/dev/mmcblk2p9" dir: "/" type: "ext4"
void PlacesModel::rescanMtab() Considering fsName: "none" dir: "/android" type: "tmpfs"
bool PlacesModel::isMtabEntryUserMount(const QMtabEntry&) const Ignoring mounts with filesystem name 'none'
void PlacesModel::rescanMtab() Considering fsName: "/dev/mmcblk2p10" dir: "/android/data" type: "ext4"
void PlacesModel::rescanMtab() Considering fsName: "tmpfs" dir: "/run" type: "tmpfs"
void PlacesModel::rescanMtab() Considering fsName: "tmpfs" dir: "/etc/fstab" type: "tmpfs"
void PlacesModel::rescanMtab() Considering fsName: "/dev/disk/by-partlabel/cache" dir: "/android/cache" type: "ext4"
void PlacesModel::rescanMtab() Considering fsName: "/dev/disk/by-partlabel/boot_a" dir: "/android/boot" type: "ext4"
void PlacesModel::rescanMtab() Considering fsName: "/dev/disk/by-partlabel/persist" dir: "/android/persist" type: "ext4"
void PlacesModel::rescanMtab() Considering fsName: "/dev/disk/by-partlabel/boot_a" dir: "/lib/modules" type: "ext4"
void PlacesModel::rescanMtab() Considering fsName: "/dev/mmcblk2p10" dir: "/var/lib/ureadahead" type: "ext4"
void PlacesModel::rescanMtab() Considering fsName: "none" dir: "/sys/fs/cgroup" type: "tmpfs"
bool PlacesModel::isMtabEntryUserMount(const QMtabEntry&) const Ignoring mounts with filesystem name 'none'
void PlacesModel::rescanMtab() Considering fsName: "none" dir: "/sys/kernel/debug" type: "debugfs"
bool PlacesModel::isMtabEntryUserMount(const QMtabEntry&) const Ignoring mounts with filesystem name 'none'
void PlacesModel::rescanMtab() Considering fsName: "none" dir: "/sys/kernel/security" type: "securityfs"
bool PlacesModel::isMtabEntryUserMount(const QMtabEntry&) const Ignoring mounts with filesystem name 'none'
void PlacesModel::rescanMtab() Considering fsName: "tmpfs" dir: "/tmp" type: "tmpfs"
void PlacesModel::rescanMtab() Considering fsName: "none" dir: "/run/lock" type: "tmpfs"
bool PlacesModel::isMtabEntryUserMount(const QMtabEntry&) const Ignoring mounts with filesystem name 'none'
void PlacesModel::rescanMtab() Considering fsName: "none" dir: "/run/shm" type: "tmpfs"
bool PlacesModel::isMtabEntryUserMount(const QMtabEntry&) const Ignoring mounts with filesystem name 'none'
void PlacesModel::rescanMtab() Considering fsName: "none" dir: "/run/user" type: "tmpfs"
bool PlacesModel::isMtabEntryUserMount(const QMtabEntry&) const Ignoring mounts with filesystem name 'none'
void PlacesModel::rescanMtab() Considering fsName: "none" dir: "/sys/fs/pstore" type: "pstore"
bool PlacesModel::isMtabEntryUserMount(const QMtabEntry&) const Ignoring mounts with filesystem name 'none'
void PlacesModel::rescanMtab() Considering fsName: "cgroup" dir: "/sys/fs/cgroup/cpuset" type: "cgroup"
void PlacesModel::rescanMtab() Considering fsName: "/dev/mmcblk2p10" dir: "/etc/NetworkManager/system-connections" type: "ext4"
void PlacesModel::rescanMtab() Considering fsName: "cgmfs" dir: "/run/cgmanager/fs" type: "tmpfs"
void PlacesModel::rescanMtab() Considering fsName: "cgroup" dir: "/sys/fs/cgroup/cpu" type: "cgroup"
void PlacesModel::rescanMtab() Considering fsName: "/dev/mmcblk2p10" dir: "/home" type: "ext4"
void PlacesModel::rescanMtab() Considering fsName: "tmpfs" dir: "/media" type: "tmpfs"
void PlacesModel::rescanMtab() Considering fsName: "cgroup" dir: "/sys/fs/cgroup/cpuacct" type: "cgroup"
void PlacesModel::rescanMtab() Considering fsName: "/dev/mmcblk2p10" dir: "/opt/click.ubuntu.com" type: "ext4"
void PlacesModel::rescanMtab() Considering fsName: "cgroup" dir: "/sys/fs/cgroup/blkio" type: "cgroup"
void PlacesModel::rescanMtab() Considering fsName: "/dev/mmcblk2p10" dir: "/var/lib/AccountsService/users" type: "ext4"
void PlacesModel::rescanMtab() Considering fsName: "cgroup" dir: "/sys/fs/cgroup/memory" type: "cgroup"
void PlacesModel::rescanMtab() Considering fsName: "/dev/mmcblk2p10" dir: "/var/lib/aethercast" type: "ext4"
void PlacesModel::rescanMtab() Considering fsName: "/dev/mmcblk2p10" dir: "/var/lib/dbus" type: "ext4"
void PlacesModel::rescanMtab() Considering fsName: "cgroup" dir: "/sys/fs/cgroup/devices" type: "cgroup"
void PlacesModel::rescanMtab() Considering fsName: "/dev/mmcblk2p10" dir: "/var/lib/extrausers" type: "ext4"
void PlacesModel::rescanMtab() Considering fsName: "/dev/mmcblk2p10" dir: "/var/lib/logrotate" type: "ext4"
void PlacesModel::rescanMtab() Considering fsName: "cgroup" dir: "/sys/fs/cgroup/freezer" type: "cgroup"
void PlacesModel::rescanMtab() Considering fsName: "/dev/mmcblk2p10" dir: "/var/lib/NetworkManager" type: "ext4"
void PlacesModel::rescanMtab() Considering fsName: "/dev/mmcblk2p10" dir: "/var/lib/ofono" type: "ext4"
void PlacesModel::rescanMtab() Considering fsName: "cgroup" dir: "/sys/fs/cgroup/perf_event" type: "cgroup"
void PlacesModel::rescanMtab() Considering fsName: "tmpfs" dir: "/var/lib/openvpn/chroot/tmp" type: "tmpfs"
void PlacesModel::rescanMtab() Considering fsName: "cgroup" dir: "/sys/fs/cgroup/hugetlb" type: "cgroup"
void PlacesModel::rescanMtab() Considering fsName: "/dev/mmcblk2p10" dir: "/var/lib/PackageKit" type: "ext4"
void PlacesModel::rescanMtab() Considering fsName: "/dev/mmcblk2p10" dir: "/var/lib/bluetooth" type: "ext4"
void PlacesModel::rescanMtab() Considering fsName: "/dev/mmcblk2p10" dir: "/var/lib/lightdm" type: "ext4"
void PlacesModel::rescanMtab() Considering fsName: "cgroup" dir: "/sys/fs/cgroup/pids" type: "cgroup"
void PlacesModel::rescanMtab() Considering fsName: "name=systemd" dir: "/sys/fs/cgroup/systemd" type: "cgroup"
void PlacesModel::rescanMtab() Considering fsName: "/dev/mmcblk2p10" dir: "/var/lib/lightdm-data" type: "ext4"
void PlacesModel::rescanMtab() Considering fsName: "tmpfs" dir: "/var/lib/sudo" type: "tmpfs"
void PlacesModel::rescanMtab() Considering fsName: "/dev/mmcblk2p10" dir: "/var/lib/system-image" type: "ext4"
void PlacesModel::rescanMtab() Considering fsName: "/dev/mmcblk2p10" dir: "/var/lib/systemd" type: "ext4"
void PlacesModel::rescanMtab() Considering fsName: "/dev/mmcblk2p10" dir: "/var/lib/upower" type: "ext4"
void PlacesModel::rescanMtab() Considering fsName: "/dev/mmcblk2p10" dir: "/var/lib/usermetrics" type: "ext4"
void PlacesModel::rescanMtab() Considering fsName: "/dev/mmcblk2p10" dir: "/var/lib/ubuntu-location-service" type: "ext4"
void PlacesModel::rescanMtab() Considering fsName: "/dev/mmcblk2p10" dir: "/var/log" type: "ext4"
void PlacesModel::rescanMtab() Considering fsName: "/dev/mmcblk2p10" dir: "/etc/default/ufw" type: "ext4"
void PlacesModel::rescanMtab() Considering fsName: "/dev/mmcblk2p10" dir: "/etc/ufw" type: "ext4"
void PlacesModel::rescanMtab() Considering fsName: "/dev/mmcblk2p10" dir: "/etc/apparmor.d/cache" type: "ext4"
void PlacesModel::rescanMtab() Considering fsName: "/dev/mmcblk2p10" dir: "/var/cache/apparmor" type: "ext4"
void PlacesModel::rescanMtab() Considering fsName: "/dev/mmcblk2p10" dir: "/var/lib/apparmor" type: "ext4"
void PlacesModel::rescanMtab() Considering fsName: "/dev/mmcblk2p10" dir: "/etc/ssh" type: "ext4"
void PlacesModel::rescanMtab() Considering fsName: "/dev/mmcblk2p10" dir: "/etc/init/ssh.override" type: "ext4"
void PlacesModel::rescanMtab() Considering fsName: "/dev/mmcblk2p10" dir: "/etc/writable" type: "ext4"
void PlacesModel::rescanMtab() Considering fsName: "/dev/mmcblk2p10" dir: "/var/lib/urfkill" type: "ext4"
void PlacesModel::rescanMtab() Considering fsName: "/dev/mmcblk2p10" dir: "/var/lib/misc" type: "ext4"
void PlacesModel::rescanMtab() Considering fsName: "/dev/mmcblk2p10" dir: "/etc/network/if-up.d" type: "ext4"
void PlacesModel::rescanMtab() Considering fsName: "tmpfs" dir: "/run/user/32011" type: "tmpfs"
Location:  "/home/phablet"
Location:  "/home/phablet/Documents"
Location:  "/home/phablet/Downloads"
Location:  "/home/phablet/Music"
Location:  "/home/phablet/Pictures"
Location:  "/home/phablet/Videos"
Location:  "smb://"
Location:  "/"
file:///usr/share/click/preinstalled/com.ubuntu.filemanager/0.7.5/qml/components/SidebarPageLayout.qml:26:5: QML ResizeableSidebar: Binding loop detected for property "width"
void DirModel::setPath(const QString&, const QString&, const QString&, bool) DirModel_QML_82(0x362ee040) Ignoring path change request, QML is not ready yet
file:///usr/share/click/preinstalled/com.ubuntu.filemanager/0.7.5/qml/ui/FolderListPageSelectionHeader.qml:24:37: QML FolderDelegateActions: Binding loop detected for property "fileOperationDialog"
file:///usr/share/click/preinstalled/com.ubuntu.filemanager/0.7.5/qml/ui/FolderListPageSelectionHeader.qml:24:37: QML FolderDelegateActions: Binding loop detected for property "openDefault"
qml: [SidebarPageLayout] Sidebar loaded
file:///usr/share/click/preinstalled/com.ubuntu.filemanager/0.7.5/qml/views/FolderDelegateActions.qml:147:22: Unable to assign [undefined] to bool
file:///usr/share/click/preinstalled/com.ubuntu.filemanager/0.7.5/qml/views/FolderDelegateActions.qml:152: ReferenceError: model is not defined
file:///usr/share/click/preinstalled/com.ubuntu.filemanager/0.7.5/qml/views/FolderDelegateActions.qml:210: ReferenceError: model is not defined
[4049436.500]  -> wl_compositor@5.create_surface(new id wl_surface@17)
[4049437.181]  -> wl_registry@2.bind(9, "zxdg_shell_v6", 1, new id [unknown]@19)
Using the 'xdg-shell-v6' shell integration
[4049437.402]  -> zxdg_shell_v6@19.get_xdg_surface(new id zxdg_surface_v6@20, wl_surface@17)
[4049437.469]  -> zxdg_surface_v6@20.get_toplevel(new id zxdg_toplevel_v6@21)
[4049437.603]  -> zxdg_toplevel_v6@21.set_title("com.ubuntu.filemanager")
[4049437.717]  -> zxdg_toplevel_v6@21.set_app_id("filemanager.ubuntu.com.filemanager")
[4049437.757]  -> wl_surface@17.set_buffer_scale(1)
[4049437.882]  -> wl_surface@17.set_buffer_transform(0)
[4049437.921]  -> wl_surface@17.commit()
[4049437.951] wl_keyboard@3.keymap(1, fd 5, 45093)
[4049450.854] wl_keyboard@3.repeat_info(30, 200)
file:///usr/share/click/preinstalled/com.ubuntu.filemanager/0.7.5/qml/components/EmptyState.qml:40:5: QML Item: Binding loop detected for property "width"
[4049498.903] zxdg_toplevel_v6@21.configure(0, 0, array)
[4049499.080] zxdg_surface_v6@20.configure(25)
[4049499.164]  -> zxdg_surface_v6@20.ack_configure(25)
[4049499.208] wl_surface@17.enter(wl_output@8)
[4049499.293] wl_keyboard@3.enter(26, wl_surface@17, array)
[4049499.376]  -> wl_display@1.sync(new id wl_callback@22)
[4049499.442] zxdg_toplevel_v6@21.configure(0, 0, array)
[4049499.482] zxdg_surface_v6@20.configure(27)
[4049499.505]  -> zxdg_surface_v6@20.ack_configure(27)
[4049499.527] zxdg_toplevel_v6@21.configure(720, 1398, array)
[4049499.565] zxdg_surface_v6@20.configure(28)
[4049499.630]  -> zxdg_surface_v6@20.ack_configure(28)
[4049526.045]  -> wl_compositor@5.create_surface(new id wl_surface@23)
[4049526.895]  -> wl_surface@23.destroy()
[4050226.585]  -> wl_surface@17.frame(new id wl_callback@24)
[4050226.792]  -> wl_drm@18.create_prime_buffer(new id wl_buffer@25, fd 25, 720, 1398, 875713112, 0, 2880, 0, 0, 0, 0)
[4050226.976]  -> wl_surface@17.attach(wl_buffer@25, 0, 0)
[4050227.051]  -> wl_surface@17.damage(0, 0, 2147483647, 2147483647)
[4050227.570]  -> wl_surface@17.commit()
[4050302.018] wl_display@1.delete_id(22)
[4050302.154] wl_display@1.delete_id(23)
[4050302.212] wl_display@1.delete_id(24)
[4050302.248] wl_callback@24.done(0)
[4050302.346]  -> wl_surface@17.frame(new id wl_callback@24)
[4050302.492]  -> wl_drm@18.create_prime_buffer(new id wl_buffer@23, fd 27, 720, 1398, 875713112, 0, 2880, 0, 0, 0, 0)
[4050302.861]  -> wl_surface@17.attach(wl_buffer@23, 0, 0)
[4050302.949]  -> wl_surface@17.damage(0, 0, 2147483647, 2147483647)
[4050304.136]  -> wl_surface@17.commit()
[4050333.315] wl_display@1.delete_id(24)
[4050333.442] wl_buffer@25.release()
[4050333.472] wl_callback@24.done(0)
[4050333.520]  -> wl_surface@17.frame(new id wl_callback@24)
[4050333.653]  -> wl_drm@18.create_prime_buffer(new id wl_buffer@26, fd 27, 720, 1398, 875713112, 0, 2880, 0, 0, 0, 0)
[4050333.888]  -> wl_surface@17.attach(wl_buffer@26, 0, 0)
[4050333.939]  -> wl_surface@17.damage(0, 0, 2147483647, 2147483647)
[4050337.063]  -> wl_surface@17.commit()
[4050344.438] wl_keyboard@3.keymap(1, fd 25, 45093)
[4050359.213] wl_callback@22.done(28)
[4050359.564] wl_display@1.delete_id(24)
[4050365.033] wl_buffer@23.release()
[4050365.174] wl_callback@24.done(0)
[4050365.310]  -> wl_buffer@25.destroy()
[4050369.950]  -> wl_surface@17.frame(new id wl_callback@24)
[4050370.445]  -> wl_surface@17.attach(wl_buffer@23, 0, 0)
[4050370.512]  -> wl_surface@17.damage(0, 0, 2147483647, 2147483647)
[4050373.087]  -> wl_surface@17.commit()
[4050375.131]  -> zxdg_toplevel_v6@21.set_title("com.ubuntu.filemanager")
[4050386.442] wl_display@1.delete_id(25)
[4050386.610] wl_display@1.delete_id(24)
[PERFORMANCE]: Last frame took 50 ms to render.
[4050427.110] wl_buffer@26.release()
[4050427.203] wl_callback@24.done(0)
[4050427.250]  -> wl_surface@17.frame(new id wl_callback@24)
[4050427.360]  -> wl_drm@18.create_prime_buffer(new id wl_buffer@25, fd 26, 720, 1398, 875713112, 0, 2880, 0, 0, 0, 0)
[4050427.551]  -> wl_surface@17.attach(wl_buffer@25, 0, 0)
[4050427.605]  -> wl_surface@17.damage(0, 0, 2147483647, 2147483647)
[4050428.667]  -> wl_surface@17.commit()
[4050436.848] wl_buffer@23.release()
[4050437.077] wl_display@1.delete_id(24)
[4050437.138] wl_callback@24.done(0)
[4050437.253]  -> wl_surface@17.frame(new id wl_callback@24)
[4050437.320]  -> wl_surface@17.attach(wl_buffer@26, 0, 0)
[4050437.381]  -> wl_surface@17.damage(0, 0, 2147483647, 2147483647)
[4050441.642]  -> wl_surface@17.commit()
[4050456.041] wl_buffer@25.release()
[4050456.375] wl_display@1.delete_id(24)
[4050456.456] wl_callback@24.done(0)
[4050456.496]  -> wl_surface@17.frame(new id wl_callback@24)
[4050456.535]  -> wl_surface@17.attach(wl_buffer@23, 0, 0)
[4050456.576]  -> wl_surface@17.damage(0, 0, 2147483647, 2147483647)
[4050458.238]  -> wl_surface@17.commit()
[4050475.817] wl_display@1.delete_id(24)
[4050479.430] wl_buffer@26.release()
[4050479.588] wl_callback@24.done(0)
[4050479.645]  -> wl_surface@17.frame(new id wl_callback@24)
[4050479.701]  -> wl_surface@17.attach(wl_buffer@25, 0, 0)
[4050479.788]  -> wl_surface@17.damage(0, 0, 2147483647, 2147483647)
[4050480.848]  -> wl_surface@17.commit()
[4050497.527] wl_buffer@23.release()
[4050498.514] wl_display@1.delete_id(24)
[4050498.669] wl_callback@24.done(0)
[4050498.720]  -> wl_surface@17.frame(new id wl_callback@24)
[4050498.765]  -> wl_surface@17.attach(wl_buffer@26, 0, 0)
[4050498.811]  -> wl_surface@17.damage(0, 0, 2147483647, 2147483647)
[4050499.927]  -> wl_surface@17.commit()
[4050511.091] wl_buffer@25.release()
[4050511.683] wl_display@1.delete_id(24)
[4050511.774] wl_callback@24.done(0)
[4050511.834]  -> wl_surface@17.frame(new id wl_callback@24)
[4050511.893]  -> wl_surface@17.attach(wl_buffer@23, 0, 0)
[4050511.964]  -> wl_surface@17.damage(0, 0, 2147483647, 2147483647)
[4050513.085]  -> wl_surface@17.commit()
[4050560.166] wl_display@1.delete_id(24)
[4050566.076] wl_buffer@26.release()
[4050566.206] wl_callback@24.done(0)
[4050566.259]  -> wl_buffer@25.destroy()
[4050571.033]  -> wl_surface@17.frame(new id wl_callback@24)
[4050574.943]  -> wl_surface@17.attach(wl_buffer@26, 0, 0)
[4050575.027]  -> wl_surface@17.damage(0, 0, 2147483647, 2147483647)
[4050576.132]  -> wl_surface@17.commit()
[4050597.057] wl_display@1.delete_id(25)
[4050597.180] wl_display@1.delete_id(24)
[4050597.262] wl_buffer@23.release()
[4050597.296] wl_callback@24.done(0)
[4050597.347]  -> wl_surface@17.frame(new id wl_callback@24)
[4050597.485]  -> wl_drm@18.create_prime_buffer(new id wl_buffer@25, fd 26, 720, 1398, 875713112, 0, 2880, 0, 0, 0, 0)
[4050597.696]  -> wl_surface@17.attach(wl_buffer@25, 0, 0)
[4050597.762]  -> wl_surface@17.damage(0, 0, 2147483647, 2147483647)
[4050598.787]  -> wl_surface@17.commit()
[4050615.659] wl_buffer@26.release()
[4050617.642] wl_display@1.delete_id(24)
[4050620.857] wl_callback@24.done(0)
[4050622.264]  -> wl_surface@17.frame(new id wl_callback@24)
[4050623.494]  -> wl_surface@17.attach(wl_buffer@23, 0, 0)
[4050623.592]  -> wl_surface@17.damage(0, 0, 2147483647, 2147483647)
[4050624.732]  -> wl_surface@17.commit()
[4050639.199] wl_display@1.delete_id(24)
[4050642.845] wl_buffer@25.release()
[4050642.990] wl_callback@24.done(0)
[4050643.040]  -> wl_surface@17.frame(new id wl_callback@24)
[4050643.074]  -> wl_surface@17.attach(wl_buffer@26, 0, 0)
[4050643.124]  -> wl_surface@17.damage(0, 0, 2147483647, 2147483647)
[4050644.299]  -> wl_surface@17.commit()
[4050661.052] wl_buffer@23.release()
[4050661.419] wl_display@1.delete_id(24)
[4050661.518] wl_callback@24.done(0)
[4050661.591]  -> wl_surface@17.frame(new id wl_callback@24)
[4050661.669]  -> wl_surface@17.attach(wl_buffer@25, 0, 0)
[4050661.767]  -> wl_surface@17.damage(0, 0, 2147483647, 2147483647)
[4050663.725]  -> wl_surface@17.commit()
[4050672.430] wl_display@1.delete_id(24)
[4050673.015] wl_buffer@26.release()
[4050673.103] wl_callback@24.done(0)
[4050673.159]  -> wl_buffer@23.destroy()
[4050677.091]  -> wl_surface@17.frame(new id wl_callback@24)
[4050680.244]  -> wl_surface@17.attach(wl_buffer@26, 0, 0)
[4050680.344]  -> wl_surface@17.damage(0, 0, 2147483647, 2147483647)
[4050681.720]  -> wl_surface@17.commit()
[4050704.109] wl_display@1.delete_id(23)
[4050704.231] wl_display@1.delete_id(24)
[4050704.280] wl_buffer@25.release()
[4050704.307] wl_callback@24.done(0)
[4050704.359]  -> wl_surface@17.frame(new id wl_callback@24)
[4050704.501]  -> wl_drm@18.create_prime_buffer(new id wl_buffer@23, fd 26, 720, 1398, 875713112, 0, 2880, 0, 0, 0, 0)
[4050704.703]  -> wl_surface@17.attach(wl_buffer@23, 0, 0)
[4050704.750]  -> wl_surface@17.damage(0, 0, 2147483647, 2147483647)
[4050705.931]  -> wl_surface@17.commit()
[4050726.540] wl_buffer@26.release()
[4050727.011] wl_display@1.delete_id(24)
[4050727.110] wl_callback@24.done(0)
[4050727.165]  -> wl_surface@17.frame(new id wl_callback@24)
[4050727.206]  -> wl_surface@17.attach(wl_buffer@25, 0, 0)
[4050727.269]  -> wl_surface@17.damage(0, 0, 2147483647, 2147483647)
[4050728.507]  -> wl_surface@17.commit()
[4050747.878] wl_buffer@23.release()
[4050748.111]  -> wl_buffer@23.destroy()
[4050749.584] wl_display@1.delete_id(24)
[4050758.172] wl_callback@24.done(0)
[4050758.320]  -> wl_surface@17.frame(new id wl_callback@24)
[4050758.374]  -> wl_surface@17.attach(wl_buffer@26, 0, 0)
[4050758.437]  -> wl_surface@17.damage(0, 0, 2147483647, 2147483647)
[4050759.852]  -> wl_surface@17.commit()
[4050778.625] wl_display@1.delete_id(23)
[4050778.758] wl_display@1.delete_id(24)
[4052928.007] wl_buffer@25.release()
[4052928.159] wl_callback@24.done(0)
[4052936.669]  -> wl_surface@17.frame(new id wl_callback@24)
[4052936.826]  -> wl_surface@17.attach(wl_buffer@25, 0, 0)
[4052936.926]  -> wl_surface@17.damage(0, 0, 2147483647, 2147483647)
[4052938.516]  -> wl_surface@17.commit()
[4052961.668] wl_display@1.delete_id(24)
[4052961.787] wl_buffer@26.release()
[4052961.823] wl_callback@24.done(0)
[4052961.873]  -> wl_surface@17.frame(new id wl_callback@24)
[4052962.002]  -> wl_drm@18.create_prime_buffer(new id wl_buffer@23, fd 26, 720, 1398, 875713112, 0, 2880, 0, 0, 0, 0)
[4052962.257]  -> wl_surface@17.attach(wl_buffer@23, 0, 0)
[4052962.327]  -> wl_surface@17.damage(0, 0, 2147483647, 2147483647)
[4052966.415]  -> wl_surface@17.commit()
[4052976.789] wl_buffer@25.release()
[4052977.055] wl_display@1.delete_id(24)
[4052977.261] wl_callback@24.done(0)
[4052977.375]  -> wl_surface@17.frame(new id wl_callback@24)
[4052977.497]  -> wl_surface@17.attach(wl_buffer@26, 0, 0)
[4052977.660]  -> wl_surface@17.damage(0, 0, 2147483647, 2147483647)
[4052979.264]  -> wl_surface@17.commit()
[4052993.791] wl_display@1.delete_id(24)
[4052993.982] wl_buffer@23.release()
[4052994.040] wl_callback@24.done(0)
[4052994.103]  -> wl_surface@17.frame(new id wl_callback@24)
[4052994.168]  -> wl_surface@17.attach(wl_buffer@25, 0, 0)
[4052994.216]  -> wl_surface@17.damage(0, 0, 2147483647, 2147483647)
[4052996.128]  -> wl_surface@17.commit()
[4053011.748] wl_display@1.delete_id(24)
[4053011.904] wl_buffer@26.release()
[4053011.941] wl_callback@24.done(0)
[4053011.976]  -> wl_surface@17.frame(new id wl_callback@24)
[4053012.013]  -> wl_surface@17.attach(wl_buffer@23, 0, 0)
[4053012.055]  -> wl_surface@17.damage(0, 0, 2147483647, 2147483647)
[4053013.918]  -> wl_surface@17.commit()
[4053029.061] wl_buffer@25.release()
[4053029.806] wl_display@1.delete_id(24)
[4053029.910] wl_callback@24.done(0)
[4053029.964]  -> wl_surface@17.frame(new id wl_callback@24)
[4053030.017]  -> wl_surface@17.attach(wl_buffer@26, 0, 0)
[4053030.083]  -> wl_surface@17.damage(0, 0, 2147483647, 2147483647)
[4053031.293]  -> wl_surface@17.commit()
[4053044.547] wl_buffer@23.release()
[4053045.280] wl_display@1.delete_id(24)
[4053045.420] wl_callback@24.done(0)
[4053045.480]  -> wl_surface@17.frame(new id wl_callback@24)
[4053045.546]  -> wl_surface@17.attach(wl_buffer@25, 0, 0)
[4053045.640]  -> wl_surface@17.damage(0, 0, 2147483647, 2147483647)
[4053052.336]  -> wl_surface@17.commit()
[4053090.596] wl_buffer@26.release()
[4053091.143] wl_display@1.delete_id(24)
[4053091.319] wl_callback@24.done(0)
[4053091.421]  -> wl_surface@17.frame(new id wl_callback@24)
[4053091.530]  -> wl_surface@17.attach(wl_buffer@23, 0, 0)
[4053091.744]  -> wl_surface@17.damage(0, 0, 2147483647, 2147483647)
[4053093.620]  -> wl_surface@17.commit()
[4053117.857] wl_display@1.delete_id(24)
[4053118.044] wl_buffer@25.release()
[4053118.084] wl_callback@24.done(0)
[4053118.121]  -> wl_surface@17.frame(new id wl_callback@24)
[4053118.198]  -> wl_surface@17.attach(wl_buffer@26, 0, 0)
[4053118.275]  -> wl_surface@17.damage(0, 0, 2147483647, 2147483647)
[4053120.001]  -> wl_surface@17.commit()
[4053138.570] wl_display@1.delete_id(24)
[4053138.711] wl_buffer@23.release()
[4053138.783] wl_callback@24.done(0)
[4053138.850]  -> wl_surface@17.frame(new id wl_callback@24)
[4053138.919]  -> wl_surface@17.attach(wl_buffer@25, 0, 0)
[4053142.053]  -> wl_surface@17.damage(0, 0, 2147483647, 2147483647)
[4053143.657]  -> wl_surface@17.commit()
[4053156.149] wl_buffer@26.release()
[4053156.727] wl_display@1.delete_id(24)
[4053157.280] wl_callback@24.done(0)
[4053157.390]  -> wl_surface@17.frame(new id wl_callback@24)
[4053157.483]  -> wl_surface@17.attach(wl_buffer@23, 0, 0)
[4053157.588]  -> wl_surface@17.damage(0, 0, 2147483647, 2147483647)
[4053158.814]  -> wl_surface@17.commit()
[4053174.910] wl_buffer@25.release()
[4053175.733] wl_display@1.delete_id(24)
[4053175.837] wl_callback@24.done(0)
[4053175.886]  -> wl_surface@17.frame(new id wl_callback@24)
[4053175.923]  -> wl_surface@17.attach(wl_buffer@26, 0, 0)
[4053175.964]  -> wl_surface@17.damage(0, 0, 2147483647, 2147483647)
[4053177.178]  -> wl_surface@17.commit()
[4053207.624] wl_buffer@23.release()
[4053208.755] wl_display@1.delete_id(24)
[4053208.882] wl_callback@24.done(0)
[4053208.953]  -> wl_surface@17.frame(new id wl_callback@24)
[4053209.019]  -> wl_surface@17.attach(wl_buffer@25, 0, 0)
[4053209.111]  -> wl_surface@17.damage(0, 0, 2147483647, 2147483647)
[4053210.521]  -> wl_surface@17.commit()
[4053232.131] wl_buffer@26.release()
[4053233.349] wl_display@1.delete_id(24)
[4053233.462] wl_callback@24.done(0)
[4053233.524]  -> wl_surface@17.frame(new id wl_callback@24)
[4053233.584]  -> wl_surface@17.attach(wl_buffer@23, 0, 0)
[4053233.669]  -> wl_surface@17.damage(0, 0, 2147483647, 2147483647)
[4053234.882]  -> wl_surface@17.commit()
[4053266.209] wl_buffer@25.release()
[4053267.091] wl_display@1.delete_id(24)
[4053267.224] wl_callback@24.done(0)
[4053267.290]  -> wl_surface@17.frame(new id wl_callback@24)
[4053267.360]  -> wl_surface@17.attach(wl_buffer@26, 0, 0)
[4053267.442]  -> wl_surface@17.damage(0, 0, 2147483647, 2147483647)
[4053268.763]  -> wl_surface@17.commit()
[4053280.772] wl_buffer@23.release()
[4053286.779] wl_display@1.delete_id(24)
[4053286.893] wl_callback@24.done(0)
[4053286.972]  -> wl_surface@17.frame(new id wl_callback@24)
[4053287.082]  -> wl_surface@17.attach(wl_buffer@25, 0, 0)
[4053287.233]  -> wl_surface@17.damage(0, 0, 2147483647, 2147483647)
[4053288.786]  -> wl_surface@17.commit()
[4053318.086] wl_buffer@26.release()
[4053318.804] wl_display@1.delete_id(24)
[4053318.959] wl_callback@24.done(0)
[4053319.060]  -> wl_surface@17.frame(new id wl_callback@24)
[4053319.133]  -> wl_surface@17.attach(wl_buffer@23, 0, 0)
[4053319.234]  -> wl_surface@17.damage(0, 0, 2147483647, 2147483647)
[4053320.813]  -> wl_surface@17.commit()
[4053343.540] wl_buffer@25.release()
[4053344.097] wl_display@1.delete_id(24)
[4053344.198] wl_callback@24.done(0)
[4053344.274]  -> wl_surface@17.frame(new id wl_callback@24)
[4053344.341]  -> wl_surface@17.attach(wl_buffer@26, 0, 0)
[4053344.417]  -> wl_surface@17.damage(0, 0, 2147483647, 2147483647)
[4053349.484]  -> wl_surface@17.commit()
[4053371.898] wl_buffer@23.release()
[4053372.456] wl_display@1.delete_id(24)
[4053372.626] wl_callback@24.done(0)
[4053372.728]  -> wl_surface@17.frame(new id wl_callback@24)
[4053372.843]  -> wl_surface@17.attach(wl_buffer@25, 0, 0)
[4053373.162]  -> wl_surface@17.damage(0, 0, 2147483647, 2147483647)
[4053374.744]  -> wl_surface@17.commit()
[4053394.770] wl_buffer@26.release()
[4053396.044] wl_display@1.delete_id(24)
[4053396.173] wl_callback@24.done(0)
[4053396.234]  -> wl_surface@17.frame(new id wl_callback@24)
[4053396.297]  -> wl_surface@17.attach(wl_buffer@23, 0, 0)
[4053396.377]  -> wl_surface@17.damage(0, 0, 2147483647, 2147483647)
[4053398.092]  -> wl_surface@17.commit()
[4053424.011] wl_buffer@25.release()
[4053424.607] wl_display@1.delete_id(24)
[4053424.706] wl_callback@24.done(0)
[4053424.775]  -> wl_surface@17.frame(new id wl_callback@24)
[4053424.846]  -> wl_surface@17.attach(wl_buffer@26, 0, 0)
[4053424.938]  -> wl_surface@17.damage(0, 0, 2147483647, 2147483647)
[4053426.416]  -> wl_surface@17.commit()
[4053448.014] wl_buffer@23.release()
[4053449.101] wl_display@1.delete_id(24)
[4053449.259] wl_callback@24.done(0)
[4053449.332]  -> wl_surface@17.frame(new id wl_callback@24)
[4053449.401]  -> wl_surface@17.attach(wl_buffer@25, 0, 0)
[4053449.484]  -> wl_surface@17.damage(0, 0, 2147483647, 2147483647)
[4053450.748]  -> wl_surface@17.commit()
[4053507.413] wl_buffer@26.release()
[4053507.930] wl_display@1.delete_id(24)
[4053508.007] wl_callback@24.done(0)
[4053508.056]  -> wl_surface@17.frame(new id wl_callback@24)
[4053508.440]  -> wl_surface@17.attach(wl_buffer@23, 0, 0)
[4053508.761]  -> wl_surface@17.damage(0, 0, 2147483647, 2147483647)
[4053514.306]  -> wl_surface@17.commit()
[4053534.870] wl_buffer@25.release()
[4053535.415] wl_display@1.delete_id(24)
[4053535.500] wl_callback@24.done(0)
[4053535.536]  -> wl_surface@17.frame(new id wl_callback@24)
[4053535.604]  -> wl_surface@17.attach(wl_buffer@26, 0, 0)
[4053535.684]  -> wl_surface@17.damage(0, 0, 2147483647, 2147483647)
[4053537.181]  -> wl_surface@17.commit()
[4053549.581] wl_display@1.delete_id(24)
[4053549.712] wl_buffer@23.release()
[4053549.741] wl_callback@24.done(0)
[4053549.793]  -> wl_surface@17.frame(new id wl_callback@24)
[4053549.839]  -> wl_surface@17.attach(wl_buffer@25, 0, 0)
[4053549.889]  -> wl_surface@17.damage(0, 0, 2147483647, 2147483647)
[4053550.982]  -> wl_surface@17.commit()
[4053559.763] wl_buffer@26.release()
[4053564.860] wl_display@1.delete_id(24)
[4053564.968] wl_callback@24.done(0)
[4053565.035]  -> wl_surface@17.frame(new id wl_callback@24)
[4053565.105]  -> wl_surface@17.attach(wl_buffer@23, 0, 0)
[4053565.182]  -> wl_surface@17.damage(0, 0, 2147483647, 2147483647)
[4053566.547]  -> wl_surface@17.commit()
[4053588.381] wl_buffer@25.release()
[4053589.009] wl_display@1.delete_id(24)
[4053589.133] wl_callback@24.done(0)
[4053589.269]  -> wl_surface@17.frame(new id wl_callback@24)
[4053589.345]  -> wl_surface@17.attach(wl_buffer@26, 0, 0)
[4053589.507]  -> wl_surface@17.damage(0, 0, 2147483647, 2147483647)
[4053591.001]  -> wl_surface@17.commit()
[4053621.279] wl_buffer@23.release()
[4053622.651] wl_display@1.delete_id(24)
[4053622.758] wl_callback@24.done(0)
[4053622.827]  -> wl_surface@17.frame(new id wl_callback@24)
[4053622.899]  -> wl_surface@17.attach(wl_buffer@25, 0, 0)
[4053622.986]  -> wl_surface@17.damage(0, 0, 2147483647, 2147483647)
[4053624.592]  -> wl_surface@17.commit()
[4053642.321] wl_buffer@26.release()
[4053642.921] wl_display@1.delete_id(24)
[4053643.024] wl_callback@24.done(0)
[4053643.068]  -> wl_surface@17.frame(new id wl_callback@24)
[4053643.137]  -> wl_surface@17.attach(wl_buffer@23, 0, 0)
[4053643.201]  -> wl_surface@17.damage(0, 0, 2147483647, 2147483647)
[4053644.587]  -> wl_surface@17.commit()
[4053664.819] wl_buffer@25.release()
[4053671.031] wl_display@1.delete_id(24)
[4053671.155] wl_callback@24.done(0)
[4053671.257]  -> wl_surface@17.frame(new id wl_callback@24)
[4053671.376]  -> wl_surface@17.attach(wl_buffer@26, 0, 0)
[4053671.542]  -> wl_surface@17.damage(0, 0, 2147483647, 2147483647)
[4053673.609]  -> wl_surface@17.commit()
[4053700.516] wl_display@1.delete_id(24)
