recvmsg(3, 0xfffff36df2f0, MSG_DONTWAIT|MSG_CMSG_CLOEXEC) = -1 EAGAIN (Resource temporarily unavailable)
sendmsg(3, {msg_name(0)=NULL, msg_iov(1)=[{"\1\0\0\0\1\0\f\0\2\0\0\0\1\0\0\0\0\0\f\0\3\0\0\0", 24}], msg_controllen=0, msg_flags=0}, MSG_DONTWAIT|MSG_NOSIGNAL) = 24
recvmsg(3, {msg_name(0)=NULL, msg_iov(1)=[{"\2\0\0\0\0\0\34\0\1\0\0\0\7\0\0\0wl_drm\0\0\2\0\0\0\2\0\0\0\0\0(\0\2\0\0\0\21\0\0\0qt_windowmanager\0\0\0\0\1\0\0\0\2\0\0\0\0\0$\0\3\0\0\0\16\0\0\0wl_compositor\0\0\0\4\0\0\0\2\0\0\0\0\0(\0\4\0\0\0\21\0\0\0wl_subcompositor\0\0\0\0\1\0\0\0\2\0\0\0\0\0\34\0\5\0\0\0\10\0\0\0wl_seat\0\6\0\0\0\2\0\0\0\0\0 \0\6\0\0\0\n\0\0\0wl_output\0\0\0\3\0\0\0\2\0\0\0\0\0,\0\7\0\0\0\27\0\0\0wl_data_device_manager\0\0\3\0\0\0\2\0\0\0\0\0 \0\10\0\0\0\t\0\0\0wl_shell\0\0\0\0\1\0\0\0\2\0\0\0\0\0$\0\t\0\0\0\16\0\0\0zxdg_shell_v6\0\0\0\1\0\0\0\2\0\0\0\0\0 \0\n\0\0\0\f\0\0\0xdg_wm_base\0\1\0\0\0\2\0\0\0\0\0\34\0\v\0\0\0\7\0\0\0wl_shm\0\0\1\0\0\0\3\0\0\0\0\0\f\0?\0\0\0\1\0\0\0\1\0\f\0\3\0\0\0", 4096}], msg_controllen=0, msg_flags=MSG_CMSG_CLOEXEC}, MSG_DONTWAIT|MSG_CMSG_CLOEXEC) = 400
sendmsg(3, {msg_name(0)=NULL, msg_iov(1)=[{"\2\0\0\0\0\0,\0\2\0\0\0\21\0\0\0qt_windowmanager\0\0\0\0\1\0\0\0\4\0\0\0\2\0\0\0\0\0(\0\3\0\0\0\16\0\0\0wl_compositor\0\0\0\3\0\0\0\5\0\0\0\2\0\0\0\0\0,\0\4\0\0\0\21\0\0\0wl_subcompositor\0\0\0\0\1\0\0\0\6\0\0\0\2\0\0\0\0\0 \0\5\0\0\0\10\0\0\0wl_seat\0\4\0\0\0\7\0\0\0\2\0\0\0\0\0$\0\6\0\0\0\n\0\0\0wl_output\0\0\0\2\0\0\0\10\0\0\0\1\0\0\0\0\0\f\0\t\0\0\0\2\0\0\0\0\0000\0\7\0\0\0\27\0\0\0wl_data_device_manager\0\0\1\0\0\0\n\0\0\0\n\0\0\0\1\0\20\0\v\0\0\0\7\0\0\0\2\0\0\0\0\0 \0\v\0\0\0\7\0\0\0wl_shm\0\0\1\0\0\0\f\0\0\0", 304}], msg_controllen=0, msg_flags=0}, MSG_DONTWAIT|MSG_NOSIGNAL) = 304
recvmsg(3, {msg_name(0)=NULL, msg_iov(2)=[{"\7\0\0\0\0\0\f\0\7\0\0\0\7\0\0\0\1\0\24\0\6\0\0\0seat0\0\0\0\10\0\0\0\0\0H\0\0\0\0\0\0\0\0\0D\0\0\0\210\0\0\0\0\0\0\0\22\0\0\0Fake manufacturer\0\0\0\v\0\0\0Fake model\0\0\0\0\0\0\10\0\0\0\1\0\30\0\3\0\0\0\320\2\0\0\240\5\0\0)\2\0\0\10\0\0\0\3\0\f\0\1\0\0\0\10\0\0\0\2\0\10\0\t\0\0\0\0\0\f\0?\0\0\0\1\0\0\0\1\0\f\0\t\0\0\0\f\0\0\0\0\0\f\0\0\0\0\0\f\0\0\0\0\0\f\0\1\0\0\0", 3696}, {"", 400}], msg_controllen=0, msg_flags=MSG_CMSG_CLOEXEC}, MSG_DONTWAIT|MSG_CMSG_CLOEXEC) = 196
sendmsg(3, {msg_name(0)=NULL, msg_iov(1)=[{"\7\0\0\0\1\0\f\0\3\0\0\0\7\0\0\0\0\0\f\0\r\0\0\0\5\0\0\0\0\0\f\0\16\0\0\0\7\0\0\0\2\0\f\0\17\0\0\0\f\0\0\0\0\0\20\0\t\0\0\0\0\20\0\0\t\0\0\0\2\0\f\0\0000\0\0\t\0\0\0\2\0\f\0\0p\0\0\t\0\0\0\2\0\f\0\0\360\0\0\t\0\0\0\2\0\f\0\0\360\1\0\t\0\0\0\2\0\f\0\0\360\3\0\t\0\0\0\2\0\f\0\0\360\7\0\t\0\0\0\2\0\f\0\0\360\17\0\1\0\0\0\1\0\f\0\20\0\0\0\1\0\0\0\0\0\f\0\21\0\0\0", 172}], msg_controllen=20, [{cmsg_len=20, cmsg_level=SOL_SOCKET, cmsg_type=SCM_RIGHTS, [5]}], msg_flags=0}, MSG_DONTWAIT|MSG_NOSIGNAL) = 172
recvmsg(3, {msg_name(0)=NULL, msg_iov(2)=[{"\3\0\0\0\0\0\20\0\1\0\0\0%\260\0\0\3\0\0\0\5\0\20\0\36\0\0\0\310\0\0\0\20\0\0\0\0\0\34\0\1\0\0\0\7\0\0\0wl_drm\0\0\2\0\0\0\20\0\0\0\0\0(\0\2\0\0\0\21\0\0\0qt_windowmanager\0\0\0\0\1\0\0\0\20\0\0\0\0\0$\0\3\0\0\0\16\0\0\0wl_compositor\0\0\0\4\0\0\0\20\0\0\0\0\0(\0\4\0\0\0\21\0\0\0wl_subcompositor\0\0\0\0\1\0\0\0\20\0\0\0\0\0\34\0\5\0\0\0\10\0\0\0wl_seat\0\6\0\0\0\20\0\0\0\0\0 \0\6\0\0\0\n\0\0\0wl_output\0\0\0\3\0\0\0\20\0\0\0\0\0,\0\7\0\0\0\27\0\0\0wl_data_device_manager\0\0\3\0\0\0\20\0\0\0\0\0 \0\10\0\0\0\t\0\0\0wl_shell\0\0\0\0\1\0\0\0\20\0\0\0\0\0$\0\t\0\0\0\16\0\0\0zxdg_shell_v6\0\0\0\1\0\0\0\20\0\0\0\0\0 \0\n\0\0\0\f\0\0\0xdg_wm_base\0\1\0\0\0\20\0\0\0\0\0\34\0\v\0\0\0\7\0\0\0wl_shm\0\0\1\0\0\0\21\0\0\0\0\0\f\0?\0\0\0\1\0\0\0\1\0\f\0\21\0\0\0", 3500}, {"", 596}], msg_controllen=24, [{cmsg_len=20, cmsg_level=SOL_SOCKET, cmsg_type=SCM_RIGHTS, [5]}], msg_flags=MSG_CMSG_CLOEXEC}, MSG_DONTWAIT|MSG_CMSG_CLOEXEC) = 432
sendmsg(3, {msg_name(0)=NULL, msg_iov(1)=[{"\20\0\0\0\0\0 \0\1\0\0\0\7\0\0\0wl_drm\0\0\2\0\0\0\22\0\0\0\1\0\0\0\0\0\f\0\21\0\0\0", 44}], msg_controllen=0, msg_flags=0}, MSG_DONTWAIT|MSG_NOSIGNAL) = 44
recvmsg(3, {msg_name(0)=NULL, msg_iov(2)=[{"\22\0\0\0\0\0\34\0\17\0\0\0/dev/dri/card1\0\0\22\0\0\0\1\0\f\0AR24\22\0\0\0\1\0\f\0XR24\22\0\0\0\1\0\f\0RG16\22\0\0\0\1\0\f\0YUV9\22\0\0\0\1\0\f\0YU11\22\0\0\0\1\0\f\0YU12\22\0\0\0\1\0\f\0YU16\22\0\0\0\1\0\f\0YU24\22\0\0\0\1\0\f\0NV12\22\0\0\0\1\0\f\0NV16\22\0\0\0\1\0\f\0YUYV\22\0\0\0\3\0\f\0\1\0\0\0\21\0\0\0\0\0\f\0?\0\0\0\1\0\0\0\1\0\f\0\21\0\0\0", 3068}, {"", 1028}], msg_controllen=0, msg_flags=MSG_CMSG_CLOEXEC}, MSG_DONTWAIT|MSG_CMSG_CLOEXEC) = 196
sendmsg(3, {msg_name(0)=NULL, msg_iov(1)=[{"\22\0\0\0\0\0\f\0\4\0\0\0\1\0\0\0\0\0\f\0\21\0\0\0", 24}], msg_controllen=0, msg_flags=0}, MSG_DONTWAIT|MSG_NOSIGNAL) = 24
recvmsg(3, {msg_name(0)=NULL, msg_iov(2)=[{"\22\0\0\0\2\0\10\0\21\0\0\0\0\0\f\0?\0\0\0\1\0\0\0\1\0\f\0\21\0\0\0", 2872}, {"", 1224}], msg_controllen=0, msg_flags=MSG_CMSG_CLOEXEC}, MSG_DONTWAIT|MSG_CMSG_CLOEXEC) = 32
sendmsg(3, {msg_name(0)=NULL, msg_iov(1)=[{"\5\0\0\0\0\0\f\0\21\0\0\0\2\0\0\0\0\0(\0\t\0\0\0\16\0\0\0zxdg_shell_v6\0\0\0\1\0\0\0\23\0\0\0\23\0\0\0\2\0\20\0\24\0\0\0\21\0\0\0\24\0\0\0\1\0\f\0\25\0\0\0\25\0\0\0\2\0$\0\27\0\0\0com.ubuntu.filemanager\0\0\25\0\0\0\3\0000\0#\0\0\0filemanager.ubuntu.com.filemanager\0\0\21\0\0\0\10\0\f\0\1\0\0\0\21\0\0\0\7\0\f\0\0\0\0\0\21\0\0\0\6\0\10\0", 196}], msg_controllen=0, msg_flags=0}, MSG_DONTWAIT|MSG_NOSIGNAL) = 196
recvmsg(3, {msg_name(0)=NULL, msg_iov(2)=[{"\25\0\0\0\0\0\24\0\0\0\0\0\0\0\0\0\0\0\0\0\24\0\0\0\0\0\f\0@\0\0\0\21\0\0\0\0\0\f\0\10\0\0\0\3\0\0\0\1\0\24\0A\0\0\0\21\0\0\0\0\0\0\0\25\0\0\0\0\0\30\0\0\0\0\0\0\0\0\0\4\0\0\0\4\0\0\0\24\0\0\0\0\0\f\0B\0\0\0", 2840}, {"", 1256}], msg_controllen=0, msg_flags=MSG_CMSG_CLOEXEC}, MSG_DONTWAIT|MSG_CMSG_CLOEXEC) = 100
sendmsg(3, {msg_name(0)=NULL, msg_iov(1)=[{"\24\0\0\0\4\0\f\0@\0\0\0\1\0\0\0\0\0\f\0\26\0\0\0\24\0\0\0\4\0\f\0B\0\0\0", 36}], msg_controllen=0, msg_flags=0}, MSG_DONTWAIT|MSG_NOSIGNAL) = 36
recvmsg(3, {msg_name(0)=NULL, msg_iov(2)=[{"\26\0\0\0\0\0\f\0B\0\0\0\1\0\0\0\1\0\f\0\26\0\0\0\25\0\0\0\0\0\30\0\320\2\0\0v\5\0\0\4\0\0\0\4\0\0\0\24\0\0\0\0\0\f\0C\0\0\0", 2740}, {"", 1356}], msg_controllen=0, msg_flags=MSG_CMSG_CLOEXEC}, MSG_DONTWAIT|MSG_CMSG_CLOEXEC) = 60
sendmsg(3, {msg_name(0)=NULL, msg_iov(1)=[{"\24\0\0\0\4\0\f\0C\0\0\0", 12}], msg_controllen=0, msg_flags=0}, MSG_DONTWAIT|MSG_NOSIGNAL) = 12
recvmsg(3, {msg_name(0)=NULL, msg_iov(2)=[{"\1\0\0\0\1\0\f\0\30\0\0\0\26\0\0\0\0\0\10\0\27\0\0\0\0\0\f\0\0\0\0\0\1\0\0\0\1\0\f\0\27\0\0\0", 2596}, {"", 1500}], msg_controllen=0, msg_flags=MSG_CMSG_CLOEXEC}, MSG_DONTWAIT|MSG_CMSG_CLOEXEC) = 44
recvmsg(3, {msg_name(0)=NULL, msg_iov(2)=[{"\31\0\0\0\0\0\10\0\27\0\0\0\0\0\f\0\0\0\0\0\1\0\0\0\1\0\f\0\27\0\0\0", 2552}, {"", 1544}], msg_controllen=0, msg_flags=MSG_CMSG_CLOEXEC}, MSG_DONTWAIT|MSG_CMSG_CLOEXEC) = 32
recvmsg(3, 0xfffff36df550, MSG_DONTWAIT|MSG_CMSG_CLOEXEC) = -1 EAGAIN (Resource temporarily unavailable)
recvmsg(3, 0xfffff36df550, MSG_DONTWAIT|MSG_CMSG_CLOEXEC) = -1 EAGAIN (Resource temporarily unavailable)
recvmsg(3, 0xfffff36df550, MSG_DONTWAIT|MSG_CMSG_CLOEXEC) = -1 EAGAIN (Resource temporarily unavailable)
recvmsg(3, 0xfffff36df550, MSG_DONTWAIT|MSG_CMSG_CLOEXEC) = -1 EAGAIN (Resource temporarily unavailable)
recvmsg(3, 0xfffff36df550, MSG_DONTWAIT|MSG_CMSG_CLOEXEC) = -1 EAGAIN (Resource temporarily unavailable)
recvmsg(3, 0xfffff36df550, MSG_DONTWAIT|MSG_CMSG_CLOEXEC) = -1 EAGAIN (Resource temporarily unavailable)
recvmsg(3, 0xfffff36df550, MSG_DONTWAIT|MSG_CMSG_CLOEXEC) = -1 EAGAIN (Resource temporarily unavailable)
recvmsg(3, {msg_name(0)=NULL, msg_iov(2)=[{"\26\0\0\0\0\0\10\0\27\0\0\0\0\0\f\0\0\0\0\0\1\0\0\0\1\0\f\0\27\0\0\0", 2520}, {"", 1576}], msg_controllen=0, msg_flags=MSG_CMSG_CLOEXEC}, MSG_DONTWAIT|MSG_CMSG_CLOEXEC) = 32
recvmsg(3, 0xfffff36df550, MSG_DONTWAIT|MSG_CMSG_CLOEXEC) = -1 EAGAIN (Resource temporarily unavailable)
recvmsg(3, 0xfffff36df550, MSG_DONTWAIT|MSG_CMSG_CLOEXEC) = -1 EAGAIN (Resource temporarily unavailable)
recvmsg(3, 0xfffff36df550, MSG_DONTWAIT|MSG_CMSG_CLOEXEC) = -1 EAGAIN (Resource temporarily unavailable)
recvmsg(3, {msg_name(0)=NULL, msg_iov(2)=[{"\30\0\0\0\0\0\10\0\27\0\0\0\0\0\f\0\0\0\0\0\1\0\0\0\1\0\f\0\27\0\0\0", 2456}, {"", 1640}], msg_controllen=0, msg_flags=MSG_CMSG_CLOEXEC}, MSG_DONTWAIT|MSG_CMSG_CLOEXEC) = 32
recvmsg(3, 0xfffff36df550, MSG_DONTWAIT|MSG_CMSG_CLOEXEC) = -1 EAGAIN (Resource temporarily unavailable)
recvmsg(3, 0xfffff36df550, MSG_DONTWAIT|MSG_CMSG_CLOEXEC) = -1 EAGAIN (Resource temporarily unavailable)
recvmsg(3, 0xfffff36df550, MSG_DONTWAIT|MSG_CMSG_CLOEXEC) = -1 EAGAIN (Resource temporarily unavailable)
recvmsg(3, 0xfffff36df550, MSG_DONTWAIT|MSG_CMSG_CLOEXEC) = -1 EAGAIN (Resource temporarily unavailable)
recvmsg(3, 0xfffff36df550, MSG_DONTWAIT|MSG_CMSG_CLOEXEC) = -1 EAGAIN (Resource temporarily unavailable)
recvmsg(3, {msg_name(0)=NULL, msg_iov(2)=[{"\1\0\0\0\1\0\f\0\30\0\0\0\26\0\0\0\0\0\10\0\27\0\0\0\0\0\f\0\0\0\0\0\1\0\0\0\1\0\f\0\27\0\0\0", 2424}, {"", 1672}], msg_controllen=0, msg_flags=MSG_CMSG_CLOEXEC}, MSG_DONTWAIT|MSG_CMSG_CLOEXEC) = 44
recvmsg(3, 0xfffff36df550, MSG_DONTWAIT|MSG_CMSG_CLOEXEC) = -1 EAGAIN (Resource temporarily unavailable)
recvmsg(3, 0xfffff36df550, MSG_DONTWAIT|MSG_CMSG_CLOEXEC) = -1 EAGAIN (Resource temporarily unavailable)
recvmsg(3, 0xfffff36df550, MSG_DONTWAIT|MSG_CMSG_CLOEXEC) = -1 EAGAIN (Resource temporarily unavailable)
recvmsg(3, {msg_name(0)=NULL, msg_iov(2)=[{"\30\0\0\0\0\0\10\0\27\0\0\0\0\0\f\0\0\0\0\0\1\0\0\0\1\0\f\0\27\0\0\0", 2348}, {"", 1748}], msg_controllen=0, msg_flags=MSG_CMSG_CLOEXEC}, MSG_DONTWAIT|MSG_CMSG_CLOEXEC) = 32
recvmsg(3, 0xfffff36df550, MSG_DONTWAIT|MSG_CMSG_CLOEXEC) = -1 EAGAIN (Resource temporarily unavailable)
recvmsg(3, {msg_name(0)=NULL, msg_iov(2)=[{"\31\0\0\0\0\0\10\0\27\0\0\0\0\0\f\0\0\0\0\0\1\0\0\0\1\0\f\0\27\0\0\0", 2284}, {"", 1812}], msg_controllen=0, msg_flags=MSG_CMSG_CLOEXEC}, MSG_DONTWAIT|MSG_CMSG_CLOEXEC) = 32
recvmsg(3, 0xfffff36df550, MSG_DONTWAIT|MSG_CMSG_CLOEXEC) = -1 EAGAIN (Resource temporarily unavailable)
recvmsg(3, 0xfffff36df550, MSG_DONTWAIT|MSG_CMSG_CLOEXEC) = -1 EAGAIN (Resource temporarily unavailable)
recvmsg(3, 0xfffff36df550, MSG_DONTWAIT|MSG_CMSG_CLOEXEC) = -1 EAGAIN (Resource temporarily unavailable)
recvmsg(3, 0xfffff36df550, MSG_DONTWAIT|MSG_CMSG_CLOEXEC) = -1 EAGAIN (Resource temporarily unavailable)
recvmsg(3, 0xfffff36df550, MSG_DONTWAIT|MSG_CMSG_CLOEXEC) = -1 EAGAIN (Resource temporarily unavailable)
recvmsg(3, 0xfffff36df550, MSG_DONTWAIT|MSG_CMSG_CLOEXEC) = -1 EAGAIN (Resource temporarily unavailable)
sendmsg(3, {msg_name(0)=NULL, msg_iov(1)=[{"\21\0\0\0\3\0\f\0\27\0\0\0\22\0\0\0\3\0000\0\26\0\0\0\320\2\0\0v\5\0\0XR24\0\0\0\0@\v\0\0\0\0\0\0\0\0\0\0\0\0\0\0\0\0\0\0\21\0\0\0\1\0\24\0\26\0\0\0\0\0\0\0\0\0\0\0\21\0\0\0\2\0\30\0\0\0\0\0\0\0\0\0\377\377\377\177\377\377\377\177", 104}], msg_controllen=20, [{cmsg_len=20, cmsg_level=SOL_SOCKET, cmsg_type=SCM_RIGHTS, [26]}], msg_flags=0}, MSG_DONTWAIT|MSG_NOSIGNAL) = 104
recvmsg(3, 0xfffff36df550, MSG_DONTWAIT|MSG_CMSG_CLOEXEC) = -1 EAGAIN (Resource temporarily unavailable)
recvmsg(3, {msg_name(0)=NULL, msg_iov(2)=[{"\31\0\0\0\0\0\10\0\27\0\0\0\0\0\f\0\0\0\0\0\1\0\0\0\1\0\f\0\27\0\0\0", 2208}, {"", 1888}], msg_controllen=0, msg_flags=MSG_CMSG_CLOEXEC}, MSG_DONTWAIT|MSG_CMSG_CLOEXEC) = 32
recvmsg(3, 0xfffff36df550, MSG_DONTWAIT|MSG_CMSG_CLOEXEC) = -1 EAGAIN (Resource temporarily unavailable)
recvmsg(3, {msg_name(0)=NULL, msg_iov(2)=[{"\1\0\0\0\1\0\f\0\30\0\0\0\26\0\0\0\0\0\10\0\27\0\0\0\0\0\f\0\0\0\0\0\1\0\0\0\1\0\f\0\27\0\0\0", 2176}, {"", 1920}], msg_controllen=0, msg_flags=MSG_CMSG_CLOEXEC}, MSG_DONTWAIT|MSG_CMSG_CLOEXEC) = 44
recvmsg(3, 0xfffff36df550, MSG_DONTWAIT|MSG_CMSG_CLOEXEC) = -1 EAGAIN (Resource temporarily unavailable)
recvmsg(3, 0xfffff36df550, MSG_DONTWAIT|MSG_CMSG_CLOEXEC) = -1 EAGAIN (Resource temporarily unavailable)
recvmsg(3, 0xfffff36df550, MSG_DONTWAIT|MSG_CMSG_CLOEXEC) = -1 EAGAIN (Resource temporarily unavailable)
recvmsg(3, 0xfffff36df550, MSG_DONTWAIT|MSG_CMSG_CLOEXEC) = -1 EAGAIN (Resource temporarily unavailable)
recvmsg(3, 0xfffff36df550, MSG_DONTWAIT|MSG_CMSG_CLOEXEC) = -1 EAGAIN (Resource temporarily unavailable)
recvmsg(3, 0xfffff36df550, MSG_DONTWAIT|MSG_CMSG_CLOEXEC) = -1 EAGAIN (Resource temporarily unavailable)
recvmsg(3, 0xfffff36df550, MSG_DONTWAIT|MSG_CMSG_CLOEXEC) = -1 EAGAIN (Resource temporarily unavailable)
recvmsg(3, {msg_name(0)=NULL, msg_iov(2)=[{"\31\0\0\0\0\0\10\0\27\0\0\0\0\0\f\0\0\0\0\0\1\0\0\0\1\0\f\0\27\0\0\0", 2132}, {"", 1964}], msg_controllen=0, msg_flags=MSG_CMSG_CLOEXEC}, MSG_DONTWAIT|MSG_CMSG_CLOEXEC) = 32
recvmsg(3, 0xfffff36df550, MSG_DONTWAIT|MSG_CMSG_CLOEXEC) = -1 EAGAIN (Resource temporarily unavailable)
recvmsg(3, 0xfffff36df550, MSG_DONTWAIT|MSG_CMSG_CLOEXEC) = -1 EAGAIN (Resource temporarily unavailable)
recvmsg(3, 0xfffff36df550, MSG_DONTWAIT|MSG_CMSG_CLOEXEC) = -1 EAGAIN (Resource temporarily unavailable)
recvmsg(3, 0xfffff36df550, MSG_DONTWAIT|MSG_CMSG_CLOEXEC) = -1 EAGAIN (Resource temporarily unavailable)
recvmsg(3, 0xfffff36df550, MSG_DONTWAIT|MSG_CMSG_CLOEXEC) = -1 EAGAIN (Resource temporarily unavailable)
recvmsg(3, 0xfffff36df550, MSG_DONTWAIT|MSG_CMSG_CLOEXEC) = -1 EAGAIN (Resource temporarily unavailable)
recvmsg(3, 0xfffff36df550, MSG_DONTWAIT|MSG_CMSG_CLOEXEC) = -1 EAGAIN (Resource temporarily unavailable)
recvmsg(3, 0xfffff36df550, MSG_DONTWAIT|MSG_CMSG_CLOEXEC) = -1 EAGAIN (Resource temporarily unavailable)
recvmsg(3, 0xfffff36df550, MSG_DONTWAIT|MSG_CMSG_CLOEXEC) = -1 EAGAIN (Resource temporarily unavailable)
recvmsg(3, 0xfffff36df550, MSG_DONTWAIT|MSG_CMSG_CLOEXEC) = -1 EAGAIN (Resource temporarily unavailable)
sendmsg(3, {msg_name(0)=NULL, msg_iov(1)=[{"\21\0\0\0\3\0\f\0\27\0\0\0\21\0\0\0\1\0\24\0\31\0\0\0\0\0\0\0\0\0\0\0\21\0\0\0\2\0\30\0\0\0\0\0\0\0\0\0\377\377\377\177\377\377\377\177", 56}], msg_controllen=0, msg_flags=0}, MSG_DONTWAIT|MSG_NOSIGNAL) = 56
recvmsg(3, 0xfffff36df550, MSG_DONTWAIT|MSG_CMSG_CLOEXEC) = -1 EAGAIN (Resource temporarily unavailable)
recvmsg(3, 0xfffff36df550, MSG_DONTWAIT|MSG_CMSG_CLOEXEC) = -1 EAGAIN (Resource temporarily unavailable)
recvmsg(3, 0xfffff36df550, MSG_DONTWAIT|MSG_CMSG_CLOEXEC) = -1 EAGAIN (Resource temporarily unavailable)
recvmsg(3, 0xfffff36df550, MSG_DONTWAIT|MSG_CMSG_CLOEXEC) = -1 EAGAIN (Resource temporarily unavailable)
recvmsg(3, 0xfffff36df550, MSG_DONTWAIT|MSG_CMSG_CLOEXEC) = -1 EAGAIN (Resource temporarily unavailable)
recvmsg(3, 0xfffff36df550, MSG_DONTWAIT|MSG_CMSG_CLOEXEC) = -1 EAGAIN (Resource temporarily unavailable)
recvmsg(3, 0xfffff36df550, MSG_DONTWAIT|MSG_CMSG_CLOEXEC) = -1 EAGAIN (Resource temporarily unavailable)
recvmsg(3, {msg_name(0)=NULL, msg_iov(2)=[{"\26\0\0\0\0\0\10\0\27\0\0\0\0\0\f\0\0\0\0\0\1\0\0\0\1\0\f\0\27\0\0\0", 2100}, {"", 1996}], msg_controllen=0, msg_flags=MSG_CMSG_CLOEXEC}, MSG_DONTWAIT|MSG_CMSG_CLOEXEC) = 32
recvmsg(3, 0xfffff36df550, MSG_DONTWAIT|MSG_CMSG_CLOEXEC) = -1 EAGAIN (Resource temporarily unavailable)
recvmsg(3, 0xfffff36df550, MSG_DONTWAIT|MSG_CMSG_CLOEXEC) = -1 EAGAIN (Resource temporarily unavailable)
recvmsg(3, {msg_name(0)=NULL, msg_iov(2)=[{"\31\0\0\0\0\0\10\0\27\0\0\0\0\0\f\0\0\0\0\0\1\0\0\0\1\0\f\0\27\0\0\0", 2068}, {"", 2028}], msg_controllen=0, msg_flags=MSG_CMSG_CLOEXEC}, MSG_DONTWAIT|MSG_CMSG_CLOEXEC) = 32
recvmsg(3, 0xfffff36df550, MSG_DONTWAIT|MSG_CMSG_CLOEXEC) = -1 EAGAIN (Resource temporarily unavailable)
recvmsg(3, 0xfffff36df550, MSG_DONTWAIT|MSG_CMSG_CLOEXEC) = -1 EAGAIN (Resource temporarily unavailable)
recvmsg(3, 0xfffff36df550, MSG_DONTWAIT|MSG_CMSG_CLOEXEC) = -1 EAGAIN (Resource temporarily unavailable)
recvmsg(3, 0xfffff36df550, MSG_DONTWAIT|MSG_CMSG_CLOEXEC) = -1 EAGAIN (Resource temporarily unavailable)
recvmsg(3, 0xfffff36df550, MSG_DONTWAIT|MSG_CMSG_CLOEXEC) = -1 EAGAIN (Resource temporarily unavailable)
recvmsg(3, 0xfffff36df550, MSG_DONTWAIT|MSG_CMSG_CLOEXEC) = -1 EAGAIN (Resource temporarily unavailable)
recvmsg(3, 0xfffff36df550, MSG_DONTWAIT|MSG_CMSG_CLOEXEC) = -1 EAGAIN (Resource temporarily unavailable)
recvmsg(3, 0xfffff36df550, MSG_DONTWAIT|MSG_CMSG_CLOEXEC) = -1 EAGAIN (Resource temporarily unavailable)
recvmsg(3, 0xfffff36df550, MSG_DONTWAIT|MSG_CMSG_CLOEXEC) = -1 EAGAIN (Resource temporarily unavailable)
recvmsg(3, 0xfffff36df550, MSG_DONTWAIT|MSG_CMSG_CLOEXEC) = -1 EAGAIN (Resource temporarily unavailable)
recvmsg(3, 0xfffff36df550, MSG_DONTWAIT|MSG_CMSG_CLOEXEC) = -1 EAGAIN (Resource temporarily unavailable)
recvmsg(3, {msg_name(0)=NULL, msg_iov(2)=[{"\1\0\0\0\1\0\f\0\26\0\0\0\30\0\0\0\0\0\10\0\27\0\0\0\0\0\f\0\0\0\0\0\1\0\0\0\1\0\f\0\27\0\0\0", 2036}, {"", 2060}], msg_controllen=0, msg_flags=MSG_CMSG_CLOEXEC}, MSG_DONTWAIT|MSG_CMSG_CLOEXEC) = 44
recvmsg(3, 0xfffff36df550, MSG_DONTWAIT|MSG_CMSG_CLOEXEC) = -1 EAGAIN (Resource temporarily unavailable)
recvmsg(3, 0xfffff36df550, MSG_DONTWAIT|MSG_CMSG_CLOEXEC) = -1 EAGAIN (Resource temporarily unavailable)
recvmsg(3, 0xfffff36df550, MSG_DONTWAIT|MSG_CMSG_CLOEXEC) = -1 EAGAIN (Resource temporarily unavailable)
recvmsg(3, 0xfffff36df550, MSG_DONTWAIT|MSG_CMSG_CLOEXEC) = -1 EAGAIN (Resource temporarily unavailable)
recvmsg(3, 0xfffff36df550, MSG_DONTWAIT|MSG_CMSG_CLOEXEC) = -1 EAGAIN (Resource temporarily unavailable)
recvmsg(3, 0xfffff36df550, MSG_DONTWAIT|MSG_CMSG_CLOEXEC) = -1 EAGAIN (Resource temporarily unavailable)
recvmsg(3, 0xfffff36df550, MSG_DONTWAIT|MSG_CMSG_CLOEXEC) = -1 EAGAIN (Resource temporarily unavailable)
recvmsg(3, 0xfffff36df550, MSG_DONTWAIT|MSG_CMSG_CLOEXEC) = -1 EAGAIN (Resource temporarily unavailable)
recvmsg(3, 0xfffff36df550, MSG_DONTWAIT|MSG_CMSG_CLOEXEC) = -1 EAGAIN (Resource temporarily unavailable)
recvmsg(3, 0xfffff36df550, MSG_DONTWAIT|MSG_CMSG_CLOEXEC) = -1 EAGAIN (Resource temporarily unavailable)
recvmsg(3, 0xfffff36df550, MSG_DONTWAIT|MSG_CMSG_CLOEXEC) = -1 EAGAIN (Resource temporarily unavailable)
recvmsg(3, 0xfffff36df550, MSG_DONTWAIT|MSG_CMSG_CLOEXEC) = -1 EAGAIN (Resource temporarily unavailable)
recvmsg(3, 0xfffff36df550, MSG_DONTWAIT|MSG_CMSG_CLOEXEC) = -1 EAGAIN (Resource temporarily unavailable)
recvmsg(3, 0xfffff36df550, MSG_DONTWAIT|MSG_CMSG_CLOEXEC) = -1 EAGAIN (Resource temporarily unavailable)
recvmsg(3, 0xfffff36df550, MSG_DONTWAIT|MSG_CMSG_CLOEXEC) = -1 EAGAIN (Resource temporarily unavailable)
recvmsg(3, 0xfffff36df550, MSG_DONTWAIT|MSG_CMSG_CLOEXEC) = -1 EAGAIN (Resource temporarily unavailable)
recvmsg(3, 0xfffff36df550, MSG_DONTWAIT|MSG_CMSG_CLOEXEC) = -1 EAGAIN (Resource temporarily unavailable)
recvmsg(3, 0xfffff36df550, MSG_DONTWAIT|MSG_CMSG_CLOEXEC) = -1 EAGAIN (Resource temporarily unavailable)
recvmsg(3, 0xfffff36df550, MSG_DONTWAIT|MSG_CMSG_CLOEXEC) = -1 EAGAIN (Resource temporarily unavailable)
recvmsg(3, 0xfffff36df550, MSG_DONTWAIT|MSG_CMSG_CLOEXEC) = -1 EAGAIN (Resource temporarily unavailable)
recvmsg(3, 0xfffff36df550, MSG_DONTWAIT|MSG_CMSG_CLOEXEC) = -1 EAGAIN (Resource temporarily unavailable)
recvmsg(3, 0xfffff36df550, MSG_DONTWAIT|MSG_CMSG_CLOEXEC) = -1 EAGAIN (Resource temporarily unavailable)
recvmsg(3, 0xfffff36df550, MSG_DONTWAIT|MSG_CMSG_CLOEXEC) = -1 EAGAIN (Resource temporarily unavailable)
recvmsg(3, 0xfffff36df550, MSG_DONTWAIT|MSG_CMSG_CLOEXEC) = -1 EAGAIN (Resource temporarily unavailable)
recvmsg(3, 0xfffff36df550, MSG_DONTWAIT|MSG_CMSG_CLOEXEC) = -1 EAGAIN (Resource temporarily unavailable)
recvmsg(3, 0xfffff36df550, MSG_DONTWAIT|MSG_CMSG_CLOEXEC) = -1 EAGAIN (Resource temporarily unavailable)
recvmsg(3, 0xfffff36df550, MSG_DONTWAIT|MSG_CMSG_CLOEXEC) = -1 EAGAIN (Resource temporarily unavailable)
recvmsg(3, 0xfffff36df550, MSG_DONTWAIT|MSG_CMSG_CLOEXEC) = -1 EAGAIN (Resource temporarily unavailable)
recvmsg(3, 0xfffff36df550, MSG_DONTWAIT|MSG_CMSG_CLOEXEC) = -1 EAGAIN (Resource temporarily unavailable)
recvmsg(3, 0xfffff36df550, MSG_DONTWAIT|MSG_CMSG_CLOEXEC) = -1 EAGAIN (Resource temporarily unavailable)
recvmsg(3, 0xfffff36df550, MSG_DONTWAIT|MSG_CMSG_CLOEXEC) = -1 EAGAIN (Resource temporarily unavailable)
recvmsg(3, 0xfffff36df550, MSG_DONTWAIT|MSG_CMSG_CLOEXEC) = -1 EAGAIN (Resource temporarily unavailable)
recvmsg(3, 0xfffff36df550, MSG_DONTWAIT|MSG_CMSG_CLOEXEC) = -1 EAGAIN (Resource temporarily unavailable)
recvmsg(3, 0xfffff36df550, MSG_DONTWAIT|MSG_CMSG_CLOEXEC) = -1 EAGAIN (Resource temporarily unavailable)
recvmsg(3, 0xfffff36df550, MSG_DONTWAIT|MSG_CMSG_CLOEXEC) = -1 EAGAIN (Resource temporarily unavailable)
recvmsg(3, 0xfffff36df550, MSG_DONTWAIT|MSG_CMSG_CLOEXEC) = -1 EAGAIN (Resource temporarily unavailable)
recvmsg(3, 0xfffff36df550, MSG_DONTWAIT|MSG_CMSG_CLOEXEC) = -1 EAGAIN (Resource temporarily unavailable)
recvmsg(3, 0xfffff36df550, MSG_DONTWAIT|MSG_CMSG_CLOEXEC) = -1 EAGAIN (Resource temporarily unavailable)
recvmsg(3, 0xfffff36df550, MSG_DONTWAIT|MSG_CMSG_CLOEXEC) = -1 EAGAIN (Resource temporarily unavailable)
recvmsg(3, 0xfffff36df550, MSG_DONTWAIT|MSG_CMSG_CLOEXEC) = -1 EAGAIN (Resource temporarily unavailable)
recvmsg(3, 0xfffff36df550, MSG_DONTWAIT|MSG_CMSG_CLOEXEC) = -1 EAGAIN (Resource temporarily unavailable)
recvmsg(3, 0xfffff36df550, MSG_DONTWAIT|MSG_CMSG_CLOEXEC) = -1 EAGAIN (Resource temporarily unavailable)
recvmsg(3, 0xfffff36df550, MSG_DONTWAIT|MSG_CMSG_CLOEXEC) = -1 EAGAIN (Resource temporarily unavailable)
recvmsg(3, 0xfffff36df550, MSG_DONTWAIT|MSG_CMSG_CLOEXEC) = -1 EAGAIN (Resource temporarily unavailable)
recvmsg(3, 0xfffff36df550, MSG_DONTWAIT|MSG_CMSG_CLOEXEC) = -1 EAGAIN (Resource temporarily unavailable)
recvmsg(3, 0xfffff36df550, MSG_DONTWAIT|MSG_CMSG_CLOEXEC) = -1 EAGAIN (Resource temporarily unavailable)
recvmsg(3, 0xfffff36df550, MSG_DONTWAIT|MSG_CMSG_CLOEXEC) = -1 EAGAIN (Resource temporarily unavailable)
recvmsg(3, 0xfffff36df550, MSG_DONTWAIT|MSG_CMSG_CLOEXEC) = -1 EAGAIN (Resource temporarily unavailable)
recvmsg(3, 0xfffff36df550, MSG_DONTWAIT|MSG_CMSG_CLOEXEC) = -1 EAGAIN (Resource temporarily unavailable)
recvmsg(3, 0xfffff36df550, MSG_DONTWAIT|MSG_CMSG_CLOEXEC) = -1 EAGAIN (Resource temporarily unavailable)
recvmsg(3, 0xfffff36df550, MSG_DONTWAIT|MSG_CMSG_CLOEXEC) = -1 EAGAIN (Resource temporarily unavailable)
recvmsg(3, 0xfffff36df550, MSG_DONTWAIT|MSG_CMSG_CLOEXEC) = -1 EAGAIN (Resource temporarily unavailable)
recvmsg(3, 0xfffff36df550, MSG_DONTWAIT|MSG_CMSG_CLOEXEC) = -1 EAGAIN (Resource temporarily unavailable)
recvmsg(3, 0xfffff36df550, MSG_DONTWAIT|MSG_CMSG_CLOEXEC) = -1 EAGAIN (Resource temporarily unavailable)
recvmsg(3, 0xfffff36df550, MSG_DONTWAIT|MSG_CMSG_CLOEXEC) = -1 EAGAIN (Resource temporarily unavailable)
recvmsg(3, 0xfffff36df550, MSG_DONTWAIT|MSG_CMSG_CLOEXEC) = -1 EAGAIN (Resource temporarily unavailable)
recvmsg(3, 0xfffff36df550, MSG_DONTWAIT|MSG_CMSG_CLOEXEC) = -1 EAGAIN (Resource temporarily unavailable)
recvmsg(3, 0xfffff36df550, MSG_DONTWAIT|MSG_CMSG_CLOEXEC) = -1 EAGAIN (Resource temporarily unavailable)
recvmsg(3, 0xfffff36df550, MSG_DONTWAIT|MSG_CMSG_CLOEXEC) = -1 EAGAIN (Resource temporarily unavailable)
recvmsg(3, 0xfffff36df550, MSG_DONTWAIT|MSG_CMSG_CLOEXEC) = -1 EAGAIN (Resource temporarily unavailable)
recvmsg(3, 0xfffff36df550, MSG_DONTWAIT|MSG_CMSG_CLOEXEC) = -1 EAGAIN (Resource temporarily unavailable)
recvmsg(3, 0xfffff36df550, MSG_DONTWAIT|MSG_CMSG_CLOEXEC) = -1 EAGAIN (Resource temporarily unavailable)
recvmsg(3, 0xfffff36df550, MSG_DONTWAIT|MSG_CMSG_CLOEXEC) = -1 EAGAIN (Resource temporarily unavailable)
recvmsg(3, 0xfffff36df550, MSG_DONTWAIT|MSG_CMSG_CLOEXEC) = -1 EAGAIN (Resource temporarily unavailable)
recvmsg(3, 0xfffff36df550, MSG_DONTWAIT|MSG_CMSG_CLOEXEC) = -1 EAGAIN (Resource temporarily unavailable)
recvmsg(3, 0xfffff36df550, MSG_DONTWAIT|MSG_CMSG_CLOEXEC) = -1 EAGAIN (Resource temporarily unavailable)
recvmsg(3, 0xfffff36df550, MSG_DONTWAIT|MSG_CMSG_CLOEXEC) = -1 EAGAIN (Resource temporarily unavailable)
recvmsg(3, 0xfffff36df550, MSG_DONTWAIT|MSG_CMSG_CLOEXEC) = -1 EAGAIN (Resource temporarily unavailable)
recvmsg(3, 0xfffff36df550, MSG_DONTWAIT|MSG_CMSG_CLOEXEC) = -1 EAGAIN (Resource temporarily unavailable)
recvmsg(3, 0xfffff36df550, MSG_DONTWAIT|MSG_CMSG_CLOEXEC) = -1 EAGAIN (Resource temporarily unavailable)
recvmsg(3, 0xfffff36df550, MSG_DONTWAIT|MSG_CMSG_CLOEXEC) = -1 EAGAIN (Resource temporarily unavailable)
recvmsg(3, 0xfffff36df550, MSG_DONTWAIT|MSG_CMSG_CLOEXEC) = -1 EAGAIN (Resource temporarily unavailable)
recvmsg(3, 0xfffff36df550, MSG_DONTWAIT|MSG_CMSG_CLOEXEC) = -1 EAGAIN (Resource temporarily unavailable)
recvmsg(3, 0xfffff36df550, MSG_DONTWAIT|MSG_CMSG_CLOEXEC) = -1 EAGAIN (Resource temporarily unavailable)
recvmsg(3, 0xfffff36df550, MSG_DONTWAIT|MSG_CMSG_CLOEXEC) = -1 EAGAIN (Resource temporarily unavailable)
recvmsg(3, 0xfffff36df550, MSG_DONTWAIT|MSG_CMSG_CLOEXEC) = -1 EAGAIN (Resource temporarily unavailable)
recvmsg(3, 0xfffff36df550, MSG_DONTWAIT|MSG_CMSG_CLOEXEC) = -1 EAGAIN (Resource temporarily unavailable)
recvmsg(3, 0xfffff36df550, MSG_DONTWAIT|MSG_CMSG_CLOEXEC) = -1 EAGAIN (Resource temporarily unavailable)
recvmsg(3, 0xfffff36df550, MSG_DONTWAIT|MSG_CMSG_CLOEXEC) = -1 EAGAIN (Resource temporarily unavailable)
recvmsg(3, 0xfffff36df550, MSG_DONTWAIT|MSG_CMSG_CLOEXEC) = -1 EAGAIN (Resource temporarily unavailable)
recvmsg(3, 0xfffff36df550, MSG_DONTWAIT|MSG_CMSG_CLOEXEC) = -1 EAGAIN (Resource temporarily unavailable)
recvmsg(3, 0xfffff36df550, MSG_DONTWAIT|MSG_CMSG_CLOEXEC) = -1 EAGAIN (Resource temporarily unavailable)
recvmsg(3, 0xfffff36df550, MSG_DONTWAIT|MSG_CMSG_CLOEXEC) = -1 EAGAIN (Resource temporarily unavailable)
recvmsg(3, 0xfffff36df550, MSG_DONTWAIT|MSG_CMSG_CLOEXEC) = -1 EAGAIN (Resource temporarily unavailable)
recvmsg(3, 0xfffff36df550, MSG_DONTWAIT|MSG_CMSG_CLOEXEC) = -1 EAGAIN (Resource temporarily unavailable)
recvmsg(3, 0xfffff36df550, MSG_DONTWAIT|MSG_CMSG_CLOEXEC) = -1 EAGAIN (Resource temporarily unavailable)
recvmsg(3, 0xfffff36df550, MSG_DONTWAIT|MSG_CMSG_CLOEXEC) = -1 EAGAIN (Resource temporarily unavailable)
recvmsg(3, 0xfffff36df550, MSG_DONTWAIT|MSG_CMSG_CLOEXEC) = -1 EAGAIN (Resource temporarily unavailable)
recvmsg(3, 0xfffff36df550, MSG_DONTWAIT|MSG_CMSG_CLOEXEC) = -1 EAGAIN (Resource temporarily unavailable)
recvmsg(3, 0xfffff36df550, MSG_DONTWAIT|MSG_CMSG_CLOEXEC) = -1 EAGAIN (Resource temporarily unavailable)
recvmsg(3, 0xfffff36df550, MSG_DONTWAIT|MSG_CMSG_CLOEXEC) = -1 EAGAIN (Resource temporarily unavailable)
recvmsg(3, 0xfffff36df550, MSG_DONTWAIT|MSG_CMSG_CLOEXEC) = -1 EAGAIN (Resource temporarily unavailable)
recvmsg(3, 0xfffff36df550, MSG_DONTWAIT|MSG_CMSG_CLOEXEC) = -1 EAGAIN (Resource temporarily unavailable)
recvmsg(3, 0xfffff36df550, MSG_DONTWAIT|MSG_CMSG_CLOEXEC) = -1 EAGAIN (Resource temporarily unavailable)
recvmsg(3, 0xfffff36df550, MSG_DONTWAIT|MSG_CMSG_CLOEXEC) = -1 EAGAIN (Resource temporarily unavailable)
recvmsg(3, 0xfffff36df550, MSG_DONTWAIT|MSG_CMSG_CLOEXEC) = -1 EAGAIN (Resource temporarily unavailable)
recvmsg(3, 0xfffff36df550, MSG_DONTWAIT|MSG_CMSG_CLOEXEC) = -1 EAGAIN (Resource temporarily unavailable)
recvmsg(3, 0xfffff36df550, MSG_DONTWAIT|MSG_CMSG_CLOEXEC) = -1 EAGAIN (Resource temporarily unavailable)
recvmsg(3, 0xfffff36df550, MSG_DONTWAIT|MSG_CMSG_CLOEXEC) = -1 EAGAIN (Resource temporarily unavailable)
recvmsg(3, 0xfffff36df550, MSG_DONTWAIT|MSG_CMSG_CLOEXEC) = -1 EAGAIN (Resource temporarily unavailable)
recvmsg(3, 0xfffff36df550, MSG_DONTWAIT|MSG_CMSG_CLOEXEC) = -1 EAGAIN (Resource temporarily unavailable)
recvmsg(3, 0xfffff36df550, MSG_DONTWAIT|MSG_CMSG_CLOEXEC) = -1 EAGAIN (Resource temporarily unavailable)
recvmsg(3, 0xfffff36df550, MSG_DONTWAIT|MSG_CMSG_CLOEXEC) = -1 EAGAIN (Resource temporarily unavailable)
recvmsg(3, 0xfffff36df550, MSG_DONTWAIT|MSG_CMSG_CLOEXEC) = -1 EAGAIN (Resource temporarily unavailable)
recvmsg(3, 0xfffff36df550, MSG_DONTWAIT|MSG_CMSG_CLOEXEC) = -1 EAGAIN (Resource temporarily unavailable)
recvmsg(3, 0xfffff36df550, MSG_DONTWAIT|MSG_CMSG_CLOEXEC) = -1 EAGAIN (Resource temporarily unavailable)
recvmsg(3, 0xfffff36df550, MSG_DONTWAIT|MSG_CMSG_CLOEXEC) = -1 EAGAIN (Resource temporarily unavailable)
recvmsg(3, 0xfffff36df550, MSG_DONTWAIT|MSG_CMSG_CLOEXEC) = -1 EAGAIN (Resource temporarily unavailable)
recvmsg(3, 0xfffff36df550, MSG_DONTWAIT|MSG_CMSG_CLOEXEC) = -1 EAGAIN (Resource temporarily unavailable)
recvmsg(3, 0xfffff36df550, MSG_DONTWAIT|MSG_CMSG_CLOEXEC) = -1 EAGAIN (Resource temporarily unavailable)
recvmsg(3, 0xfffff36df550, MSG_DONTWAIT|MSG_CMSG_CLOEXEC) = -1 EAGAIN (Resource temporarily unavailable)
recvmsg(3, 0xfffff36df550, MSG_DONTWAIT|MSG_CMSG_CLOEXEC) = -1 EAGAIN (Resource temporarily unavailable)
recvmsg(3, 0xfffff36df550, MSG_DONTWAIT|MSG_CMSG_CLOEXEC) = -1 EAGAIN (Resource temporarily unavailable)
recvmsg(3, {msg_name(0)=NULL, msg_iov(2)=[{"\31\0\0\0\0\0\10\0", 1992}, {"", 2104}], msg_controllen=0, msg_flags=MSG_CMSG_CLOEXEC}, MSG_DONTWAIT|MSG_CMSG_CLOEXEC) = 8
recvmsg(3, {msg_name(0)=NULL, msg_iov(2)=[{"\27\0\0\0\0\0\f\0\0\0\0\0\1\0\0\0\1\0\f\0\27\0\0\0", 1984}, {"", 2112}], msg_controllen=0, msg_flags=MSG_CMSG_CLOEXEC}, MSG_DONTWAIT|MSG_CMSG_CLOEXEC) = 24
recvmsg(3, 0xfffff36df550, MSG_DONTWAIT|MSG_CMSG_CLOEXEC) = -1 EAGAIN (Resource temporarily unavailable)
recvmsg(3, 0xfffff36df550, MSG_DONTWAIT|MSG_CMSG_CLOEXEC) = -1 EAGAIN (Resource temporarily unavailable)
recvmsg(3, 0xfffff36df550, MSG_DONTWAIT|MSG_CMSG_CLOEXEC) = -1 EAGAIN (Resource temporarily unavailable)
recvmsg(3, 0xfffff36df550, MSG_DONTWAIT|MSG_CMSG_CLOEXEC) = -1 EAGAIN (Resource temporarily unavailable)
recvmsg(3, {msg_name(0)=NULL, msg_iov(2)=[{"\26\0\0\0\0\0\10\0", 1928}, {"", 2168}], msg_controllen=0, msg_flags=MSG_CMSG_CLOEXEC}, MSG_DONTWAIT|MSG_CMSG_CLOEXEC) = 8
recvmsg(3, {msg_name(0)=NULL, msg_iov(2)=[{"\27\0\0\0\0\0\f\0\0\0\0\0\1\0\0\0\1\0\f\0\27\0\0\0", 1920}, {"", 2176}], msg_controllen=0, msg_flags=MSG_CMSG_CLOEXEC}, MSG_DONTWAIT|MSG_CMSG_CLOEXEC) = 24
recvmsg(3, 0xfffff36df550, MSG_DONTWAIT|MSG_CMSG_CLOEXEC) = -1 EAGAIN (Resource temporarily unavailable)
recvmsg(3, 0xfffff36df550, MSG_DONTWAIT|MSG_CMSG_CLOEXEC) = -1 EAGAIN (Resource temporarily unavailable)
recvmsg(3, 0xfffff36df550, MSG_DONTWAIT|MSG_CMSG_CLOEXEC) = -1 EAGAIN (Resource temporarily unavailable)
recvmsg(3, {msg_name(0)=NULL, msg_iov(2)=[{"\31\0\0\0\0\0\10\0", 1896}, {"", 2200}], msg_controllen=0, msg_flags=MSG_CMSG_CLOEXEC}, MSG_DONTWAIT|MSG_CMSG_CLOEXEC) = 8
recvmsg(3, {msg_name(0)=NULL, msg_iov(2)=[{"\27\0\0\0\0\0\f\0\0\0\0\0\1\0\0\0\1\0\f\0\27\0\0\0", 1888}, {"", 2208}], msg_controllen=0, msg_flags=MSG_CMSG_CLOEXEC}, MSG_DONTWAIT|MSG_CMSG_CLOEXEC) = 24
recvmsg(3, 0xfffff36df550, MSG_DONTWAIT|MSG_CMSG_CLOEXEC) = -1 EAGAIN (Resource temporarily unavailable)
recvmsg(3, 0xfffff36df550, MSG_DONTWAIT|MSG_CMSG_CLOEXEC) = -1 EAGAIN (Resource temporarily unavailable)
recvmsg(3, 0xfffff36df550, MSG_DONTWAIT|MSG_CMSG_CLOEXEC) = -1 EAGAIN (Resource temporarily unavailable)
recvmsg(3, 0xfffff36df550, MSG_DONTWAIT|MSG_CMSG_CLOEXEC) = -1 EAGAIN (Resource temporarily unavailable)
recvmsg(3, 0xfffff36df550, MSG_DONTWAIT|MSG_CMSG_CLOEXEC) = -1 EAGAIN (Resource temporarily unavailable)
recvmsg(3, {msg_name(0)=NULL, msg_iov(2)=[{"\26\0\0\0\0\0\10\0\27\0\0\0\0\0\f\0\0\0\0\0\1\0\0\0\1\0\f\0\27\0\0\0", 1832}, {"", 2264}], msg_controllen=0, msg_flags=MSG_CMSG_CLOEXEC}, MSG_DONTWAIT|MSG_CMSG_CLOEXEC) = 32
recvmsg(3, 0xfffff36df550, MSG_DONTWAIT|MSG_CMSG_CLOEXEC) = -1 EAGAIN (Resource temporarily unavailable)
recvmsg(3, 0xfffff36df550, MSG_DONTWAIT|MSG_CMSG_CLOEXEC) = -1 EAGAIN (Resource temporarily unavailable)
recvmsg(3, 0xfffff36df550, MSG_DONTWAIT|MSG_CMSG_CLOEXEC) = -1 EAGAIN (Resource temporarily unavailable)
recvmsg(3, 0xfffff36df550, MSG_DONTWAIT|MSG_CMSG_CLOEXEC) = -1 EAGAIN (Resource temporarily unavailable)
sendmsg(3, {msg_name(0)=NULL, msg_iov(1)=[{"\21\0\0\0\3\0\f\0\27\0\0\0\21\0\0\0\1\0\24\0\26\0\0\0\0\0\0\0\0\0\0\0\21\0\0\0\2\0\30\0\0\0\0\0\0\0\0\0\377\377\377\177\377\377\377\177", 56}], msg_controllen=0, msg_flags=0}, MSG_DONTWAIT|MSG_NOSIGNAL) = 56
recvmsg(3, 0xfffff36df550, MSG_DONTWAIT|MSG_CMSG_CLOEXEC) = -1 EAGAIN (Resource temporarily unavailable)
recvmsg(3, 0xfffff36df550, MSG_DONTWAIT|MSG_CMSG_CLOEXEC) = -1 EAGAIN (Resource temporarily unavailable)
recvmsg(3, 0xfffff36df550, MSG_DONTWAIT|MSG_CMSG_CLOEXEC) = -1 EAGAIN (Resource temporarily unavailable)
recvmsg(3, {msg_name(0)=NULL, msg_iov(2)=[{"\30\0\0\0\0\0\10\0", 1768}, {"", 2328}], msg_controllen=0, msg_flags=MSG_CMSG_CLOEXEC}, MSG_DONTWAIT|MSG_CMSG_CLOEXEC) = 8
recvmsg(3, {msg_name(0)=NULL, msg_iov(2)=[{"\27\0\0\0\0\0\f\0\0\0\0\0\1\0\0\0\1\0\f\0\27\0\0\0", 1760}, {"", 2336}], msg_controllen=0, msg_flags=MSG_CMSG_CLOEXEC}, MSG_DONTWAIT|MSG_CMSG_CLOEXEC) = 24
sendmsg(3, {msg_name(0)=NULL, msg_iov(1)=[{"\30\0\0\0\0\0\10\0", 8}], msg_controllen=0, msg_flags=0}, MSG_DONTWAIT|MSG_NOSIGNAL) = 8
recvmsg(3, [PERFORMANCE]: Last frame took 33 ms to render.
recvmsg(3, 0xfffff36df550, MSG_DONTWAIT|MSG_CMSG_CLOEXEC) = -1 EAGAIN (Resource temporarily unavailable)
sendmsg(3, {msg_name(0)=NULL, msg_iov(1)=[{"\21\0\0\0\3\0\f\0\27\0\0\0\21\0\0\0\1\0\24\0\31\0\0\0\0\0\0\0\0\0\0\0\21\0\0\0\2\0\30\0\0\0\0\0\0\0\0\0\377\377\377\177\377\377\377\177", 56}], msg_controllen=0, msg_flags=0}, MSG_DONTWAIT|MSG_NOSIGNAL) = 56
recvmsg(3, 0xfffff36df550, MSG_DONTWAIT|MSG_CMSG_CLOEXEC) = -1 EAGAIN (Resource temporarily unavailable)
recvmsg(3, 0xfffff36df550, MSG_DONTWAIT|MSG_CMSG_CLOEXEC) = -1 EAGAIN (Resource temporarily unavailable)
recvmsg(3, {msg_name(0)=NULL, msg_iov(2)=[{"\1\0\0\0\1\0\f\0\30\0\0\0\26\0\0\0\0\0\10\0\27\0\0\0\0\0\f\0\0\0\0\0\1\0\0\0\1\0\f\0\27\0\0\0", 1736}, {"", 2360}], msg_controllen=0, msg_flags=MSG_CMSG_CLOEXEC}, MSG_DONTWAIT|MSG_CMSG_CLOEXEC) = 44
recvmsg(3, 0xfffff36df550, MSG_DONTWAIT|MSG_CMSG_CLOEXEC) = -1 EAGAIN (Resource temporarily unavailable)
recvmsg(3, 0xfffff36df550, MSG_DONTWAIT|MSG_CMSG_CLOEXEC) = -1 EAGAIN (Resource temporarily unavailable)
recvmsg(3, 0xfffff36df550, MSG_DONTWAIT|MSG_CMSG_CLOEXEC) = -1 EAGAIN (Resource temporarily unavailable)
recvmsg(3, 0xfffff36df550, MSG_DONTWAIT|MSG_CMSG_CLOEXEC) = -1 EAGAIN (Resource temporarily unavailable)
recvmsg(3, {msg_name(0)=NULL, msg_iov(2)=[{"\31\0\0\0\0\0\10\0\27\0\0\0\0\0\f\0\0\0\0\0\1\0\0\0\1\0\f\0\27\0\0\0", 1692}, {"", 2404}], msg_controllen=0, msg_flags=MSG_CMSG_CLOEXEC}, MSG_DONTWAIT|MSG_CMSG_CLOEXEC) = 32
sendmsg(3, {msg_name(0)=NULL, msg_iov(1)=[{"\26\0\0\0\0\0\10\0", 8}], msg_controllen=0, msg_flags=0}, MSG_DONTWAIT|MSG_NOSIGNAL) = 8
recvmsg(3, 0xfffff36df550, MSG_DONTWAIT|MSG_CMSG_CLOEXEC) = -1 EAGAIN (Resource temporarily unavailable)
recvmsg(3, 0xfffff36df550, MSG_DONTWAIT|MSG_CMSG_CLOEXEC) = -1 EAGAIN (Resource temporarily unavailable)
recvmsg(3, 0xfffff36df550, MSG_DONTWAIT|MSG_CMSG_CLOEXEC) = -1 EAGAIN (Resource temporarily unavailable)
recvmsg(3, {msg_name(0)=NULL, msg_iov(2)=[{"\1\0\0\0\1\0\f\0\26\0\0\0\30\0\0\0\0\0\10\0\27\0\0\0\0\0\f\0\0\0\0\0\1\0\0\0\1\0\f\0\27\0\0\0", 1660}, {"", 2436}], msg_controllen=0, msg_flags=MSG_CMSG_CLOEXEC}, MSG_DONTWAIT|MSG_CMSG_CLOEXEC) = 44
recvmsg(3, 0xfffff36df550, MSG_DONTWAIT|MSG_CMSG_CLOEXEC) = -1 EAGAIN (Resource temporarily unavailable)
recvmsg(3, 0xfffff36df550, MSG_DONTWAIT|MSG_CMSG_CLOEXEC) = -1 EAGAIN (Resource temporarily unavailable)
recvmsg(3, {msg_name(0)=NULL, msg_iov(2)=[{"\31\0\0\0\0\0\10\0", 1616}, {"", 2480}], msg_controllen=0, msg_flags=MSG_CMSG_CLOEXEC}, MSG_DONTWAIT|MSG_CMSG_CLOEXEC) = 8
recvmsg(3, {msg_name(0)=NULL, msg_iov(2)=[{"\27\0\0\0\0\0\f\0\0\0\0\0\1\0\0\0\1\0\f\0\27\0\0\0", 1608}, {"", 2488}], msg_controllen=0, msg_flags=MSG_CMSG_CLOEXEC}, MSG_DONTWAIT|MSG_CMSG_CLOEXEC) = 24
recvmsg(3, 0xfffff36df550, MSG_DONTWAIT|MSG_CMSG_CLOEXEC) = -1 EAGAIN (Resource temporarily unavailable)
recvmsg(3, 0xfffff36df550, MSG_DONTWAIT|MSG_CMSG_CLOEXEC) = -1 EAGAIN (Resource temporarily unavailable)
recvmsg(3, {msg_name(0)=NULL, msg_iov(2)=[{"\26\0\0\0\0\0\10\0\27\0\0\0\0\0\f\0\0\0\0\0\1\0\0\0\1\0\f\0\27\0\0\0", 1584}, {"", 2512}], msg_controllen=0, msg_flags=MSG_CMSG_CLOEXEC}, MSG_DONTWAIT|MSG_CMSG_CLOEXEC) = 32
recvmsg(3, 0xfffff36df550, MSG_DONTWAIT|MSG_CMSG_CLOEXEC) = -1 EAGAIN (Resource temporarily unavailable)
recvmsg(3, 0xfffff36df550, MSG_DONTWAIT|MSG_CMSG_CLOEXEC) = -1 EAGAIN (Resource temporarily unavailable)
recvmsg(3, 0xfffff36df550, MSG_DONTWAIT|MSG_CMSG_CLOEXEC) = -1 EAGAIN (Resource temporarily unavailable)
recvmsg(3, 0xfffff36df550, MSG_DONTWAIT|MSG_CMSG_CLOEXEC) = -1 EAGAIN (Resource temporarily unavailable)
recvmsg(3, 0xfffff36df550, MSG_DONTWAIT|MSG_CMSG_CLOEXEC) = -1 EAGAIN (Resource temporarily unavailable)
recvmsg(3, 0xfffff36df550, MSG_DONTWAIT|MSG_CMSG_CLOEXEC) = -1 EAGAIN (Resource temporarily unavailable)
recvmsg(3, {msg_name(0)=NULL, msg_iov(2)=[{"\31\0\0\0\0\0\10\0", 1520}, {"", 2576}], msg_controllen=0, msg_flags=MSG_CMSG_CLOEXEC}, MSG_DONTWAIT|MSG_CMSG_CLOEXEC) = 8
recvmsg(3, {msg_name(0)=NULL, msg_iov(2)=[{"\27\0\0\0\0\0\f\0\0\0\0\0\1\0\0\0\1\0\f\0\27\0\0\0", 1512}, {"", 2584}], msg_controllen=0, msg_flags=MSG_CMSG_CLOEXEC}, MSG_DONTWAIT|MSG_CMSG_CLOEXEC) = 24
recvmsg(3, 0xfffff36df550, MSG_DONTWAIT|MSG_CMSG_CLOEXEC) = -1 EAGAIN (Resource temporarily unavailable)
recvmsg(3, 0xfffff36df550, MSG_DONTWAIT|MSG_CMSG_CLOEXEC) = -1 EAGAIN (Resource temporarily unavailable)
recvmsg(3, 0xfffff36df550, MSG_DONTWAIT|MSG_CMSG_CLOEXEC) = -1 EAGAIN (Resource temporarily unavailable)
recvmsg(3, {msg_name(0)=NULL, msg_iov(2)=[{"\26\0\0\0\0\0\10\0", 1488}, {"", 2608}], msg_controllen=0, msg_flags=MSG_CMSG_CLOEXEC}, MSG_DONTWAIT|MSG_CMSG_CLOEXEC) = 8
recvmsg(3, 0xfffff36df550, MSG_DONTWAIT|MSG_CMSG_CLOEXEC) = -1 EAGAIN (Resource temporarily unavailable)
sendmsg(3, {msg_name(0)=NULL, msg_iov(1)=[{"\21\0\0\0\3\0\f\0\27\0\0\0\21\0\0\0\1\0\24\0\31\0\0\0\0\0\0\0\0\0\0\0\21\0\0\0\2\0\30\0\0\0\0\0\0\0\0\0\377\377\377\177\377\377\377\177", 56}], msg_controllen=0, msg_flags=0}, MSG_DONTWAIT|MSG_NOSIGNAL) = 56
recvmsg(3, 0xfffff36df550, MSG_DONTWAIT|MSG_CMSG_CLOEXEC) = -1 EAGAIN (Resource temporarily unavailable)
recvmsg(3, 0xfffff36df550, MSG_DONTWAIT|MSG_CMSG_CLOEXEC) = -1 EAGAIN (Resource temporarily unavailable)
recvmsg(3, 0xfffff36df550, MSG_DONTWAIT|MSG_CMSG_CLOEXEC) = -1 EAGAIN (Resource temporarily unavailable)
recvmsg(3, 0xfffff36df550, MSG_DONTWAIT|MSG_CMSG_CLOEXEC) = -1 EAGAIN (Resource temporarily unavailable)
recvmsg(3, 0xfffff36df550, MSG_DONTWAIT|MSG_CMSG_CLOEXEC) = -1 EAGAIN (Resource temporarily unavailable)
recvmsg(3, 0xfffff36df550, MSG_DONTWAIT|MSG_CMSG_CLOEXEC) = -1 EAGAIN (Resource temporarily unavailable)
recvmsg(3, 0xfffff36df550, MSG_DONTWAIT|MSG_CMSG_CLOEXEC) = -1 EAGAIN (Resource temporarily unavailable)
recvmsg(3, 0xfffff36df550, MSG_DONTWAIT|MSG_CMSG_CLOEXEC) = -1 EAGAIN (Resource temporarily unavailable)
recvmsg(3, {msg_name(0)=NULL, msg_iov(2)=[{"\30\0\0\0\0\0\10\0", 1360}, {"", 2736}], msg_controllen=0, msg_flags=MSG_CMSG_CLOEXEC}, MSG_DONTWAIT|MSG_CMSG_CLOEXEC) = 8
recvmsg(3, {msg_name(0)=NULL, msg_iov(2)=[{"\31\0\0\0\0\0\10\0", 1328}, {"", 2768}], msg_controllen=0, msg_flags=MSG_CMSG_CLOEXEC}, MSG_DONTWAIT|MSG_CMSG_CLOEXEC) = 8
recvmsg(3, 0xfffff36df550, MSG_DONTWAIT|MSG_CMSG_CLOEXEC) = -1 EAGAIN (Resource temporarily unavailable)
recvmsg(3, 0xfffff36df550, MSG_DONTWAIT|MSG_CMSG_CLOEXEC) = -1 EAGAIN (Resource temporarily unavailable)
recvmsg(3, 0xfffff36df550, MSG_DONTWAIT|MSG_CMSG_CLOEXEC) = -1 EAGAIN (Resource temporarily unavailable)
recvmsg(3, 0xfffff36df550, MSG_DONTWAIT|MSG_CMSG_CLOEXEC) = -1 EAGAIN (Resource temporarily unavailable)
recvmsg(3, 0xfffff36df550, MSG_DONTWAIT|MSG_CMSG_CLOEXEC) = -1 EAGAIN (Resource temporarily unavailable)
recvmsg(3, 0xfffff36df550, MSG_DONTWAIT|MSG_CMSG_CLOEXEC) = -1 EAGAIN (Resource temporarily unavailable)
recvmsg(3, 0xfffff36df550, MSG_DONTWAIT|MSG_CMSG_CLOEXEC) = -1 EAGAIN (Resource temporarily unavailable)
recvmsg(3, 0xfffff36df550, MSG_DONTWAIT|MSG_CMSG_CLOEXEC) = -1 EAGAIN (Resource temporarily unavailable)
recvmsg(3, 0xfffff36df550, MSG_DONTWAIT|MSG_CMSG_CLOEXEC) = -1 EAGAIN (Resource temporarily unavailable)
recvmsg(3, 0xfffff36df550, MSG_DONTWAIT|MSG_CMSG_CLOEXEC) = -1 EAGAIN (Resource temporarily unavailable)
recvmsg(3, 0xfffff36df550, MSG_DONTWAIT|MSG_CMSG_CLOEXEC) = -1 EAGAIN (Resource temporarily unavailable)
recvmsg(3, 0xfffff36df550, MSG_DONTWAIT|MSG_CMSG_CLOEXEC) = -1 EAGAIN (Resource temporarily unavailable)
recvmsg(3, 0xfffff36df550, MSG_DONTWAIT|MSG_CMSG_CLOEXEC) = -1 EAGAIN (Resource temporarily unavailable)
recvmsg(3, 0xfffff36df550, MSG_DONTWAIT|MSG_CMSG_CLOEXEC) = -1 EAGAIN (Resource temporarily unavailable)
recvmsg(3, 0xfffff36df550, MSG_DONTWAIT|MSG_CMSG_CLOEXEC) = -1 EAGAIN (Resource temporarily unavailable)
recvmsg(3, 0xfffff36df550, MSG_DONTWAIT|MSG_CMSG_CLOEXEC) = -1 EAGAIN (Resource temporarily unavailable)
recvmsg(3, 0xfffff36df550, MSG_DONTWAIT|MSG_CMSG_CLOEXEC) = -1 EAGAIN (Resource temporarily unavailable)
recvmsg(3, 0xfffff36df550, MSG_DONTWAIT|MSG_CMSG_CLOEXEC) = -1 EAGAIN (Resource temporarily unavailable)
recvmsg(3, 0xfffff36df550, MSG_DONTWAIT|MSG_CMSG_CLOEXEC) = -1 EAGAIN (Resource temporarily unavailable)
recvmsg(3, [PERFORMANCE]: Last frame took 33 ms to render.
sendmsg(3, {msg_name(0)=NULL, msg_iov(1)=[{"\21\0\0\0\3\0\f\0\27\0\0\0\21\0\0\0\1\0\24\0\30\0\0\0\0\0\0\0\0\0\0\0\21\0\0\0\2\0\30\0\0\0\0\0\0\0\0\0\377\377\377\177\377\377\377\177", 56}], msg_controllen=0, msg_flags=0}, MSG_DONTWAIT|MSG_NOSIGNAL) = 56
recvmsg(3, 0xfffff36df550, MSG_DONTWAIT|MSG_CMSG_CLOEXEC) = -1 EAGAIN (Resource temporarily unavailable)
recvmsg(3, 0xfffff36df550, MSG_DONTWAIT|MSG_CMSG_CLOEXEC) = -1 EAGAIN (Resource temporarily unavailable)
recvmsg(3, 0xfffff36df550, MSG_DONTWAIT|MSG_CMSG_CLOEXEC) = -1 EAGAIN (Resource temporarily unavailable)
recvmsg(3, 0xfffff36df550, MSG_DONTWAIT|MSG_CMSG_CLOEXEC) = -1 EAGAIN (Resource temporarily unavailable)
recvmsg(3, {msg_name(0)=NULL, msg_iov(2)=[{"\26\0\0\0\0\0\10\0\27\0\0\0\0\0\f\0\0\0\0\0\1\0\0\0\1\0\f\0\27\0\0\0", 1008}, {"", 3088}], msg_controllen=0, msg_flags=MSG_CMSG_CLOEXEC}, MSG_DONTWAIT|MSG_CMSG_CLOEXEC) = 32
recvmsg(3, 0xfffff36df550, MSG_DONTWAIT|MSG_CMSG_CLOEXEC) = -1 EAGAIN (Resource temporarily unavailable)
recvmsg(3, 0xfffff36df550, MSG_DONTWAIT|MSG_CMSG_CLOEXEC) = -1 EAGAIN (Resource temporarily unavailable)
recvmsg(3, {msg_name(0)=NULL, msg_iov(2)=[{"\30\0\0\0\0\0\10\0", 976}, {"", 3120}], msg_controllen=0, msg_flags=MSG_CMSG_CLOEXEC}, MSG_DONTWAIT|MSG_CMSG_CLOEXEC) = 8
recvmsg(3, {msg_name(0)=NULL, msg_iov(2)=[{"\27\0\0\0\0\0\f\0\0\0\0\0\1\0\0\0\1\0\f\0\27\0\0\0", 968}, {"", 3128}], msg_controllen=0, msg_flags=MSG_CMSG_CLOEXEC}, MSG_DONTWAIT|MSG_CMSG_CLOEXEC) = 24
recvmsg(3, 0xfffff36df550, MSG_DONTWAIT|MSG_CMSG_CLOEXEC) = -1 EAGAIN (Resource temporarily unavailable)
recvmsg(3, 0xfffff36df550, MSG_DONTWAIT|MSG_CMSG_CLOEXEC) = -1 EAGAIN (Resource temporarily unavailable)
recvmsg(3, 0xfffff36df550, MSG_DONTWAIT|MSG_CMSG_CLOEXEC) = -1 EAGAIN (Resource temporarily unavailable)
recvmsg(3, 0xfffff36df550, MSG_DONTWAIT|MSG_CMSG_CLOEXEC) = -1 EAGAIN (Resource temporarily unavailable)
recvmsg(3, 0xfffff36df550, MSG_DONTWAIT|MSG_CMSG_CLOEXEC) = -1 EAGAIN (Resource temporarily unavailable)
recvmsg(3, 0xfffff36df550, MSG_DONTWAIT|MSG_CMSG_CLOEXEC) = -1 EAGAIN (Resource temporarily unavailable)
recvmsg(3, 0xfffff36df550, MSG_DONTWAIT|MSG_CMSG_CLOEXEC) = -1 EAGAIN (Resource temporarily unavailable)
recvmsg(3, 0xfffff36df550, MSG_DONTWAIT|MSG_CMSG_CLOEXEC) = -1 EAGAIN (Resource temporarily unavailable)
recvmsg(3, 0xfffff36df550, MSG_DONTWAIT|MSG_CMSG_CLOEXEC) = -1 EAGAIN (Resource temporarily unavailable)
recvmsg(3, 0xfffff36df550, MSG_DONTWAIT|MSG_CMSG_CLOEXEC) = -1 EAGAIN (Resource temporarily unavailable)
recvmsg(3, 0xfffff36df550, MSG_DONTWAIT|MSG_CMSG_CLOEXEC) = -1 EAGAIN (Resource temporarily unavailable)
recvmsg(3, 0xfffff36df550, MSG_DONTWAIT|MSG_CMSG_CLOEXEC) = -1 EAGAIN (Resource temporarily unavailable)
recvmsg(3, 0xfffff36df550, MSG_DONTWAIT|MSG_CMSG_CLOEXEC) = -1 EAGAIN (Resource temporarily unavailable)
recvmsg(3, 0xfffff36df550, MSG_DONTWAIT|MSG_CMSG_CLOEXEC) = -1 EAGAIN (Resource temporarily unavailable)
recvmsg(3, 0xfffff36df550, MSG_DONTWAIT|MSG_CMSG_CLOEXEC) = -1 EAGAIN (Resource temporarily unavailable)
recvmsg(3, 0xfffff36df550, MSG_DONTWAIT|MSG_CMSG_CLOEXEC) = -1 EAGAIN (Resource temporarily unavailable)
recvmsg(3, 0xfffff36df550, MSG_DONTWAIT|MSG_CMSG_CLOEXEC) = -1 EAGAIN (Resource temporarily unavailable)
recvmsg(3, 0xfffff36df550, MSG_DONTWAIT|MSG_CMSG_CLOEXEC) = -1 EAGAIN (Resource temporarily unavailable)
recvmsg(3, 0xfffff36df550, MSG_DONTWAIT|MSG_CMSG_CLOEXEC) = -1 EAGAIN (Resource temporarily unavailable)
recvmsg(3, 0xfffff36df550, MSG_DONTWAIT|MSG_CMSG_CLOEXEC) = -1 EAGAIN (Resource temporarily unavailable)
recvmsg(3, 0xfffff36df550, MSG_DONTWAIT|MSG_CMSG_CLOEXEC) = -1 EAGAIN (Resource temporarily unavailable)
recvmsg(3, 0xfffff36df550, MSG_DONTWAIT|MSG_CMSG_CLOEXEC) = -1 EAGAIN (Resource temporarily unavailable)
recvmsg(3, 0xfffff36df550, MSG_DONTWAIT|MSG_CMSG_CLOEXEC) = -1 EAGAIN (Resource temporarily unavailable)
recvmsg(3, 0xfffff36df550, MSG_DONTWAIT|MSG_CMSG_CLOEXEC) = -1 EAGAIN (Resource temporarily unavailable)
recvmsg(3, 0xfffff36df550, MSG_DONTWAIT|MSG_CMSG_CLOEXEC) = -1 EAGAIN (Resource temporarily unavailable)
recvmsg(3, 0xfffff36df550, MSG_DONTWAIT|MSG_CMSG_CLOEXEC) = -1 EAGAIN (Resource temporarily unavailable)
recvmsg(3, 0xfffff36df550, MSG_DONTWAIT|MSG_CMSG_CLOEXEC) = -1 EAGAIN (Resource temporarily unavailable)
recvmsg(3, 0xfffff36df550, MSG_DONTWAIT|MSG_CMSG_CLOEXEC) = -1 EAGAIN (Resource temporarily unavailable)
recvmsg(3, 0xfffff36df550, MSG_DONTWAIT|MSG_CMSG_CLOEXEC) = -1 EAGAIN (Resource temporarily unavailable)
recvmsg(3, 0xfffff36df550, MSG_DONTWAIT|MSG_CMSG_CLOEXEC) = -1 EAGAIN (Resource temporarily unavailable)
recvmsg(3, 0xfffff36df550, MSG_DONTWAIT|MSG_CMSG_CLOEXEC) = -1 EAGAIN (Resource temporarily unavailable)
recvmsg(3, 0xfffff36df550, MSG_DONTWAIT|MSG_CMSG_CLOEXEC) = -1 EAGAIN (Resource temporarily unavailable)
recvmsg(3, 0xfffff36df550, MSG_DONTWAIT|MSG_CMSG_CLOEXEC) = -1 EAGAIN (Resource temporarily unavailable)
recvmsg(3, 0xfffff36df550, MSG_DONTWAIT|MSG_CMSG_CLOEXEC) = -1 EAGAIN (Resource temporarily unavailable)
recvmsg(3, 0xfffff36df550, MSG_DONTWAIT|MSG_CMSG_CLOEXEC) = -1 EAGAIN (Resource temporarily unavailable)
recvmsg(3, 0xfffff36df550, MSG_DONTWAIT|MSG_CMSG_CLOEXEC) = -1 EAGAIN (Resource temporarily unavailable)
recvmsg(3, 0xfffff36df550, MSG_DONTWAIT|MSG_CMSG_CLOEXEC) = -1 EAGAIN (Resource temporarily unavailable)
recvmsg(3, 0xfffff36df550, MSG_DONTWAIT|MSG_CMSG_CLOEXEC) = -1 EAGAIN (Resource temporarily unavailable)
recvmsg(3, 0xfffff36df550, MSG_DONTWAIT|MSG_CMSG_CLOEXEC) = -1 EAGAIN (Resource temporarily unavailable)
recvmsg(3, 0xfffff36df550, MSG_DONTWAIT|MSG_CMSG_CLOEXEC) = -1 EAGAIN (Resource temporarily unavailable)
recvmsg(3, 0xfffff36df550, MSG_DONTWAIT|MSG_CMSG_CLOEXEC) = -1 EAGAIN (Resource temporarily unavailable)
recvmsg(3, 0xfffff36df550, MSG_DONTWAIT|MSG_CMSG_CLOEXEC) = -1 EAGAIN (Resource temporarily unavailable)
recvmsg(3, 0xfffff36df550, MSG_DONTWAIT|MSG_CMSG_CLOEXEC) = -1 EAGAIN (Resource temporarily unavailable)
recvmsg(3, 0xfffff36df550, MSG_DONTWAIT|MSG_CMSG_CLOEXEC) = -1 EAGAIN (Resource temporarily unavailable)
recvmsg(3, 0xfffff36df550, MSG_DONTWAIT|MSG_CMSG_CLOEXEC) = -1 EAGAIN (Resource temporarily unavailable)
recvmsg(3, 0xfffff36df550, MSG_DONTWAIT|MSG_CMSG_CLOEXEC) = -1 EAGAIN (Resource temporarily unavailable)
recvmsg(3, 0xfffff36df550, MSG_DONTWAIT|MSG_CMSG_CLOEXEC) = -1 EAGAIN (Resource temporarily unavailable)
recvmsg(3, 0xfffff36df550, MSG_DONTWAIT|MSG_CMSG_CLOEXEC) = -1 EAGAIN (Resource temporarily unavailable)
recvmsg(3, 0xfffff36df550, MSG_DONTWAIT|MSG_CMSG_CLOEXEC) = -1 EAGAIN (Resource temporarily unavailable)
recvmsg(3, 0xfffff36df550, MSG_DONTWAIT|MSG_CMSG_CLOEXEC) = -1 EAGAIN (Resource temporarily unavailable)
recvmsg(3, 0xfffff36df550, MSG_DONTWAIT|MSG_CMSG_CLOEXEC) = -1 EAGAIN (Resource temporarily unavailable)
recvmsg(3, 0xfffff36df550, MSG_DONTWAIT|MSG_CMSG_CLOEXEC) = -1 EAGAIN (Resource temporarily unavailable)
recvmsg(3, 0xfffff36df550, MSG_DONTWAIT|MSG_CMSG_CLOEXEC) = -1 EAGAIN (Resource temporarily unavailable)
recvmsg(3, 0xfffff36df550, MSG_DONTWAIT|MSG_CMSG_CLOEXEC) = -1 EAGAIN (Resource temporarily unavailable)
recvmsg(3, 0xfffff36df550, MSG_DONTWAIT|MSG_CMSG_CLOEXEC) = -1 EAGAIN (Resource temporarily unavailable)
