openat(AT_FDCWD, "/usr/share/click/preinstalled/.click/users/@all/com.ubuntu.filemanager/lib/aarch64-linux-gnu/tls/aarch64/libgtk-3.so.0", O_RDONLY|O_CLOEXEC) = -1 ENOENT (No such file or directory)
openat(AT_FDCWD, "/usr/share/click/preinstalled/.click/users/@all/com.ubuntu.filemanager/lib/aarch64-linux-gnu/tls/libgtk-3.so.0", O_RDONLY|O_CLOEXEC) = -1 ENOENT (No such file or directory)
openat(AT_FDCWD, "/usr/share/click/preinstalled/.click/users/@all/com.ubuntu.filemanager/lib/aarch64-linux-gnu/aarch64/libgtk-3.so.0", O_RDONLY|O_CLOEXEC) = -1 ENOENT (No such file or directory)
openat(AT_FDCWD, "/usr/share/click/preinstalled/.click/users/@all/com.ubuntu.filemanager/lib/aarch64-linux-gnu/libgtk-3.so.0", O_RDONLY|O_CLOEXEC) = -1 ENOENT (No such file or directory)
openat(AT_FDCWD, "/usr/share/click/preinstalled/.click/users/@all/com.ubuntu.filemanager/lib/tls/aarch64/libgtk-3.so.0", O_RDONLY|O_CLOEXEC) = -1 ENOENT (No such file or directory)
openat(AT_FDCWD, "/usr/share/click/preinstalled/.click/users/@all/com.ubuntu.filemanager/lib/tls/libgtk-3.so.0", O_RDONLY|O_CLOEXEC) = -1 ENOENT (No such file or directory)
openat(AT_FDCWD, "/usr/share/click/preinstalled/.click/users/@all/com.ubuntu.filemanager/lib/aarch64/libgtk-3.so.0", O_RDONLY|O_CLOEXEC) = -1 ENOENT (No such file or directory)
openat(AT_FDCWD, "/usr/share/click/preinstalled/.click/users/@all/com.ubuntu.filemanager/lib/libgtk-3.so.0", O_RDONLY|O_CLOEXEC) = -1 ENOENT (No such file or directory)
openat(AT_FDCWD, "/etc/ld.so.cache", O_RDONLY|O_CLOEXEC) = 3
openat(AT_FDCWD, "/usr/lib/aarch64-linux-gnu/libgtk-3.so.0", O_RDONLY|O_CLOEXEC) = 3
openat(AT_FDCWD, "/usr/share/click/preinstalled/.click/users/@all/com.ubuntu.filemanager/lib/aarch64-linux-gnu/libgio-2.0.so.0", O_RDONLY|O_CLOEXEC) = -1 ENOENT (No such file or directory)
openat(AT_FDCWD, "/usr/share/click/preinstalled/.click/users/@all/com.ubuntu.filemanager/lib/libgio-2.0.so.0", O_RDONLY|O_CLOEXEC) = -1 ENOENT (No such file or directory)
openat(AT_FDCWD, "/usr/lib/aarch64-linux-gnu/libgio-2.0.so.0", O_RDONLY|O_CLOEXEC) = 3
openat(AT_FDCWD, "/usr/share/click/preinstalled/.click/users/@all/com.ubuntu.filemanager/lib/aarch64-linux-gnu/libgobject-2.0.so.0", O_RDONLY|O_CLOEXEC) = -1 ENOENT (No such file or directory)
openat(AT_FDCWD, "/usr/share/click/preinstalled/.click/users/@all/com.ubuntu.filemanager/lib/libgobject-2.0.so.0", O_RDONLY|O_CLOEXEC) = -1 ENOENT (No such file or directory)
openat(AT_FDCWD, "/usr/lib/aarch64-linux-gnu/libgobject-2.0.so.0", O_RDONLY|O_CLOEXEC) = 3
openat(AT_FDCWD, "/usr/share/click/preinstalled/.click/users/@all/com.ubuntu.filemanager/lib/aarch64-linux-gnu/libpthread.so.0", O_RDONLY|O_CLOEXEC) = -1 ENOENT (No such file or directory)
openat(AT_FDCWD, "/usr/share/click/preinstalled/.click/users/@all/com.ubuntu.filemanager/lib/libpthread.so.0", O_RDONLY|O_CLOEXEC) = -1 ENOENT (No such file or directory)
openat(AT_FDCWD, "/lib/aarch64-linux-gnu/libpthread.so.0", O_RDONLY|O_CLOEXEC) = 3
openat(AT_FDCWD, "/usr/share/click/preinstalled/.click/users/@all/com.ubuntu.filemanager/lib/aarch64-linux-gnu/libc.so.6", O_RDONLY|O_CLOEXEC) = -1 ENOENT (No such file or directory)
openat(AT_FDCWD, "/usr/share/click/preinstalled/.click/users/@all/com.ubuntu.filemanager/lib/libc.so.6", O_RDONLY|O_CLOEXEC) = -1 ENOENT (No such file or directory)
openat(AT_FDCWD, "/lib/aarch64-linux-gnu/libc.so.6", O_RDONLY|O_CLOEXEC) = 3
openat(AT_FDCWD, "/usr/share/click/preinstalled/.click/users/@all/com.ubuntu.filemanager/lib/aarch64-linux-gnu/libgdk-3.so.0", O_RDONLY|O_CLOEXEC) = -1 ENOENT (No such file or directory)
openat(AT_FDCWD, "/usr/share/click/preinstalled/.click/users/@all/com.ubuntu.filemanager/lib/libgdk-3.so.0", O_RDONLY|O_CLOEXEC) = -1 ENOENT (No such file or directory)
openat(AT_FDCWD, "/usr/lib/aarch64-linux-gnu/libgdk-3.so.0", O_RDONLY|O_CLOEXEC) = 3
openat(AT_FDCWD, "/usr/share/click/preinstalled/.click/users/@all/com.ubuntu.filemanager/lib/aarch64-linux-gnu/libgmodule-2.0.so.0", O_RDONLY|O_CLOEXEC) = -1 ENOENT (No such file or directory)
openat(AT_FDCWD, "/usr/share/click/preinstalled/.click/users/@all/com.ubuntu.filemanager/lib/libgmodule-2.0.so.0", O_RDONLY|O_CLOEXEC) = -1 ENOENT (No such file or directory)
openat(AT_FDCWD, "/usr/lib/aarch64-linux-gnu/libgmodule-2.0.so.0", O_RDONLY|O_CLOEXEC) = 3
openat(AT_FDCWD, "/usr/share/click/preinstalled/.click/users/@all/com.ubuntu.filemanager/lib/aarch64-linux-gnu/libpangocairo-1.0.so.0", O_RDONLY|O_CLOEXEC) = -1 ENOENT (No such file or directory)
openat(AT_FDCWD, "/usr/share/click/preinstalled/.click/users/@all/com.ubuntu.filemanager/lib/libpangocairo-1.0.so.0", O_RDONLY|O_CLOEXEC) = -1 ENOENT (No such file or directory)
openat(AT_FDCWD, "/usr/lib/aarch64-linux-gnu/libpangocairo-1.0.so.0", O_RDONLY|O_CLOEXEC) = 3
openat(AT_FDCWD, "/usr/share/click/preinstalled/.click/users/@all/com.ubuntu.filemanager/lib/aarch64-linux-gnu/libX11.so.6", O_RDONLY|O_CLOEXEC) = -1 ENOENT (No such file or directory)
openat(AT_FDCWD, "/usr/share/click/preinstalled/.click/users/@all/com.ubuntu.filemanager/lib/libX11.so.6", O_RDONLY|O_CLOEXEC) = -1 ENOENT (No such file or directory)
openat(AT_FDCWD, "/usr/lib/aarch64-linux-gnu/libX11.so.6", O_RDONLY|O_CLOEXEC) = 3
openat(AT_FDCWD, "/usr/share/click/preinstalled/.click/users/@all/com.ubuntu.filemanager/lib/aarch64-linux-gnu/libXi.so.6", O_RDONLY|O_CLOEXEC) = -1 ENOENT (No such file or directory)
openat(AT_FDCWD, "/usr/share/click/preinstalled/.click/users/@all/com.ubuntu.filemanager/lib/libXi.so.6", O_RDONLY|O_CLOEXEC) = -1 ENOENT (No such file or directory)
openat(AT_FDCWD, "/usr/lib/aarch64-linux-gnu/libXi.so.6", O_RDONLY|O_CLOEXEC) = 3
openat(AT_FDCWD, "/usr/share/click/preinstalled/.click/users/@all/com.ubuntu.filemanager/lib/aarch64-linux-gnu/libXfixes.so.3", O_RDONLY|O_CLOEXEC) = -1 ENOENT (No such file or directory)
openat(AT_FDCWD, "/usr/share/click/preinstalled/.click/users/@all/com.ubuntu.filemanager/lib/libXfixes.so.3", O_RDONLY|O_CLOEXEC) = -1 ENOENT (No such file or directory)
openat(AT_FDCWD, "/usr/lib/aarch64-linux-gnu/libXfixes.so.3", O_RDONLY|O_CLOEXEC) = 3
openat(AT_FDCWD, "/usr/share/click/preinstalled/.click/users/@all/com.ubuntu.filemanager/lib/aarch64-linux-gnu/libcairo-gobject.so.2", O_RDONLY|O_CLOEXEC) = -1 ENOENT (No such file or directory)
openat(AT_FDCWD, "/usr/share/click/preinstalled/.click/users/@all/com.ubuntu.filemanager/lib/libcairo-gobject.so.2", O_RDONLY|O_CLOEXEC) = -1 ENOENT (No such file or directory)
openat(AT_FDCWD, "/usr/lib/aarch64-linux-gnu/libcairo-gobject.so.2", O_RDONLY|O_CLOEXEC) = 3
openat(AT_FDCWD, "/usr/share/click/preinstalled/.click/users/@all/com.ubuntu.filemanager/lib/aarch64-linux-gnu/libcairo.so.2", O_RDONLY|O_CLOEXEC) = -1 ENOENT (No such file or directory)
openat(AT_FDCWD, "/usr/share/click/preinstalled/.click/users/@all/com.ubuntu.filemanager/lib/libcairo.so.2", O_RDONLY|O_CLOEXEC) = -1 ENOENT (No such file or directory)
openat(AT_FDCWD, "/usr/lib/aarch64-linux-gnu/libcairo.so.2", O_RDONLY|O_CLOEXEC) = 3
openat(AT_FDCWD, "/usr/share/click/preinstalled/.click/users/@all/com.ubuntu.filemanager/lib/aarch64-linux-gnu/libgdk_pixbuf-2.0.so.0", O_RDONLY|O_CLOEXEC) = -1 ENOENT (No such file or directory)
openat(AT_FDCWD, "/usr/share/click/preinstalled/.click/users/@all/com.ubuntu.filemanager/lib/libgdk_pixbuf-2.0.so.0", O_RDONLY|O_CLOEXEC) = -1 ENOENT (No such file or directory)
openat(AT_FDCWD, "/usr/lib/aarch64-linux-gnu/libgdk_pixbuf-2.0.so.0", O_RDONLY|O_CLOEXEC) = 3
openat(AT_FDCWD, "/usr/share/click/preinstalled/.click/users/@all/com.ubuntu.filemanager/lib/aarch64-linux-gnu/libatk-1.0.so.0", O_RDONLY|O_CLOEXEC) = -1 ENOENT (No such file or directory)
openat(AT_FDCWD, "/usr/share/click/preinstalled/.click/users/@all/com.ubuntu.filemanager/lib/libatk-1.0.so.0", O_RDONLY|O_CLOEXEC) = -1 ENOENT (No such file or directory)
openat(AT_FDCWD, "/usr/lib/aarch64-linux-gnu/libatk-1.0.so.0", O_RDONLY|O_CLOEXEC) = 3
openat(AT_FDCWD, "/usr/share/click/preinstalled/.click/users/@all/com.ubuntu.filemanager/lib/aarch64-linux-gnu/libatk-bridge-2.0.so.0", O_RDONLY|O_CLOEXEC) = -1 ENOENT (No such file or directory)
openat(AT_FDCWD, "/usr/share/click/preinstalled/.click/users/@all/com.ubuntu.filemanager/lib/libatk-bridge-2.0.so.0", O_RDONLY|O_CLOEXEC) = -1 ENOENT (No such file or directory)
openat(AT_FDCWD, "/usr/lib/aarch64-linux-gnu/libatk-bridge-2.0.so.0", O_RDONLY|O_CLOEXEC) = 3
openat(AT_FDCWD, "/usr/share/click/preinstalled/.click/users/@all/com.ubuntu.filemanager/lib/aarch64-linux-gnu/libepoxy.so.0", O_RDONLY|O_CLOEXEC) = -1 ENOENT (No such file or directory)
openat(AT_FDCWD, "/usr/share/click/preinstalled/.click/users/@all/com.ubuntu.filemanager/lib/libepoxy.so.0", O_RDONLY|O_CLOEXEC) = -1 ENOENT (No such file or directory)
openat(AT_FDCWD, "/usr/lib/aarch64-linux-gnu/libepoxy.so.0", O_RDONLY|O_CLOEXEC) = 3
openat(AT_FDCWD, "/usr/share/click/preinstalled/.click/users/@all/com.ubuntu.filemanager/lib/aarch64-linux-gnu/libpangoft2-1.0.so.0", O_RDONLY|O_CLOEXEC) = -1 ENOENT (No such file or directory)
openat(AT_FDCWD, "/usr/share/click/preinstalled/.click/users/@all/com.ubuntu.filemanager/lib/libpangoft2-1.0.so.0", O_RDONLY|O_CLOEXEC) = -1 ENOENT (No such file or directory)
openat(AT_FDCWD, "/usr/lib/aarch64-linux-gnu/libpangoft2-1.0.so.0", O_RDONLY|O_CLOEXEC) = 3
openat(AT_FDCWD, "/usr/share/click/preinstalled/.click/users/@all/com.ubuntu.filemanager/lib/aarch64-linux-gnu/libpango-1.0.so.0", O_RDONLY|O_CLOEXEC) = -1 ENOENT (No such file or directory)
openat(AT_FDCWD, "/usr/share/click/preinstalled/.click/users/@all/com.ubuntu.filemanager/lib/libpango-1.0.so.0", O_RDONLY|O_CLOEXEC) = -1 ENOENT (No such file or directory)
openat(AT_FDCWD, "/usr/lib/aarch64-linux-gnu/libpango-1.0.so.0", O_RDONLY|O_CLOEXEC) = 3
openat(AT_FDCWD, "/usr/share/click/preinstalled/.click/users/@all/com.ubuntu.filemanager/lib/aarch64-linux-gnu/libfontconfig.so.1", O_RDONLY|O_CLOEXEC) = -1 ENOENT (No such file or directory)
openat(AT_FDCWD, "/usr/share/click/preinstalled/.click/users/@all/com.ubuntu.filemanager/lib/libfontconfig.so.1", O_RDONLY|O_CLOEXEC) = -1 ENOENT (No such file or directory)
openat(AT_FDCWD, "/usr/lib/aarch64-linux-gnu/libfontconfig.so.1", O_RDONLY|O_CLOEXEC) = 3
openat(AT_FDCWD, "/usr/share/click/preinstalled/.click/users/@all/com.ubuntu.filemanager/lib/aarch64-linux-gnu/libglib-2.0.so.0", O_RDONLY|O_CLOEXEC) = -1 ENOENT (No such file or directory)
openat(AT_FDCWD, "/usr/share/click/preinstalled/.click/users/@all/com.ubuntu.filemanager/lib/libglib-2.0.so.0", O_RDONLY|O_CLOEXEC) = -1 ENOENT (No such file or directory)
openat(AT_FDCWD, "/lib/aarch64-linux-gnu/libglib-2.0.so.0", O_RDONLY|O_CLOEXEC) = 3
openat(AT_FDCWD, "/usr/share/click/preinstalled/.click/users/@all/com.ubuntu.filemanager/lib/aarch64-linux-gnu/libm.so.6", O_RDONLY|O_CLOEXEC) = -1 ENOENT (No such file or directory)
openat(AT_FDCWD, "/usr/share/click/preinstalled/.click/users/@all/com.ubuntu.filemanager/lib/libm.so.6", O_RDONLY|O_CLOEXEC) = -1 ENOENT (No such file or directory)
openat(AT_FDCWD, "/lib/aarch64-linux-gnu/libm.so.6", O_RDONLY|O_CLOEXEC) = 3
openat(AT_FDCWD, "/usr/share/click/preinstalled/.click/users/@all/com.ubuntu.filemanager/lib/aarch64-linux-gnu/libz.so.1", O_RDONLY|O_CLOEXEC) = -1 ENOENT (No such file or directory)
openat(AT_FDCWD, "/usr/share/click/preinstalled/.click/users/@all/com.ubuntu.filemanager/lib/libz.so.1", O_RDONLY|O_CLOEXEC) = -1 ENOENT (No such file or directory)
openat(AT_FDCWD, "/lib/aarch64-linux-gnu/libz.so.1", O_RDONLY|O_CLOEXEC) = 3
openat(AT_FDCWD, "/usr/share/click/preinstalled/.click/users/@all/com.ubuntu.filemanager/lib/aarch64-linux-gnu/libselinux.so.1", O_RDONLY|O_CLOEXEC) = -1 ENOENT (No such file or directory)
openat(AT_FDCWD, "/usr/share/click/preinstalled/.click/users/@all/com.ubuntu.filemanager/lib/libselinux.so.1", O_RDONLY|O_CLOEXEC) = -1 ENOENT (No such file or directory)
openat(AT_FDCWD, "/lib/aarch64-linux-gnu/libselinux.so.1", O_RDONLY|O_CLOEXEC) = 3
openat(AT_FDCWD, "/usr/share/click/preinstalled/.click/users/@all/com.ubuntu.filemanager/lib/aarch64-linux-gnu/libresolv.so.2", O_RDONLY|O_CLOEXEC) = -1 ENOENT (No such file or directory)
openat(AT_FDCWD, "/usr/share/click/preinstalled/.click/users/@all/com.ubuntu.filemanager/lib/libresolv.so.2", O_RDONLY|O_CLOEXEC) = -1 ENOENT (No such file or directory)
openat(AT_FDCWD, "/lib/aarch64-linux-gnu/libresolv.so.2", O_RDONLY|O_CLOEXEC) = 3
openat(AT_FDCWD, "/usr/share/click/preinstalled/.click/users/@all/com.ubuntu.filemanager/lib/aarch64-linux-gnu/libffi.so.6", O_RDONLY|O_CLOEXEC) = -1 ENOENT (No such file or directory)
openat(AT_FDCWD, "/usr/share/click/preinstalled/.click/users/@all/com.ubuntu.filemanager/lib/libffi.so.6", O_RDONLY|O_CLOEXEC) = -1 ENOENT (No such file or directory)
openat(AT_FDCWD, "/usr/lib/aarch64-linux-gnu/libffi.so.6", O_RDONLY|O_CLOEXEC) = 3
openat(AT_FDCWD, "/usr/share/click/preinstalled/.click/users/@all/com.ubuntu.filemanager/lib/aarch64-linux-gnu/libXinerama.so.1", O_RDONLY|O_CLOEXEC) = -1 ENOENT (No such file or directory)
openat(AT_FDCWD, "/usr/share/click/preinstalled/.click/users/@all/com.ubuntu.filemanager/lib/libXinerama.so.1", O_RDONLY|O_CLOEXEC) = -1 ENOENT (No such file or directory)
openat(AT_FDCWD, "/usr/lib/aarch64-linux-gnu/libXinerama.so.1", O_RDONLY|O_CLOEXEC) = 3
openat(AT_FDCWD, "/usr/share/click/preinstalled/.click/users/@all/com.ubuntu.filemanager/lib/aarch64-linux-gnu/libXrandr.so.2", O_RDONLY|O_CLOEXEC) = -1 ENOENT (No such file or directory)
openat(AT_FDCWD, "/usr/share/click/preinstalled/.click/users/@all/com.ubuntu.filemanager/lib/libXrandr.so.2", O_RDONLY|O_CLOEXEC) = -1 ENOENT (No such file or directory)
openat(AT_FDCWD, "/usr/lib/aarch64-linux-gnu/libXrandr.so.2", O_RDONLY|O_CLOEXEC) = 3
openat(AT_FDCWD, "/usr/share/click/preinstalled/.click/users/@all/com.ubuntu.filemanager/lib/aarch64-linux-gnu/libXcursor.so.1", O_RDONLY|O_CLOEXEC) = -1 ENOENT (No such file or directory)
openat(AT_FDCWD, "/usr/share/click/preinstalled/.click/users/@all/com.ubuntu.filemanager/lib/libXcursor.so.1", O_RDONLY|O_CLOEXEC) = -1 ENOENT (No such file or directory)
openat(AT_FDCWD, "/usr/lib/aarch64-linux-gnu/libXcursor.so.1", O_RDONLY|O_CLOEXEC) = 3
openat(AT_FDCWD, "/usr/share/click/preinstalled/.click/users/@all/com.ubuntu.filemanager/lib/aarch64-linux-gnu/libXcomposite.so.1", O_RDONLY|O_CLOEXEC) = -1 ENOENT (No such file or directory)
openat(AT_FDCWD, "/usr/share/click/preinstalled/.click/users/@all/com.ubuntu.filemanager/lib/libXcomposite.so.1", O_RDONLY|O_CLOEXEC) = -1 ENOENT (No such file or directory)
openat(AT_FDCWD, "/usr/lib/aarch64-linux-gnu/libXcomposite.so.1", O_RDONLY|O_CLOEXEC) = 3
openat(AT_FDCWD, "/usr/share/click/preinstalled/.click/users/@all/com.ubuntu.filemanager/lib/aarch64-linux-gnu/libXdamage.so.1", O_RDONLY|O_CLOEXEC) = -1 ENOENT (No such file or directory)
openat(AT_FDCWD, "/usr/share/click/preinstalled/.click/users/@all/com.ubuntu.filemanager/lib/libXdamage.so.1", O_RDONLY|O_CLOEXEC) = -1 ENOENT (No such file or directory)
openat(AT_FDCWD, "/usr/lib/aarch64-linux-gnu/libXdamage.so.1", O_RDONLY|O_CLOEXEC) = 3
openat(AT_FDCWD, "/usr/share/click/preinstalled/.click/users/@all/com.ubuntu.filemanager/lib/aarch64-linux-gnu/libxkbcommon.so.0", O_RDONLY|O_CLOEXEC) = -1 ENOENT (No such file or directory)
openat(AT_FDCWD, "/usr/share/click/preinstalled/.click/users/@all/com.ubuntu.filemanager/lib/libxkbcommon.so.0", O_RDONLY|O_CLOEXEC) = -1 ENOENT (No such file or directory)
openat(AT_FDCWD, "/usr/lib/aarch64-linux-gnu/libxkbcommon.so.0", O_RDONLY|O_CLOEXEC) = 3
openat(AT_FDCWD, "/usr/share/click/preinstalled/.click/users/@all/com.ubuntu.filemanager/lib/aarch64-linux-gnu/libwayland-cursor.so.0", O_RDONLY|O_CLOEXEC) = -1 ENOENT (No such file or directory)
openat(AT_FDCWD, "/usr/share/click/preinstalled/.click/users/@all/com.ubuntu.filemanager/lib/libwayland-cursor.so.0", O_RDONLY|O_CLOEXEC) = -1 ENOENT (No such file or directory)
openat(AT_FDCWD, "/usr/lib/aarch64-linux-gnu/libwayland-cursor.so.0", O_RDONLY|O_CLOEXEC) = 3
openat(AT_FDCWD, "/usr/share/click/preinstalled/.click/users/@all/com.ubuntu.filemanager/lib/aarch64-linux-gnu/libwayland-egl.so.1", O_RDONLY|O_CLOEXEC) = -1 ENOENT (No such file or directory)
openat(AT_FDCWD, "/usr/share/click/preinstalled/.click/users/@all/com.ubuntu.filemanager/lib/libwayland-egl.so.1", O_RDONLY|O_CLOEXEC) = -1 ENOENT (No such file or directory)
openat(AT_FDCWD, "/usr/lib/aarch64-linux-gnu/libwayland-egl.so.1", O_RDONLY|O_CLOEXEC) = 3
openat(AT_FDCWD, "/usr/share/click/preinstalled/.click/users/@all/com.ubuntu.filemanager/lib/aarch64-linux-gnu/libwayland-client.so.0", O_RDONLY|O_CLOEXEC) = -1 ENOENT (No such file or directory)
openat(AT_FDCWD, "/usr/share/click/preinstalled/.click/users/@all/com.ubuntu.filemanager/lib/libwayland-client.so.0", O_RDONLY|O_CLOEXEC) = -1 ENOENT (No such file or directory)
openat(AT_FDCWD, "/usr/lib/aarch64-linux-gnu/libwayland-client.so.0", O_RDONLY|O_CLOEXEC) = 3
openat(AT_FDCWD, "/usr/share/click/preinstalled/.click/users/@all/com.ubuntu.filemanager/lib/aarch64-linux-gnu/libmirclient.so.9", O_RDONLY|O_CLOEXEC) = -1 ENOENT (No such file or directory)
openat(AT_FDCWD, "/usr/share/click/preinstalled/.click/users/@all/com.ubuntu.filemanager/lib/libmirclient.so.9", O_RDONLY|O_CLOEXEC) = -1 ENOENT (No such file or directory)
openat(AT_FDCWD, "/usr/lib/aarch64-linux-gnu/libmirclient.so.9", O_RDONLY|O_CLOEXEC) = 3
openat(AT_FDCWD, "/usr/share/click/preinstalled/.click/users/@all/com.ubuntu.filemanager/lib/aarch64-linux-gnu/libXext.so.6", O_RDONLY|O_CLOEXEC) = -1 ENOENT (No such file or directory)
openat(AT_FDCWD, "/usr/share/click/preinstalled/.click/users/@all/com.ubuntu.filemanager/lib/libXext.so.6", O_RDONLY|O_CLOEXEC) = -1 ENOENT (No such file or directory)
openat(AT_FDCWD, "/usr/lib/aarch64-linux-gnu/libXext.so.6", O_RDONLY|O_CLOEXEC) = 3
openat(AT_FDCWD, "/usr/share/click/preinstalled/.click/users/@all/com.ubuntu.filemanager/lib/aarch64-linux-gnu/librt.so.1", O_RDONLY|O_CLOEXEC) = -1 ENOENT (No such file or directory)
openat(AT_FDCWD, "/usr/share/click/preinstalled/.click/users/@all/com.ubuntu.filemanager/lib/librt.so.1", O_RDONLY|O_CLOEXEC) = -1 ENOENT (No such file or directory)
openat(AT_FDCWD, "/lib/aarch64-linux-gnu/librt.so.1", O_RDONLY|O_CLOEXEC) = 3
openat(AT_FDCWD, "/usr/share/click/preinstalled/.click/users/@all/com.ubuntu.filemanager/lib/aarch64-linux-gnu/libdl.so.2", O_RDONLY|O_CLOEXEC) = -1 ENOENT (No such file or directory)
openat(AT_FDCWD, "/usr/share/click/preinstalled/.click/users/@all/com.ubuntu.filemanager/lib/libdl.so.2", O_RDONLY|O_CLOEXEC) = -1 ENOENT (No such file or directory)
openat(AT_FDCWD, "/lib/aarch64-linux-gnu/libdl.so.2", O_RDONLY|O_CLOEXEC) = 3
openat(AT_FDCWD, "/usr/share/click/preinstalled/.click/users/@all/com.ubuntu.filemanager/lib/aarch64-linux-gnu/libfreetype.so.6", O_RDONLY|O_CLOEXEC) = -1 ENOENT (No such file or directory)
openat(AT_FDCWD, "/usr/share/click/preinstalled/.click/users/@all/com.ubuntu.filemanager/lib/libfreetype.so.6", O_RDONLY|O_CLOEXEC) = -1 ENOENT (No such file or directory)
openat(AT_FDCWD, "/usr/lib/aarch64-linux-gnu/libfreetype.so.6", O_RDONLY|O_CLOEXEC) = 3
openat(AT_FDCWD, "/usr/share/click/preinstalled/.click/users/@all/com.ubuntu.filemanager/lib/aarch64-linux-gnu/libxcb.so.1", O_RDONLY|O_CLOEXEC) = -1 ENOENT (No such file or directory)
openat(AT_FDCWD, "/usr/share/click/preinstalled/.click/users/@all/com.ubuntu.filemanager/lib/libxcb.so.1", O_RDONLY|O_CLOEXEC) = -1 ENOENT (No such file or directory)
openat(AT_FDCWD, "/usr/lib/aarch64-linux-gnu/libxcb.so.1", O_RDONLY|O_CLOEXEC) = 3
openat(AT_FDCWD, "/usr/share/click/preinstalled/.click/users/@all/com.ubuntu.filemanager/lib/aarch64-linux-gnu/libpixman-1.so.0", O_RDONLY|O_CLOEXEC) = -1 ENOENT (No such file or directory)
openat(AT_FDCWD, "/usr/share/click/preinstalled/.click/users/@all/com.ubuntu.filemanager/lib/libpixman-1.so.0", O_RDONLY|O_CLOEXEC) = -1 ENOENT (No such file or directory)
openat(AT_FDCWD, "/usr/lib/aarch64-linux-gnu/libpixman-1.so.0", O_RDONLY|O_CLOEXEC) = 3
openat(AT_FDCWD, "/usr/share/click/preinstalled/.click/users/@all/com.ubuntu.filemanager/lib/aarch64-linux-gnu/libpng12.so.0", O_RDONLY|O_CLOEXEC) = -1 ENOENT (No such file or directory)
openat(AT_FDCWD, "/usr/share/click/preinstalled/.click/users/@all/com.ubuntu.filemanager/lib/libpng12.so.0", O_RDONLY|O_CLOEXEC) = -1 ENOENT (No such file or directory)
openat(AT_FDCWD, "/lib/aarch64-linux-gnu/libpng12.so.0", O_RDONLY|O_CLOEXEC) = 3
openat(AT_FDCWD, "/usr/share/click/preinstalled/.click/users/@all/com.ubuntu.filemanager/lib/aarch64-linux-gnu/libxcb-shm.so.0", O_RDONLY|O_CLOEXEC) = -1 ENOENT (No such file or directory)
openat(AT_FDCWD, "/usr/share/click/preinstalled/.click/users/@all/com.ubuntu.filemanager/lib/libxcb-shm.so.0", O_RDONLY|O_CLOEXEC) = -1 ENOENT (No such file or directory)
openat(AT_FDCWD, "/usr/lib/aarch64-linux-gnu/libxcb-shm.so.0", O_RDONLY|O_CLOEXEC) = 3
openat(AT_FDCWD, "/usr/share/click/preinstalled/.click/users/@all/com.ubuntu.filemanager/lib/aarch64-linux-gnu/libxcb-render.so.0", O_RDONLY|O_CLOEXEC) = -1 ENOENT (No such file or directory)
openat(AT_FDCWD, "/usr/share/click/preinstalled/.click/users/@all/com.ubuntu.filemanager/lib/libxcb-render.so.0", O_RDONLY|O_CLOEXEC) = -1 ENOENT (No such file or directory)
openat(AT_FDCWD, "/usr/lib/aarch64-linux-gnu/libxcb-render.so.0", O_RDONLY|O_CLOEXEC) = 3
openat(AT_FDCWD, "/usr/share/click/preinstalled/.click/users/@all/com.ubuntu.filemanager/lib/aarch64-linux-gnu/libXrender.so.1", O_RDONLY|O_CLOEXEC) = -1 ENOENT (No such file or directory)
openat(AT_FDCWD, "/usr/share/click/preinstalled/.click/users/@all/com.ubuntu.filemanager/lib/libXrender.so.1", O_RDONLY|O_CLOEXEC) = -1 ENOENT (No such file or directory)
openat(AT_FDCWD, "/usr/lib/aarch64-linux-gnu/libXrender.so.1", O_RDONLY|O_CLOEXEC) = 3
openat(AT_FDCWD, "/usr/share/click/preinstalled/.click/users/@all/com.ubuntu.filemanager/lib/aarch64-linux-gnu/libatspi.so.0", O_RDONLY|O_CLOEXEC) = -1 ENOENT (No such file or directory)
openat(AT_FDCWD, "/usr/share/click/preinstalled/.click/users/@all/com.ubuntu.filemanager/lib/libatspi.so.0", O_RDONLY|O_CLOEXEC) = -1 ENOENT (No such file or directory)
openat(AT_FDCWD, "/usr/lib/aarch64-linux-gnu/libatspi.so.0", O_RDONLY|O_CLOEXEC) = 3
openat(AT_FDCWD, "/usr/share/click/preinstalled/.click/users/@all/com.ubuntu.filemanager/lib/aarch64-linux-gnu/libdbus-1.so.3", O_RDONLY|O_CLOEXEC) = -1 ENOENT (No such file or directory)
openat(AT_FDCWD, "/usr/share/click/preinstalled/.click/users/@all/com.ubuntu.filemanager/lib/libdbus-1.so.3", O_RDONLY|O_CLOEXEC) = -1 ENOENT (No such file or directory)
openat(AT_FDCWD, "/lib/aarch64-linux-gnu/libdbus-1.so.3", O_RDONLY|O_CLOEXEC) = 3
openat(AT_FDCWD, "/usr/share/click/preinstalled/.click/users/@all/com.ubuntu.filemanager/lib/aarch64-linux-gnu/libharfbuzz.so.0", O_RDONLY|O_CLOEXEC) = -1 ENOENT (No such file or directory)
openat(AT_FDCWD, "/usr/share/click/preinstalled/.click/users/@all/com.ubuntu.filemanager/lib/libharfbuzz.so.0", O_RDONLY|O_CLOEXEC) = -1 ENOENT (No such file or directory)
openat(AT_FDCWD, "/usr/lib/aarch64-linux-gnu/libharfbuzz.so.0", O_RDONLY|O_CLOEXEC) = 3
openat(AT_FDCWD, "/usr/share/click/preinstalled/.click/users/@all/com.ubuntu.filemanager/lib/aarch64-linux-gnu/libthai.so.0", O_RDONLY|O_CLOEXEC) = -1 ENOENT (No such file or directory)
openat(AT_FDCWD, "/usr/share/click/preinstalled/.click/users/@all/com.ubuntu.filemanager/lib/libthai.so.0", O_RDONLY|O_CLOEXEC) = -1 ENOENT (No such file or directory)
openat(AT_FDCWD, "/usr/lib/aarch64-linux-gnu/libthai.so.0", O_RDONLY|O_CLOEXEC) = 3
openat(AT_FDCWD, "/usr/share/click/preinstalled/.click/users/@all/com.ubuntu.filemanager/lib/aarch64-linux-gnu/libexpat.so.1", O_RDONLY|O_CLOEXEC) = -1 ENOENT (No such file or directory)
openat(AT_FDCWD, "/usr/share/click/preinstalled/.click/users/@all/com.ubuntu.filemanager/lib/libexpat.so.1", O_RDONLY|O_CLOEXEC) = -1 ENOENT (No such file or directory)
openat(AT_FDCWD, "/lib/aarch64-linux-gnu/libexpat.so.1", O_RDONLY|O_CLOEXEC) = 3
openat(AT_FDCWD, "/usr/share/click/preinstalled/.click/users/@all/com.ubuntu.filemanager/lib/aarch64-linux-gnu/libpcre.so.3", O_RDONLY|O_CLOEXEC) = -1 ENOENT (No such file or directory)
openat(AT_FDCWD, "/usr/share/click/preinstalled/.click/users/@all/com.ubuntu.filemanager/lib/libpcre.so.3", O_RDONLY|O_CLOEXEC) = -1 ENOENT (No such file or directory)
openat(AT_FDCWD, "/lib/aarch64-linux-gnu/libpcre.so.3", O_RDONLY|O_CLOEXEC) = 3
openat(AT_FDCWD, "/usr/share/click/preinstalled/.click/users/@all/com.ubuntu.filemanager/lib/aarch64-linux-gnu/libmircommon.so.7", O_RDONLY|O_CLOEXEC) = -1 ENOENT (No such file or directory)
openat(AT_FDCWD, "/usr/share/click/preinstalled/.click/users/@all/com.ubuntu.filemanager/lib/libmircommon.so.7", O_RDONLY|O_CLOEXEC) = -1 ENOENT (No such file or directory)
openat(AT_FDCWD, "/usr/lib/aarch64-linux-gnu/libmircommon.so.7", O_RDONLY|O_CLOEXEC) = 3
openat(AT_FDCWD, "/usr/share/click/preinstalled/.click/users/@all/com.ubuntu.filemanager/lib/aarch64-linux-gnu/libmirprotobuf.so.3", O_RDONLY|O_CLOEXEC) = -1 ENOENT (No such file or directory)
openat(AT_FDCWD, "/usr/share/click/preinstalled/.click/users/@all/com.ubuntu.filemanager/lib/libmirprotobuf.so.3", O_RDONLY|O_CLOEXEC) = -1 ENOENT (No such file or directory)
openat(AT_FDCWD, "/usr/lib/aarch64-linux-gnu/libmirprotobuf.so.3", O_RDONLY|O_CLOEXEC) = 3
openat(AT_FDCWD, "/usr/share/click/preinstalled/.click/users/@all/com.ubuntu.filemanager/lib/aarch64-linux-gnu/libcapnp-0.5.3.so", O_RDONLY|O_CLOEXEC) = -1 ENOENT (No such file or directory)
openat(AT_FDCWD, "/usr/share/click/preinstalled/.click/users/@all/com.ubuntu.filemanager/lib/libcapnp-0.5.3.so", O_RDONLY|O_CLOEXEC) = -1 ENOENT (No such file or directory)
openat(AT_FDCWD, "/usr/lib/aarch64-linux-gnu/libcapnp-0.5.3.so", O_RDONLY|O_CLOEXEC) = 3
openat(AT_FDCWD, "/usr/share/click/preinstalled/.click/users/@all/com.ubuntu.filemanager/lib/aarch64-linux-gnu/libmircore.so.1", O_RDONLY|O_CLOEXEC) = -1 ENOENT (No such file or directory)
openat(AT_FDCWD, "/usr/share/click/preinstalled/.click/users/@all/com.ubuntu.filemanager/lib/libmircore.so.1", O_RDONLY|O_CLOEXEC) = -1 ENOENT (No such file or directory)
openat(AT_FDCWD, "/usr/lib/aarch64-linux-gnu/libmircore.so.1", O_RDONLY|O_CLOEXEC) = 3
openat(AT_FDCWD, "/usr/share/click/preinstalled/.click/users/@all/com.ubuntu.filemanager/lib/aarch64-linux-gnu/libboost_system.so.1.58.0", O_RDONLY|O_CLOEXEC) = -1 ENOENT (No such file or directory)
openat(AT_FDCWD, "/usr/share/click/preinstalled/.click/users/@all/com.ubuntu.filemanager/lib/libboost_system.so.1.58.0", O_RDONLY|O_CLOEXEC) = -1 ENOENT (No such file or directory)
openat(AT_FDCWD, "/usr/lib/aarch64-linux-gnu/libboost_system.so.1.58.0", O_RDONLY|O_CLOEXEC) = 3
openat(AT_FDCWD, "/usr/share/click/preinstalled/.click/users/@all/com.ubuntu.filemanager/lib/aarch64-linux-gnu/libprotobuf-lite.so.9", O_RDONLY|O_CLOEXEC) = -1 ENOENT (No such file or directory)
openat(AT_FDCWD, "/usr/share/click/preinstalled/.click/users/@all/com.ubuntu.filemanager/lib/libprotobuf-lite.so.9", O_RDONLY|O_CLOEXEC) = -1 ENOENT (No such file or directory)
openat(AT_FDCWD, "/usr/lib/aarch64-linux-gnu/libprotobuf-lite.so.9", O_RDONLY|O_CLOEXEC) = 3
openat(AT_FDCWD, "/usr/share/click/preinstalled/.click/users/@all/com.ubuntu.filemanager/lib/aarch64-linux-gnu/libstdc++.so.6", O_RDONLY|O_CLOEXEC) = -1 ENOENT (No such file or directory)
openat(AT_FDCWD, "/usr/share/click/preinstalled/.click/users/@all/com.ubuntu.filemanager/lib/libstdc++.so.6", O_RDONLY|O_CLOEXEC) = -1 ENOENT (No such file or directory)
openat(AT_FDCWD, "/usr/lib/aarch64-linux-gnu/libstdc++.so.6", O_RDONLY|O_CLOEXEC) = 3
openat(AT_FDCWD, "/usr/share/click/preinstalled/.click/users/@all/com.ubuntu.filemanager/lib/aarch64-linux-gnu/libgcc_s.so.1", O_RDONLY|O_CLOEXEC) = -1 ENOENT (No such file or directory)
openat(AT_FDCWD, "/usr/share/click/preinstalled/.click/users/@all/com.ubuntu.filemanager/lib/libgcc_s.so.1", O_RDONLY|O_CLOEXEC) = -1 ENOENT (No such file or directory)
openat(AT_FDCWD, "/lib/aarch64-linux-gnu/libgcc_s.so.1", O_RDONLY|O_CLOEXEC) = 3
openat(AT_FDCWD, "/usr/share/click/preinstalled/.click/users/@all/com.ubuntu.filemanager/lib/aarch64-linux-gnu/libXau.so.6", O_RDONLY|O_CLOEXEC) = -1 ENOENT (No such file or directory)
openat(AT_FDCWD, "/usr/share/click/preinstalled/.click/users/@all/com.ubuntu.filemanager/lib/libXau.so.6", O_RDONLY|O_CLOEXEC) = -1 ENOENT (No such file or directory)
openat(AT_FDCWD, "/usr/lib/aarch64-linux-gnu/libXau.so.6", O_RDONLY|O_CLOEXEC) = 3
openat(AT_FDCWD, "/usr/share/click/preinstalled/.click/users/@all/com.ubuntu.filemanager/lib/aarch64-linux-gnu/libXdmcp.so.6", O_RDONLY|O_CLOEXEC) = -1 ENOENT (No such file or directory)
openat(AT_FDCWD, "/usr/share/click/preinstalled/.click/users/@all/com.ubuntu.filemanager/lib/libXdmcp.so.6", O_RDONLY|O_CLOEXEC) = -1 ENOENT (No such file or directory)
openat(AT_FDCWD, "/usr/lib/aarch64-linux-gnu/libXdmcp.so.6", O_RDONLY|O_CLOEXEC) = 3
openat(AT_FDCWD, "/usr/share/click/preinstalled/.click/users/@all/com.ubuntu.filemanager/lib/aarch64-linux-gnu/libsystemd.so.0", O_RDONLY|O_CLOEXEC) = -1 ENOENT (No such file or directory)
openat(AT_FDCWD, "/usr/share/click/preinstalled/.click/users/@all/com.ubuntu.filemanager/lib/libsystemd.so.0", O_RDONLY|O_CLOEXEC) = -1 ENOENT (No such file or directory)
openat(AT_FDCWD, "/lib/aarch64-linux-gnu/libsystemd.so.0", O_RDONLY|O_CLOEXEC) = 3
openat(AT_FDCWD, "/usr/share/click/preinstalled/.click/users/@all/com.ubuntu.filemanager/lib/aarch64-linux-gnu/libgraphite2.so.3", O_RDONLY|O_CLOEXEC) = -1 ENOENT (No such file or directory)
openat(AT_FDCWD, "/usr/share/click/preinstalled/.click/users/@all/com.ubuntu.filemanager/lib/libgraphite2.so.3", O_RDONLY|O_CLOEXEC) = -1 ENOENT (No such file or directory)
openat(AT_FDCWD, "/usr/lib/aarch64-linux-gnu/libgraphite2.so.3", O_RDONLY|O_CLOEXEC) = 3
openat(AT_FDCWD, "/usr/share/click/preinstalled/.click/users/@all/com.ubuntu.filemanager/lib/aarch64-linux-gnu/libdatrie.so.1", O_RDONLY|O_CLOEXEC) = -1 ENOENT (No such file or directory)
openat(AT_FDCWD, "/usr/share/click/preinstalled/.click/users/@all/com.ubuntu.filemanager/lib/libdatrie.so.1", O_RDONLY|O_CLOEXEC) = -1 ENOENT (No such file or directory)
openat(AT_FDCWD, "/usr/lib/aarch64-linux-gnu/libdatrie.so.1", O_RDONLY|O_CLOEXEC) = 3
openat(AT_FDCWD, "/usr/share/click/preinstalled/.click/users/@all/com.ubuntu.filemanager/lib/aarch64-linux-gnu/libboost_filesystem.so.1.58.0", O_RDONLY|O_CLOEXEC) = -1 ENOENT (No such file or directory)
openat(AT_FDCWD, "/usr/share/click/preinstalled/.click/users/@all/com.ubuntu.filemanager/lib/libboost_filesystem.so.1.58.0", O_RDONLY|O_CLOEXEC) = -1 ENOENT (No such file or directory)
openat(AT_FDCWD, "/usr/lib/aarch64-linux-gnu/libboost_filesystem.so.1.58.0", O_RDONLY|O_CLOEXEC) = 3
openat(AT_FDCWD, "/usr/share/click/preinstalled/.click/users/@all/com.ubuntu.filemanager/lib/aarch64-linux-gnu/libkj-0.5.3.so", O_RDONLY|O_CLOEXEC) = -1 ENOENT (No such file or directory)
openat(AT_FDCWD, "/usr/share/click/preinstalled/.click/users/@all/com.ubuntu.filemanager/lib/libkj-0.5.3.so", O_RDONLY|O_CLOEXEC) = -1 ENOENT (No such file or directory)
openat(AT_FDCWD, "/usr/lib/aarch64-linux-gnu/libkj-0.5.3.so", O_RDONLY|O_CLOEXEC) = 3
openat(AT_FDCWD, "/usr/share/click/preinstalled/.click/users/@all/com.ubuntu.filemanager/lib/aarch64-linux-gnu/liblzma.so.5", O_RDONLY|O_CLOEXEC) = -1 ENOENT (No such file or directory)
openat(AT_FDCWD, "/usr/share/click/preinstalled/.click/users/@all/com.ubuntu.filemanager/lib/liblzma.so.5", O_RDONLY|O_CLOEXEC) = -1 ENOENT (No such file or directory)
openat(AT_FDCWD, "/lib/aarch64-linux-gnu/liblzma.so.5", O_RDONLY|O_CLOEXEC) = 3
openat(AT_FDCWD, "/usr/share/click/preinstalled/.click/users/@all/com.ubuntu.filemanager/lib/aarch64-linux-gnu/libgcrypt.so.20", O_RDONLY|O_CLOEXEC) = -1 ENOENT (No such file or directory)
openat(AT_FDCWD, "/usr/share/click/preinstalled/.click/users/@all/com.ubuntu.filemanager/lib/libgcrypt.so.20", O_RDONLY|O_CLOEXEC) = -1 ENOENT (No such file or directory)
openat(AT_FDCWD, "/lib/aarch64-linux-gnu/libgcrypt.so.20", O_RDONLY|O_CLOEXEC) = 3
openat(AT_FDCWD, "/usr/share/click/preinstalled/.click/users/@all/com.ubuntu.filemanager/lib/aarch64-linux-gnu/libgpg-error.so.0", O_RDONLY|O_CLOEXEC) = -1 ENOENT (No such file or directory)
openat(AT_FDCWD, "/usr/share/click/preinstalled/.click/users/@all/com.ubuntu.filemanager/lib/libgpg-error.so.0", O_RDONLY|O_CLOEXEC) = -1 ENOENT (No such file or directory)
openat(AT_FDCWD, "/lib/aarch64-linux-gnu/libgpg-error.so.0", O_RDONLY|O_CLOEXEC) = 3
openat(AT_FDCWD, "/proc/filesystems", O_RDONLY) = 3
openat(AT_FDCWD, "/usr/share/click/preinstalled/.click/users/@all/com.ubuntu.filemanager/lib/aarch64-linux-gnu/liblttng-ust-tracepoint.so.0", O_RDONLY|O_CLOEXEC) = -1 ENOENT (No such file or directory)
openat(AT_FDCWD, "/usr/share/click/preinstalled/.click/users/@all/com.ubuntu.filemanager/lib/liblttng-ust-tracepoint.so.0", O_RDONLY|O_CLOEXEC) = -1 ENOENT (No such file or directory)
openat(AT_FDCWD, "/etc/ld.so.cache", O_RDONLY|O_CLOEXEC) = 3
openat(AT_FDCWD, "/usr/lib/aarch64-linux-gnu/liblttng-ust-tracepoint.so.0", O_RDONLY|O_CLOEXEC) = 3
openat(AT_FDCWD, "/usr/share/click/preinstalled/.click/users/@all/com.ubuntu.filemanager/lib/aarch64-linux-gnu/liburcu-bp.so.4", O_RDONLY|O_CLOEXEC) = -1 ENOENT (No such file or directory)
openat(AT_FDCWD, "/usr/share/click/preinstalled/.click/users/@all/com.ubuntu.filemanager/lib/liburcu-bp.so.4", O_RDONLY|O_CLOEXEC) = -1 ENOENT (No such file or directory)
openat(AT_FDCWD, "/usr/lib/aarch64-linux-gnu/liburcu-bp.so.4", O_RDONLY|O_CLOEXEC) = 3
openat(AT_FDCWD, "/usr/lib/locale/locale-archive", O_RDONLY|O_CLOEXEC) = 4
openat(AT_FDCWD, "/usr/share/locale/locale.alias", O_RDONLY|O_CLOEXEC) = 4
openat(AT_FDCWD, "/usr/share/locale/en_US/LC_MESSAGES/gtk30.mo", O_RDONLY) = -1 ENOENT (No such file or directory)
openat(AT_FDCWD, "/usr/share/locale/en/LC_MESSAGES/gtk30.mo", O_RDONLY) = -1 ENOENT (No such file or directory)
openat(AT_FDCWD, "/usr/share/locale-langpack/en_US/LC_MESSAGES/gtk30.mo", O_RDONLY) = -1 ENOENT (No such file or directory)
openat(AT_FDCWD, "/usr/share/locale-langpack/en/LC_MESSAGES/gtk30.mo", O_RDONLY) = 4
openat(AT_FDCWD, "/usr/share/locale/en_US/LC_MESSAGES/glib20.mo", O_RDONLY) = -1 ENOENT (No such file or directory)
openat(AT_FDCWD, "/usr/share/locale/en/LC_MESSAGES/glib20.mo", O_RDONLY) = -1 ENOENT (No such file or directory)
openat(AT_FDCWD, "/usr/share/locale-langpack/en_US/LC_MESSAGES/glib20.mo", O_RDONLY) = -1 ENOENT (No such file or directory)
openat(AT_FDCWD, "/usr/share/locale-langpack/en/LC_MESSAGES/glib20.mo", O_RDONLY) = -1 ENOENT (No such file or directory)
openat(AT_FDCWD, "/usr/share/locale/en_US/LC_MESSAGES/libc.mo", O_RDONLY) = -1 ENOENT (No such file or directory)
openat(AT_FDCWD, "/usr/share/locale/en/LC_MESSAGES/libc.mo", O_RDONLY) = -1 ENOENT (No such file or directory)
openat(AT_FDCWD, "/usr/share/locale-langpack/en_US/LC_MESSAGES/libc.mo", O_RDONLY) = -1 ENOENT (No such file or directory)
openat(AT_FDCWD, "/usr/share/locale-langpack/en/LC_MESSAGES/libc.mo", O_RDONLY) = -1 ENOENT (No such file or directory)
openat(AT_FDCWD, "/usr/share/locale/en_US/LC_MESSAGES/gtk30-properties.mo", O_RDONLY) = -1 ENOENT (No such file or directory)
openat(AT_FDCWD, "/usr/share/locale/en/LC_MESSAGES/gtk30-properties.mo", O_RDONLY) = -1 ENOENT (No such file or directory)
openat(AT_FDCWD, "/usr/share/locale-langpack/en_US/LC_MESSAGES/gtk30-properties.mo", O_RDONLY) = -1 ENOENT (No such file or directory)
openat(AT_FDCWD, "/usr/share/locale-langpack/en/LC_MESSAGES/gtk30-properties.mo", O_RDONLY) = 4
openat(AT_FDCWD, "/custom/usr/share/glib-2.0/schemas/gschemas.compiled", O_RDONLY) = -1 ENOENT (No such file or directory)
openat(AT_FDCWD, "/usr/lib/aarch64-linux-gnu/charset.alias", O_RDONLY) = -1 ENOENT (No such file or directory)
openat(AT_FDCWD, "/usr/share/glib-2.0/schemas/gschemas.compiled", O_RDONLY) = 8
openat(AT_FDCWD, "/usr/local/share/glib-2.0/schemas/gschemas.compiled", O_RDONLY) = -1 ENOENT (No such file or directory)
openat(AT_FDCWD, "/usr/share/ubuntu-touch/glib-2.0/schemas/gschemas.compiled", O_RDONLY) = -1 ENOENT (No such file or directory)
openat(AT_FDCWD, "/usr/share/ubuntu-touch/glib-2.0/schemas/gschemas.compiled", O_RDONLY) = -1 ENOENT (No such file or directory)
openat(AT_FDCWD, "/usr/share/click/preinstalled/.click/users/@all/com.ubuntu.filemanager/glib-2.0/schemas/gschemas.compiled", O_RDONLY) = -1 ENOENT (No such file or directory)
openat(AT_FDCWD, "/usr/lib/aarch64-linux-gnu/gio/modules", O_RDONLY|O_NONBLOCK|O_DIRECTORY|O_CLOEXEC) = 8
openat(AT_FDCWD, "/usr/lib/aarch64-linux-gnu/gio/modules/giomodule.cache", O_RDONLY) = 9
openat(AT_FDCWD, "/usr/lib/aarch64-linux-gnu/gio/modules/libgiolibproxy.so", O_RDONLY|O_CLOEXEC) = 9
openat(AT_FDCWD, "/usr/share/click/preinstalled/.click/users/@all/com.ubuntu.filemanager/lib/aarch64-linux-gnu/libproxy.so.1", O_RDONLY|O_CLOEXEC) = -1 ENOENT (No such file or directory)
openat(AT_FDCWD, "/usr/share/click/preinstalled/.click/users/@all/com.ubuntu.filemanager/lib/libproxy.so.1", O_RDONLY|O_CLOEXEC) = -1 ENOENT (No such file or directory)
openat(AT_FDCWD, "/etc/ld.so.cache", O_RDONLY|O_CLOEXEC) = 9
openat(AT_FDCWD, "/usr/lib/aarch64-linux-gnu/libproxy.so.1", O_RDONLY|O_CLOEXEC) = 9
openat(AT_FDCWD, "/usr/lib/aarch64-linux-gnu/gio/modules/libgiognutls.so", O_RDONLY|O_CLOEXEC) = 9
openat(AT_FDCWD, "/usr/share/click/preinstalled/.click/users/@all/com.ubuntu.filemanager/lib/aarch64-linux-gnu/libp11-kit.so.0", O_RDONLY|O_CLOEXEC) = -1 ENOENT (No such file or directory)
openat(AT_FDCWD, "/usr/share/click/preinstalled/.click/users/@all/com.ubuntu.filemanager/lib/libp11-kit.so.0", O_RDONLY|O_CLOEXEC) = -1 ENOENT (No such file or directory)
openat(AT_FDCWD, "/etc/ld.so.cache", O_RDONLY|O_CLOEXEC) = 9
openat(AT_FDCWD, "/usr/lib/aarch64-linux-gnu/libp11-kit.so.0", O_RDONLY|O_CLOEXEC) = 9
openat(AT_FDCWD, "/usr/share/click/preinstalled/.click/users/@all/com.ubuntu.filemanager/lib/aarch64-linux-gnu/libgnutls.so.30", O_RDONLY|O_CLOEXEC) = -1 ENOENT (No such file or directory)
openat(AT_FDCWD, "/usr/share/click/preinstalled/.click/users/@all/com.ubuntu.filemanager/lib/libgnutls.so.30", O_RDONLY|O_CLOEXEC) = -1 ENOENT (No such file or directory)
openat(AT_FDCWD, "/usr/lib/aarch64-linux-gnu/libgnutls.so.30", O_RDONLY|O_CLOEXEC) = 9
openat(AT_FDCWD, "/usr/share/click/preinstalled/.click/users/@all/com.ubuntu.filemanager/lib/aarch64-linux-gnu/libidn.so.11", O_RDONLY|O_CLOEXEC) = -1 ENOENT (No such file or directory)
openat(AT_FDCWD, "/usr/share/click/preinstalled/.click/users/@all/com.ubuntu.filemanager/lib/libidn.so.11", O_RDONLY|O_CLOEXEC) = -1 ENOENT (No such file or directory)
openat(AT_FDCWD, "/usr/lib/aarch64-linux-gnu/libidn.so.11", O_RDONLY|O_CLOEXEC) = 9
openat(AT_FDCWD, "/usr/share/click/preinstalled/.click/users/@all/com.ubuntu.filemanager/lib/aarch64-linux-gnu/libtasn1.so.6", O_RDONLY|O_CLOEXEC) = -1 ENOENT (No such file or directory)
openat(AT_FDCWD, "/usr/share/click/preinstalled/.click/users/@all/com.ubuntu.filemanager/lib/libtasn1.so.6", O_RDONLY|O_CLOEXEC) = -1 ENOENT (No such file or directory)
openat(AT_FDCWD, "/usr/lib/aarch64-linux-gnu/libtasn1.so.6", O_RDONLY|O_CLOEXEC) = 9
openat(AT_FDCWD, "/usr/share/click/preinstalled/.click/users/@all/com.ubuntu.filemanager/lib/aarch64-linux-gnu/libnettle.so.6", O_RDONLY|O_CLOEXEC) = -1 ENOENT (No such file or directory)
openat(AT_FDCWD, "/usr/share/click/preinstalled/.click/users/@all/com.ubuntu.filemanager/lib/libnettle.so.6", O_RDONLY|O_CLOEXEC) = -1 ENOENT (No such file or directory)
openat(AT_FDCWD, "/usr/lib/aarch64-linux-gnu/libnettle.so.6", O_RDONLY|O_CLOEXEC) = 9
openat(AT_FDCWD, "/usr/share/click/preinstalled/.click/users/@all/com.ubuntu.filemanager/lib/aarch64-linux-gnu/libhogweed.so.4", O_RDONLY|O_CLOEXEC) = -1 ENOENT (No such file or directory)
openat(AT_FDCWD, "/usr/share/click/preinstalled/.click/users/@all/com.ubuntu.filemanager/lib/libhogweed.so.4", O_RDONLY|O_CLOEXEC) = -1 ENOENT (No such file or directory)
openat(AT_FDCWD, "/usr/lib/aarch64-linux-gnu/libhogweed.so.4", O_RDONLY|O_CLOEXEC) = 9
openat(AT_FDCWD, "/usr/share/click/preinstalled/.click/users/@all/com.ubuntu.filemanager/lib/aarch64-linux-gnu/libgmp.so.10", O_RDONLY|O_CLOEXEC) = -1 ENOENT (No such file or directory)
openat(AT_FDCWD, "/usr/share/click/preinstalled/.click/users/@all/com.ubuntu.filemanager/lib/libgmp.so.10", O_RDONLY|O_CLOEXEC) = -1 ENOENT (No such file or directory)
openat(AT_FDCWD, "/usr/lib/aarch64-linux-gnu/libgmp.so.10", O_RDONLY|O_CLOEXEC) = 9
openat(AT_FDCWD, "/dev/urandom", O_RDONLY) = 9
openat(AT_FDCWD, "/usr/lib/aarch64-linux-gnu/gio/modules/libgiognomeproxy.so", O_RDONLY|O_CLOEXEC) = 9
openat(AT_FDCWD, "/usr/lib/gio/modules", O_RDONLY|O_NONBLOCK|O_DIRECTORY|O_CLOEXEC) = -1 ENOENT (No such file or directory)
openat(AT_FDCWD, "/usr/lib/aarch64-linux-gnu/gio/modules/libdconfsettings.so", O_RDONLY|O_CLOEXEC) = 8
openat(AT_FDCWD, "/tmp/camera-dconf", O_RDONLY) = -1 ENOENT (No such file or directory)
openat(AT_FDCWD, "/usr/share/X11/xkb/rules/evdev", O_RDONLY) = 8
openat(AT_FDCWD, "/usr/share/X11/xkb/keycodes/evdev", O_RDONLY) = 8
openat(AT_FDCWD, "/usr/share/X11/xkb/keycodes/aliases", O_RDONLY) = 8
openat(AT_FDCWD, "/usr/share/X11/xkb/types/complete", O_RDONLY) = 8
openat(AT_FDCWD, "/usr/share/X11/xkb/types/basic", O_RDONLY) = 8
openat(AT_FDCWD, "/usr/share/X11/xkb/types/mousekeys", O_RDONLY) = 8
openat(AT_FDCWD, "/usr/share/X11/xkb/types/pc", O_RDONLY) = 8
openat(AT_FDCWD, "/usr/share/X11/xkb/types/iso9995", O_RDONLY) = 8
openat(AT_FDCWD, "/usr/share/X11/xkb/types/level5", O_RDONLY) = 8
openat(AT_FDCWD, "/usr/share/X11/xkb/types/extra", O_RDONLY) = 8
openat(AT_FDCWD, "/usr/share/X11/xkb/types/numpad", O_RDONLY) = 8
openat(AT_FDCWD, "/usr/share/X11/xkb/types/extra", O_RDONLY) = 8
openat(AT_FDCWD, "/usr/share/X11/xkb/compat/complete", O_RDONLY) = 8
openat(AT_FDCWD, "/usr/share/X11/xkb/compat/basic", O_RDONLY) = 8
openat(AT_FDCWD, "/usr/share/X11/xkb/compat/ledcaps", O_RDONLY) = 8
openat(AT_FDCWD, "/usr/share/X11/xkb/compat/lednum", O_RDONLY) = 8
openat(AT_FDCWD, "/usr/share/X11/xkb/compat/iso9995", O_RDONLY) = 8
openat(AT_FDCWD, "/usr/share/X11/xkb/compat/mousekeys", O_RDONLY) = 8
openat(AT_FDCWD, "/usr/share/X11/xkb/compat/accessx", O_RDONLY) = 8
openat(AT_FDCWD, "/usr/share/X11/xkb/compat/misc", O_RDONLY) = 8
openat(AT_FDCWD, "/usr/share/X11/xkb/compat/ledscroll", O_RDONLY) = 8
openat(AT_FDCWD, "/usr/share/X11/xkb/compat/misc", O_RDONLY) = 8
openat(AT_FDCWD, "/usr/share/X11/xkb/compat/xfree86", O_RDONLY) = 8
openat(AT_FDCWD, "/usr/share/X11/xkb/compat/level5", O_RDONLY) = 8
openat(AT_FDCWD, "/usr/share/X11/xkb/compat/caps", O_RDONLY) = 8
openat(AT_FDCWD, "/usr/share/X11/xkb/symbols/pc", O_RDONLY) = 8
openat(AT_FDCWD, "/usr/share/X11/xkb/symbols/srvr_ctrl", O_RDONLY) = 8
openat(AT_FDCWD, "/usr/share/X11/xkb/symbols/pc", O_RDONLY) = 8
openat(AT_FDCWD, "/usr/share/X11/xkb/symbols/keypad", O_RDONLY) = 8
openat(AT_FDCWD, "/usr/share/X11/xkb/symbols/keypad", O_RDONLY) = 8
openat(AT_FDCWD, "/usr/share/X11/xkb/symbols/altwin", O_RDONLY) = 8
openat(AT_FDCWD, "/usr/share/X11/xkb/symbols/us", O_RDONLY) = 8
openat(AT_FDCWD, "/usr/share/X11/xkb/symbols/inet", O_RDONLY) = 8
openat(AT_FDCWD, "/usr/share/locale/en_US/LC_MESSAGES/atk10.mo", O_RDONLY) = -1 ENOENT (No such file or directory)
openat(AT_FDCWD, "/usr/share/locale/en/LC_MESSAGES/atk10.mo", O_RDONLY) = -1 ENOENT (No such file or directory)
openat(AT_FDCWD, "/usr/share/locale-langpack/en_US/LC_MESSAGES/atk10.mo", O_RDONLY) = -1 ENOENT (No such file or directory)
openat(AT_FDCWD, "/usr/share/locale-langpack/en/LC_MESSAGES/atk10.mo", O_RDONLY) = -1 ENOENT (No such file or directory)
openat(AT_FDCWD, "/usr/share/locale/locale.alias", O_RDONLY) = 9
openat(AT_FDCWD, "/etc/gtk-3.0/settings.ini", O_RDONLY) = 9
openat(AT_FDCWD, "/usr/lib/aarch64-linux-gnu/gdk-pixbuf-2.0/2.10.0/loaders.cache", O_RDONLY) = 9
openat(AT_FDCWD, "/run/user/32011/wayland-cursor-shared-1XvYUj", O_RDWR|O_CREAT|O_EXCL|O_CLOEXEC, 0600) = 9
openat(AT_FDCWD, "/home/phablet/.icons/Adwaita/cursors/", O_RDONLY|O_NONBLOCK|O_DIRECTORY|O_CLOEXEC) = -1 ENOENT (No such file or directory)
openat(AT_FDCWD, "/home/phablet/.icons/Adwaita/index.theme", O_RDONLY) = -1 ENOENT (No such file or directory)
openat(AT_FDCWD, "/usr/share/icons/Adwaita/cursors/", O_RDONLY|O_NONBLOCK|O_DIRECTORY|O_CLOEXEC) = -1 ENOENT (No such file or directory)
openat(AT_FDCWD, "/usr/share/icons/Adwaita/index.theme", O_RDONLY) = 11
openat(AT_FDCWD, "/usr/share/pixmaps/Adwaita/cursors/", O_RDONLY|O_NONBLOCK|O_DIRECTORY|O_CLOEXEC) = -1 ENOENT (No such file or directory)
openat(AT_FDCWD, "/usr/share/pixmaps/Adwaita/index.theme", O_RDONLY) = -1 ENOENT (No such file or directory)
openat(AT_FDCWD, "/home/phablet/.cursors/Adwaita/cursors/", O_RDONLY|O_NONBLOCK|O_DIRECTORY|O_CLOEXEC) = -1 ENOENT (No such file or directory)
openat(AT_FDCWD, "/home/phablet/.cursors/Adwaita/index.theme", O_RDONLY) = -1 ENOENT (No such file or directory)
openat(AT_FDCWD, "/usr/share/cursors/xorg-x11/Adwaita/cursors/", O_RDONLY|O_NONBLOCK|O_DIRECTORY|O_CLOEXEC) = -1 ENOENT (No such file or directory)
openat(AT_FDCWD, "/usr/share/cursors/xorg-x11/Adwaita/index.theme", O_RDONLY) = -1 ENOENT (No such file or directory)
openat(AT_FDCWD, "/usr/share/icons/Adwaita/cursors/", O_RDONLY|O_NONBLOCK|O_DIRECTORY|O_CLOEXEC) = -1 ENOENT (No such file or directory)
openat(AT_FDCWD, "/usr/share/icons/Adwaita/index.theme", O_RDONLY) = 11
openat(AT_FDCWD, "/etc/fonts/fonts.conf", O_RDONLY|O_CLOEXEC) = 11
openat(AT_FDCWD, "/etc/fonts/conf.d", O_RDONLY|O_NONBLOCK|O_DIRECTORY|O_CLOEXEC) = 12
openat(AT_FDCWD, "/etc/fonts/conf.d/10-antialias.conf", O_RDONLY|O_CLOEXEC) = 13
openat(AT_FDCWD, "/etc/fonts/conf.d/10-hinting-slight.conf", O_RDONLY|O_CLOEXEC) = 13
openat(AT_FDCWD, "/etc/fonts/conf.d/10-hinting.conf", O_RDONLY|O_CLOEXEC) = 13
openat(AT_FDCWD, "/etc/fonts/conf.d/10-scale-bitmap-fonts.conf", O_RDONLY|O_CLOEXEC) = 13
openat(AT_FDCWD, "/etc/fonts/conf.d/11-lcdfilter-default.conf", O_RDONLY|O_CLOEXEC) = 13
openat(AT_FDCWD, "/etc/fonts/conf.d/20-unhint-small-dejavu-lgc-sans-mono.conf", O_RDONLY|O_CLOEXEC) = 13
openat(AT_FDCWD, "/etc/fonts/conf.d/20-unhint-small-dejavu-lgc-sans.conf", O_RDONLY|O_CLOEXEC) = 13
openat(AT_FDCWD, "/etc/fonts/conf.d/20-unhint-small-dejavu-lgc-serif.conf", O_RDONLY|O_CLOEXEC) = 13
openat(AT_FDCWD, "/etc/fonts/conf.d/20-unhint-small-dejavu-sans-mono.conf", O_RDONLY|O_CLOEXEC) = 13
openat(AT_FDCWD, "/etc/fonts/conf.d/20-unhint-small-dejavu-sans.conf", O_RDONLY|O_CLOEXEC) = 13
openat(AT_FDCWD, "/etc/fonts/conf.d/20-unhint-small-dejavu-serif.conf", O_RDONLY|O_CLOEXEC) = 13
openat(AT_FDCWD, "/etc/fonts/conf.d/20-unhint-small-vera.conf", O_RDONLY|O_CLOEXEC) = 13
openat(AT_FDCWD, "/etc/fonts/conf.d/30-metric-aliases.conf", O_RDONLY|O_CLOEXEC) = 13
openat(AT_FDCWD, "/etc/fonts/conf.d/30-urw-aliases.conf", O_RDONLY|O_CLOEXEC) = 13
openat(AT_FDCWD, "/etc/fonts/conf.d/40-nonlatin.conf", O_RDONLY|O_CLOEXEC) = 13
openat(AT_FDCWD, "/etc/fonts/conf.d/45-latin.conf", O_RDONLY|O_CLOEXEC) = 13
openat(AT_FDCWD, "/etc/fonts/conf.d/49-sansserif.conf", O_RDONLY|O_CLOEXEC) = 13
openat(AT_FDCWD, "/etc/fonts/conf.d/50-user.conf", O_RDONLY|O_CLOEXEC) = 13
openat(AT_FDCWD, "/etc/fonts/conf.d/51-local.conf", O_RDONLY|O_CLOEXEC) = 13
openat(AT_FDCWD, "/etc/fonts/local.conf", O_RDONLY|O_CLOEXEC) = 14
openat(AT_FDCWD, "/etc/fonts/conf.d/56-emojione.conf", O_RDONLY|O_CLOEXEC) = 13
openat(AT_FDCWD, "/etc/fonts/conf.d/57-dejavu-sans-mono.conf", O_RDONLY|O_CLOEXEC) = 13
openat(AT_FDCWD, "/etc/fonts/conf.d/57-dejavu-sans.conf", O_RDONLY|O_CLOEXEC) = 13
openat(AT_FDCWD, "/etc/fonts/conf.d/57-dejavu-serif.conf", O_RDONLY|O_CLOEXEC) = 13
openat(AT_FDCWD, "/etc/fonts/conf.d/58-dejavu-lgc-sans-mono.conf", O_RDONLY|O_CLOEXEC) = 13
openat(AT_FDCWD, "/etc/fonts/conf.d/58-dejavu-lgc-sans.conf", O_RDONLY|O_CLOEXEC) = 13
openat(AT_FDCWD, "/etc/fonts/conf.d/58-dejavu-lgc-serif.conf", O_RDONLY|O_CLOEXEC) = 13
openat(AT_FDCWD, "/etc/fonts/conf.d/60-latin.conf", O_RDONLY|O_CLOEXEC) = 13
openat(AT_FDCWD, "/etc/fonts/conf.d/64-01-tlwg-kinnari.conf", O_RDONLY|O_CLOEXEC) = 13
openat(AT_FDCWD, "/etc/fonts/conf.d/65-droid-sans-fallback.conf", O_RDONLY|O_CLOEXEC) = 13
openat(AT_FDCWD, "/etc/fonts/conf.d/65-fonts-persian.conf", O_RDONLY|O_CLOEXEC) = 13
openat(AT_FDCWD, "/etc/fonts/conf.d/65-fonts-takao-pgothic.conf", O_RDONLY|O_CLOEXEC) = 13
openat(AT_FDCWD, "/etc/fonts/conf.d/65-nonlatin.conf", O_RDONLY|O_CLOEXEC) = 13
openat(AT_FDCWD, "/etc/fonts/conf.d/65-wqy-microhei.conf", O_RDONLY|O_CLOEXEC) = 13
openat(AT_FDCWD, "/etc/fonts/conf.d/66-lohit-devanagari.conf", O_RDONLY|O_CLOEXEC) = 13
openat(AT_FDCWD, "/etc/fonts/conf.d/66-lohit-punjabi.conf", O_RDONLY|O_CLOEXEC) = 13
openat(AT_FDCWD, "/etc/fonts/conf.d/69-unifont.conf", O_RDONLY|O_CLOEXEC) = 13
openat(AT_FDCWD, "/etc/fonts/conf.d/70-no-bitmaps.conf", O_RDONLY|O_CLOEXEC) = 13
openat(AT_FDCWD, "/etc/fonts/conf.d/80-delicious.conf", O_RDONLY|O_CLOEXEC) = 13
openat(AT_FDCWD, "/etc/fonts/conf.d/89-tlwg-kinnari-synthetic.conf", O_RDONLY|O_CLOEXEC) = 13
openat(AT_FDCWD, "/etc/fonts/conf.d/90-fonts-nanum.conf", O_RDONLY|O_CLOEXEC) = 13
openat(AT_FDCWD, "/etc/fonts/conf.d/90-synthetic.conf", O_RDONLY|O_CLOEXEC) = 13
openat(AT_FDCWD, "/usr/share/fonts", O_RDONLY|O_CLOEXEC) = 11
openat(AT_FDCWD, "/var/cache/fontconfig//3830d5c3ddfd5cd38a049b759396e72e-le64.cache-6", O_RDONLY|O_CLOEXEC) = 11
openat(AT_FDCWD, "/home/phablet/.cache/fontconfig//3830d5c3ddfd5cd38a049b759396e72e-le64.cache-6", O_RDONLY|O_CLOEXEC) = 11
openat(AT_FDCWD, "/usr/share/fonts", O_RDONLY|O_NONBLOCK|O_DIRECTORY|O_CLOEXEC) = 12
openat(AT_FDCWD, "/usr/local/share/fonts", O_RDONLY|O_CLOEXEC) = 11
openat(AT_FDCWD, "/var/cache/fontconfig//4c599c202bc5c08e2d34565a40eac3b2-le64.cache-6", O_RDONLY|O_CLOEXEC) = 11
openat(AT_FDCWD, "/home/phablet/.cache/fontconfig//4c599c202bc5c08e2d34565a40eac3b2-le64.cache-6", O_RDONLY|O_CLOEXEC) = 11
openat(AT_FDCWD, "/usr/local/share/fonts", O_RDONLY|O_NONBLOCK|O_DIRECTORY|O_CLOEXEC) = 12
openat(AT_FDCWD, "/usr/share/fonts/truetype", O_RDONLY|O_CLOEXEC) = 11
openat(AT_FDCWD, "/var/cache/fontconfig//7ef2298fde41cc6eeb7af42e48b7d293-le64.cache-6", O_RDONLY|O_CLOEXEC) = 11
openat(AT_FDCWD, "/home/phablet/.cache/fontconfig//7ef2298fde41cc6eeb7af42e48b7d293-le64.cache-6", O_RDONLY|O_CLOEXEC) = 11
openat(AT_FDCWD, "/usr/share/fonts/truetype", O_RDONLY|O_NONBLOCK|O_DIRECTORY|O_CLOEXEC) = 12
openat(AT_FDCWD, "/usr/share/fonts/truetype/ancient-scripts", O_RDONLY|O_CLOEXEC) = 11
openat(AT_FDCWD, "/var/cache/fontconfig//30829fa25452a46451e813d634d7f916-le64.cache-6", O_RDONLY|O_CLOEXEC) = 11
openat(AT_FDCWD, "/home/phablet/.cache/fontconfig//30829fa25452a46451e813d634d7f916-le64.cache-6", O_RDONLY|O_CLOEXEC) = 11
openat(AT_FDCWD, "/usr/share/fonts/truetype/ancient-scripts", O_RDONLY|O_NONBLOCK|O_DIRECTORY|O_CLOEXEC) = 12
openat(AT_FDCWD, "/usr/share/fonts/truetype/dejavu", O_RDONLY|O_CLOEXEC) = 11
openat(AT_FDCWD, "/var/cache/fontconfig//d589a48862398ed80a3d6066f4f56f4c-le64.cache-6", O_RDONLY|O_CLOEXEC) = 11
openat(AT_FDCWD, "/home/phablet/.cache/fontconfig//d589a48862398ed80a3d6066f4f56f4c-le64.cache-6", O_RDONLY|O_CLOEXEC) = 11
openat(AT_FDCWD, "/usr/share/fonts/truetype/dejavu", O_RDONLY|O_NONBLOCK|O_DIRECTORY|O_CLOEXEC) = 12
openat(AT_FDCWD, "/usr/share/fonts/truetype/droid", O_RDONLY|O_CLOEXEC) = 11
openat(AT_FDCWD, "/var/cache/fontconfig//3f7329c5293ffd510edef78f73874cfd-le64.cache-6", O_RDONLY|O_CLOEXEC) = 11
openat(AT_FDCWD, "/home/phablet/.cache/fontconfig//3f7329c5293ffd510edef78f73874cfd-le64.cache-6", O_RDONLY|O_CLOEXEC) = 11
openat(AT_FDCWD, "/usr/share/fonts/truetype/droid", O_RDONLY|O_NONBLOCK|O_DIRECTORY|O_CLOEXEC) = 12
openat(AT_FDCWD, "/usr/share/fonts/truetype/emojione", O_RDONLY|O_CLOEXEC) = 11
openat(AT_FDCWD, "/var/cache/fontconfig//023ac6bbd8abef569f9baf0c8abeadf0-le64.cache-6", O_RDONLY|O_CLOEXEC) = 11
openat(AT_FDCWD, "/home/phablet/.cache/fontconfig//023ac6bbd8abef569f9baf0c8abeadf0-le64.cache-6", O_RDONLY|O_CLOEXEC) = 11
openat(AT_FDCWD, "/usr/share/fonts/truetype/emojione", O_RDONLY|O_NONBLOCK|O_DIRECTORY|O_CLOEXEC) = 12
openat(AT_FDCWD, "/usr/share/fonts/truetype/liberation", O_RDONLY|O_CLOEXEC) = 11
openat(AT_FDCWD, "/var/cache/fontconfig//3047814df9a2f067bd2d96a2b9c36e5a-le64.cache-6", O_RDONLY|O_CLOEXEC) = 11
openat(AT_FDCWD, "/home/phablet/.cache/fontconfig//3047814df9a2f067bd2d96a2b9c36e5a-le64.cache-6", O_RDONLY|O_CLOEXEC) = 11
openat(AT_FDCWD, "/usr/share/fonts/truetype/liberation", O_RDONLY|O_NONBLOCK|O_DIRECTORY|O_CLOEXEC) = 12
openat(AT_FDCWD, "/usr/share/fonts/truetype/lohit-devanagari", O_RDONLY|O_CLOEXEC) = 11
openat(AT_FDCWD, "/var/cache/fontconfig//16c2fda60d1b4b719f4b3d06fd951d25-le64.cache-6", O_RDONLY|O_CLOEXEC) = 11
openat(AT_FDCWD, "/home/phablet/.cache/fontconfig//16c2fda60d1b4b719f4b3d06fd951d25-le64.cache-6", O_RDONLY|O_CLOEXEC) = 11
openat(AT_FDCWD, "/usr/share/fonts/truetype/lohit-devanagari", O_RDONLY|O_NONBLOCK|O_DIRECTORY|O_CLOEXEC) = 12
openat(AT_FDCWD, "/usr/share/fonts/truetype/lohit-punjabi", O_RDONLY|O_CLOEXEC) = 11
openat(AT_FDCWD, "/var/cache/fontconfig//bab58bb527bb656aaa9f116d68a48d89-le64.cache-6", O_RDONLY|O_CLOEXEC) = 11
openat(AT_FDCWD, "/home/phablet/.cache/fontconfig//bab58bb527bb656aaa9f116d68a48d89-le64.cache-6", O_RDONLY|O_CLOEXEC) = 11
openat(AT_FDCWD, "/usr/share/fonts/truetype/lohit-punjabi", O_RDONLY|O_NONBLOCK|O_DIRECTORY|O_CLOEXEC) = 12
openat(AT_FDCWD, "/usr/share/fonts/truetype/nanum", O_RDONLY|O_CLOEXEC) = 11
openat(AT_FDCWD, "/var/cache/fontconfig//8801497958630a81b71ace7c5f9b32a8-le64.cache-6", O_RDONLY|O_CLOEXEC) = 11
openat(AT_FDCWD, "/home/phablet/.cache/fontconfig//8801497958630a81b71ace7c5f9b32a8-le64.cache-6", O_RDONLY|O_CLOEXEC) = 11
openat(AT_FDCWD, "/usr/share/fonts/truetype/nanum", O_RDONLY|O_NONBLOCK|O_DIRECTORY|O_CLOEXEC) = 12
openat(AT_FDCWD, "/usr/share/fonts/truetype/takao-gothic", O_RDONLY|O_CLOEXEC) = 11
openat(AT_FDCWD, "/var/cache/fontconfig//385c0604a188198f04d133e54aba7fe7-le64.cache-6", O_RDONLY|O_CLOEXEC) = 11
openat(AT_FDCWD, "/home/phablet/.cache/fontconfig//385c0604a188198f04d133e54aba7fe7-le64.cache-6", O_RDONLY|O_CLOEXEC) = 11
openat(AT_FDCWD, "/usr/share/fonts/truetype/takao-gothic", O_RDONLY|O_NONBLOCK|O_DIRECTORY|O_CLOEXEC) = 12
openat(AT_FDCWD, "/usr/share/fonts/truetype/tlwg", O_RDONLY|O_CLOEXEC) = 11
openat(AT_FDCWD, "/var/cache/fontconfig//04aabc0a78ac019cf9454389977116d2-le64.cache-6", O_RDONLY|O_CLOEXEC) = 11
openat(AT_FDCWD, "/home/phablet/.cache/fontconfig//04aabc0a78ac019cf9454389977116d2-le64.cache-6", O_RDONLY|O_CLOEXEC) = 11
openat(AT_FDCWD, "/usr/share/fonts/truetype/tlwg", O_RDONLY|O_NONBLOCK|O_DIRECTORY|O_CLOEXEC) = 12
openat(AT_FDCWD, "/usr/share/fonts/truetype/ubuntu-font-family", O_RDONLY|O_CLOEXEC) = 11
openat(AT_FDCWD, "/var/cache/fontconfig//2cd17615ca594fa2959ae173292e504c-le64.cache-6", O_RDONLY|O_CLOEXEC) = 11
openat(AT_FDCWD, "/home/phablet/.cache/fontconfig//2cd17615ca594fa2959ae173292e504c-le64.cache-6", O_RDONLY|O_CLOEXEC) = 11
openat(AT_FDCWD, "/usr/share/fonts/truetype/ubuntu-font-family", O_RDONLY|O_NONBLOCK|O_DIRECTORY|O_CLOEXEC) = 12
openat(AT_FDCWD, "/usr/share/fonts/truetype/wqy", O_RDONLY|O_CLOEXEC) = 11
openat(AT_FDCWD, "/var/cache/fontconfig//99e8ed0e538f840c565b6ed5dad60d56-le64.cache-6", O_RDONLY|O_CLOEXEC) = 11
openat(AT_FDCWD, "/home/phablet/.cache/fontconfig//99e8ed0e538f840c565b6ed5dad60d56-le64.cache-6", O_RDONLY|O_CLOEXEC) = 11
openat(AT_FDCWD, "/usr/share/fonts/truetype/wqy", O_RDONLY|O_NONBLOCK|O_DIRECTORY|O_CLOEXEC) = 12
openat(AT_FDCWD, "/usr/share/fonts/truetype/dejavu/DejaVuSans.ttf", O_RDONLY) = 11
openat(AT_FDCWD, "/usr/share/fonts/truetype/dejavu/DejaVuSans-Bold.ttf", O_RDONLY) = 11
