
Reading symbols from ./shm...done.
Starting program: /usr/share/click/preinstalled/com.ubuntu.filemanager/0.7.5/shm 
[Thread debugging using libthread_db enabled]
Using host libthread_db library "/lib/aarch64-linux-gnu/libthread_db.so.1".
argv[0]=/usr/share/click/preinstalled/com.ubuntu.filemanager/0.7.5/shm
SHELL=/bin/bash
UBUNTU_APPLICATION_ISOLATION=1
GRID_UNIT_PX=14
XDG_CONFIG_DIRS=/etc/xdg/xdg-ubuntu-touch:/etc/xdg/xdg-ubuntu-touch:/etc/xdg
XDG_SESSION_PATH=/org/freedesktop/DisplayManager/Session0
GTK_IM_MODULE=Maliit
PULSE_PROP=media.role=multimedia
GNOME_KEYRING_CONTROL=
MIR_SERVER_PROMPT_FILE=1
QT_WAYLAND_DISABLE_WINDOWDECORATION=1
HOSTNAME=android
LANGUAGE=en_US:en
APP_ID=com.ubuntu.filemanager_filemanager_0.7.5
SSH_AUTH_SOCK=/tmp/ssh-945WDIp2TRs9/agent.2845
XDG_DATA_HOME=/home/phablet/.local/share
__GL_SHADER_DISK_CACHE_PATH=/home/phablet/.cache/com.ubuntu.filemanager
UBUNTU_APP_LAUNCH_ARCH=aarch64-linux-gnu
XDG_CONFIG_HOME=/home/phablet/.config
ANDROID_BOOTLOGO=1
DESKTOP_SESSION=ubuntu-touch
SSH_AGENT_PID=2887
XDG_SEAT=seat0
APP_EXEC=./run.sh
PWD=/usr/share/click/preinstalled/com.ubuntu.filemanager/0.7.5
LOGNAME=phablet
XDG_SESSION_DESKTOP=ubuntu-touch
QT_QPA_PLATFORMTHEME=ubuntuappmenu
XDG_SESSION_TYPE=mir
APP_XMIR_ENABLE=0
APP_LAUNCHER_PID=3463
_=/usr/bin/gdb
XDG_GREETER_DATA_DIR=/var/lib/lightdm-data/phablet
PULSE_SCRIPT=/etc/pulse/touch.pa
LINES=24
EXTERNAL_STORAGE=/mnt/sdcard
GDM_LANG=en_US
UBUNTU_PLATFORM_API_BACKEND=desktop_mirclient
HOME=/home/phablet
LANG=en_US.UTF-8
QV4_ENABLE_JIT_CACHE=1
XDG_CURRENT_DESKTOP=Unity
UPSTART_SESSION=unix:abstract=/com/ubuntu/upstart-session/32011/2845
COLUMNS=80
QT_EXCLUDE_GENERIC_BEARER=1
TMPDIR=/run/user/32011/confined/com.ubuntu.filemanager
XDG_SEAT_PATH=/org/freedesktop/DisplayManager/Seat0
PULSE_CLIENTCONFIG=/etc/pulse/touch-client.conf
GOROOT=
ANDROID_CACHE=/cache
APP_DESKTOP_FILE_PATH=/usr/share/click/preinstalled/.click/users/@all/com.ubuntu.filemanager/com.ubuntu.filemanager.desktop
QT_QPA_PLATFORM=wayland
XDG_CACHE_HOME=/home/phablet/.cache
FLASH_KERNEL_SKIP=true
ANDROID_DATA=/data
QT_ENABLE_GLYPH_CACHE_WORKAROUND=1
PULSE_PLAYBACK_CORK_STALLED=1
TERM=linux
MIR_SERVER_WAYLAND_HOST=/tmp/wayland-root
USER=phablet
UPSTART_INSTANCE=com.ubuntu.filemanager_filemanager_0.7.5
MIR_SOCKET=/run/user/32011/mir_socket
ASEC_MOUNTPOINT=/mnt/asec
QT_WAYLAND_FORCE_DPI=96
SHLVL=2
APP_DIR=/usr/share/click/preinstalled/.click/users/@all/com.ubuntu.filemanager
QT_IM_MODULE=maliitphablet
XDG_VTNR=1
ANDROID_ROOT=/system
XDG_SESSION_ID=c1
QT_FILE_SELECTORS=ubuntu-touch
WAYLAND_DEBUG=1
QML2_IMPORT_PATH=/usr/lib/aarch64-linux-gnu/qt5/imports:/usr/share/click/preinstalled/.click/users/@all/com.ubuntu.filemanager/lib/aarch64-linux-gnu
LD_LIBRARY_PATH=/usr/share/click/preinstalled/.click/users/@all/com.ubuntu.filemanager/lib/aarch64-linux-gnu:/usr/share/click/preinstalled/.click/users/@all/com.ubuntu.filemanager/lib
QML_NO_TOUCH_COMPRESSION=1
XDG_RUNTIME_DIR=/run/user/32011
LOOP_MOUNTPOINT=/mnt/obb
NATIVE_ORIENTATION=Portrait
MIR_SERVER_NAME=session-0
GNOME_KEYRING_PID=
XDG_DATA_DIRS=/usr/share/click/preinstalled/.click/users/@all/com.ubuntu.filemanager:/usr/share/ubuntu-touch:/usr/share/ubuntu-touch:/usr/local/share/:/usr/share/:/custom/usr/share/
PATH=/usr/share/click/preinstalled/.click/users/@all/com.ubuntu.filemanager/lib/aarch64-linux-gnu/bin:/usr/share/click/preinstalled/.click/users/@all/com.ubuntu.filemanager:/home/phablet/go-1.14.4/bin:/home/phablet/go-1.13.6/bin:/usr/lib/go-1.13.6/bin:/home/phablet/bin:/home/phablet/.local/bin:/usr/local/sbin:/usr/local/bin:/usr/sbin:/usr/bin:/sbin:/bin
ANDROID_PROPERTY_WORKSPACE=8,49152
MKSH=/system/bin/sh
GDMSESSION=ubuntu-touch
DBUS_SESSION_BUS_ADDRESS=unix:abstract=/tmp/dbus-PXsGlHLKG8
LIMA_DEBUG=notiling
UPSTART_JOB=application-click
QT_SELECT=qt5
ANDROID_ASSETS=/system/app
QTWEBKIT_DPR=1
UBUNTU_APP_LAUNCH_XMIR_PATH=/usr/bin/libertine-xmir
Connecting to display...
[2256667.179]  -> wl_display@1.get_registry(new id wl_registry@2)
[2256667.370]  -> wl_display@1.sync(new id wl_callback@3)
[2256685.638] wl_display@1.delete_id(3)
[2256685.759] wl_registry@2.global(1, "wl_drm", 2)
[2256685.861]  -> wl_registry@2.bind(1, "wl_drm", 2, new id [unknown]@4)
[2256685.971] wl_registry@2.global(2, "qt_windowmanager", 1)
[2256686.061] wl_registry@2.global(3, "wl_compositor", 4)
[2256686.147]  -> wl_registry@2.bind(3, "wl_compositor", 3, new id [unknown]@5)
[2256686.340] wl_registry@2.global(4, "wl_subcompositor", 1)
[2256686.421] wl_registry@2.global(5, "wl_seat", 6)
[2256686.504] wl_registry@2.global(6, "wl_output", 3)
[2256686.565] wl_registry@2.global(7, "wl_data_device_manager", 3)
[2256686.642] wl_registry@2.global(8, "wl_shell", 1)
[2256686.729]  -> wl_registry@2.bind(8, "wl_shell", 1, new id [unknown]@6)
[2256686.839] wl_registry@2.global(9, "zxdg_shell_v6", 1)
[2256686.929]  -> wl_registry@2.bind(9, "zxdg_shell_v6", 1, new id [unknown]@7)
[2256686.999] wl_registry@2.global(10, "xdg_wm_base", 1)
[2256687.106] wl_registry@2.global(11, "wl_shm", 1)
[2256687.194]  -> wl_registry@2.bind(11, "wl_shm", 1, new id [unknown]@8)
[2256687.324] wl_callback@3.done(95)
[2256687.384]  -> wl_compositor@5.create_surface(new id wl_surface@3)
[2256687.443]  -> wl_display@1.sync(new id wl_callback@9)
[2256688.519] wl_display@1.delete_id(9)
[2256688.623] wl_shm@8.format(0)
Possible shmem format ARGB8888
[2256688.707] wl_shm@8.format(1)
Creating pool...
[2256689.198]  -> wl_shm@8.create_pool(new id wl_shm_pool@10, fd 5, 230400)
[2256689.355]  -> wl_display@1.sync(new id wl_callback@11)
[2256689.415] wl_callback@9.done(95)
[2256689.732] wl_display@1.delete_id(11)
[2256689.799] wl_callback@11.done(95)
Possible shmem format XRGB8888
[2256689.876]  -> wl_shell@6.get_shell_surface(new id wl_shell_surface@11, wl_surface@3)
[2256689.944]  -> wl_shell_surface@11.set_toplevel()
[2256690.125]  -> wl_display@1.sync(new id wl_callback@9)
[2256691.045] wl_display@1.delete_id(9)
[2256691.139] wl_callback@9.done(95)
Creating opaque region...
[2256691.208]  -> wl_compositor@5.create_region(new id wl_region@9)
[2256691.266]  -> wl_region@9.add(0, 0, 480, 360)
[2256691.826]  -> wl_surface@3.set_opaque_region(wl_region@9)
[2256691.920]  -> wl_display@1.sync(new id wl_callback@12)
[2256695.211] wl_display@1.delete_id(12)
[2256695.275] wl_callback@12.done(95)
Init EGL...
Created egl display
[2256696.096]  -> wl_display@1.get_registry(new id wl_registry@12)
[2256696.186]  -> wl_display@1.sync(new id wl_callback@13)
[2256696.520] wl_display@1.delete_id(13)
[2256696.587] wl_registry@12.global(1, "wl_drm", 2)
[2256696.654]  -> wl_registry@12.bind(1, "wl_drm", 2, new id [unknown]@14)
[2256696.728] wl_registry@12.global(2, "qt_windowmanager", 1)
[2256696.797] wl_registry@12.global(3, "wl_compositor", 4)
[2256696.872] wl_registry@12.global(4, "wl_subcompositor", 1)
[2256696.924] wl_registry@12.global(5, "wl_seat", 6)
[2256696.987] wl_registry@12.global(6, "wl_output", 3)
[2256697.056] wl_registry@12.global(7, "wl_data_device_manager", 3)
[2256697.128] wl_registry@12.global(8, "wl_shell", 1)
[2256697.207] wl_registry@12.global(9, "zxdg_shell_v6", 1)
[2256697.242] wl_registry@12.global(10, "xdg_wm_base", 1)
[2256697.275] wl_registry@12.global(11, "wl_shm", 1)
[2256697.311] wl_callback@13.done(95)
[2256697.358]  -> wl_display@1.sync(new id wl_callback@13)
[2256698.387] wl_display@1.delete_id(13)
[2256698.469] wl_drm@14.device("/dev/dri/card1")
[2256698.808]  -> wl_drm@14.authenticate(4)
[2256698.863] wl_drm@14.format(875713089)
[2256698.901] wl_drm@14.format(875713112)
[2256698.934] wl_drm@14.format(909199186)
[2256698.968] wl_drm@14.format(961959257)
[2256699.001] wl_drm@14.format(825316697)
[2256699.037] wl_drm@14.format(842093913)
[2256699.070] wl_drm@14.format(909202777)
[2256699.105] wl_drm@14.format(875713881)
[2256699.143] wl_drm@14.format(842094158)
[2256699.178] wl_drm@14.format(909203022)
[2256699.216] wl_drm@14.format(1448695129)
[2256699.248] wl_drm@14.capabilities(1)
[2256699.287] wl_callback@13.done(95)
[2256699.335]  -> wl_display@1.sync(new id wl_callback@13)
[2256703.853] wl_display@1.delete_id(13)
[2256703.960] wl_drm@14.authenticated()
[2256703.993] wl_callback@13.done(95)
EGL major: 1, minor 4
EGL has 14 configs
Buffer size for config 0 is 24
Red size for config 0 is 8
[2257108.007]  -> wl_display@1.sync(new id wl_callback@13)
[2257108.360] wl_display@1.delete_id(13)
[2257108.418] wl_callback@13.done(95)
Creating window...
Created egl window
Made current
Rendering display...
[2257120.075]  -> wl_surface@3.frame(new id wl_callback@13)
[2257120.384]  -> wl_drm@14.create_prime_buffer(new id wl_buffer@15, fd 10, 480, 360, 875713112, 0, 1920, 0, 0, 0, 0)
[2257120.560]  -> wl_surface@3.attach(wl_buffer@15, 0, 0)
[2257120.613]  -> wl_surface@3.damage(0, 0, 2147483647, 2147483647)
[2257120.708]  -> wl_surface@3.commit()
Swapped buffers
[2257120.832]  -> wl_display@1.sync(new id wl_callback@16)
[2257122.150] wl_display@1.delete_id(16)
[2257122.400] wl_callback@16.done(95)
Dispatching display...
[2257262.388] wl_display@1.delete_id(13)
