[2020-07-15:21:54:17.781] qml: updateLightState: onBatteryLevelChanged, indicatorState: INDICATOR_OFF, supportsMultiColorLed: true, hasMessages: false, icon: battery-low-charging-symbolic, displayStatus: 1, deviceState: charging, batteryLevel: 24
[2020-07-15:21:56:17.822] qml: updateLightState: onBatteryLevelChanged, indicatorState: INDICATOR_OFF, supportsMultiColorLed: true, hasMessages: false, icon: battery-low-charging-symbolic, displayStatus: 1, deviceState: charging, batteryLevel: 28
[2020-07-15:21:58:17.874] qml: updateLightState: onBatteryIconNameChanged, indicatorState: INDICATOR_OFF, supportsMultiColorLed: true, hasMessages: false, icon: battery-good-charging-symbolic, displayStatus: 1, deviceState: charging, batteryLevel: 28
[2020-07-15:21:58:17.884] qml: updateLightState: onBatteryLevelChanged, indicatorState: INDICATOR_OFF, supportsMultiColorLed: true, hasMessages: false, icon: battery-good-charging-symbolic, displayStatus: 1, deviceState: charging, batteryLevel: 32
[2020-07-15:22:00:17.855] qml: updateLightState: onBatteryLevelChanged, indicatorState: INDICATOR_OFF, supportsMultiColorLed: true, hasMessages: false, icon: battery-good-charging-symbolic, displayStatus: 1, deviceState: charging, batteryLevel: 34
[2020-07-15:22:02:17.832] qml: updateLightState: onBatteryLevelChanged, indicatorState: INDICATOR_OFF, supportsMultiColorLed: true, hasMessages: false, icon: battery-good-charging-symbolic, displayStatus: 1, deviceState: charging, batteryLevel: 35
[2020-07-15:22:04:17.797] qml: updateLightState: onBatteryLevelChanged, indicatorState: INDICATOR_OFF, supportsMultiColorLed: true, hasMessages: false, icon: battery-good-charging-symbolic, displayStatus: 1, deviceState: charging, batteryLevel: 36
[2020-07-15:22:06:17.867] qml: updateLightState: onBatteryLevelChanged, indicatorState: INDICATOR_OFF, supportsMultiColorLed: true, hasMessages: false, icon: battery-good-charging-symbolic, displayStatus: 1, deviceState: charging, batteryLevel: 37
[2020-07-15:22:09:07.140] [PERFORMANCE]: Last frame took 167 ms to render.
[2020-07-15:22:09:08.532] qtmir.applications: Application["com.ubuntu.filemanager_filemanager"]::Application()
[2020-07-15:22:09:08.532] toplevelwindowmodel: prependPlaceholder(com.ubuntu.filemanager_filemanager)
[2020-07-15:22:09:08.698] qtmir.applications: Application["com.ubuntu.terminal_terminal"]::setRequestedState(requestedState=suspended)
[2020-07-15:22:09:08.699] qtmir.applications: Application["com.ubuntu.terminal_terminal"]::suspend()
[2020-07-15:22:09:08.699] qtmir.applications: Application["com.ubuntu.terminal_terminal"]::setInternalState(state=SuspendingWaitSession)
[2020-07-15:22:09:08.700] toplevelwindowmodel: setFocusedWindow(Window[0x1cee5bc0, id=3, null])
[2020-07-15:22:09:08.701] toplevelwindowmodel: prependSurfaceHelper after (index=0,appId=com.ubuntu.filemanager_filemanager,surface=0x0,id=3),(index=1,appId=com.ubuntu.terminal_terminal,surface=0x1dd82580,id=1)
[2020-07-15:22:09:08.706] qtmir.surfaces: MirSurface[0x1dd82580,"com.ubuntu.terminal_terminal"]::setFocused(false)
[2020-07-15:22:09:08.894] qtmir.surfaces: MirSurface[0x1dd82580,"com.ubuntu.terminal_terminal"]::updateExposure(false)
[2020-07-15:22:09:08.959] qtmir.surfaces: MirSurface[0x1ce225a0,""]::setLive(false)
[2020-07-15:22:09:08.960] qtmir.surfaces: MirSurface[0x1ce225a0,""]::unregisterView(478158160) after=0 live=false
[2020-07-15:22:09:08.961] qtmir.surfaces: MirSurface[0x1ce225a0,""]::updateExposure(false)
[2020-07-15:22:09:08.963] qtmir.surfaces: MirSurface[0x1ce225a0,""]::~MirSurface() viewCount=0
[2020-07-15:22:09:09.430] qtmir.mir: SessionAuthorizer::connection_is_allowed - this= SessionAuthorizer(0xffffa4132d10) pid= 15568
[2020-07-15:22:09:09.469] qtmir.sessions: TaskController::onSessionStarting - sessionName=
[2020-07-15:22:09:09.469] qtmir.applications: Application["com.ubuntu.filemanager_filemanager"]::addSession(session=qtmir::Session(0x1d6ec080))
error in client communication (pid 15568)
[2020-07-15:22:09:09.474] qtmir.sessions: TaskController::onSessionStopping - sessionName=
[2020-07-15:22:09:09.475] qtmir.applications: Application["com.ubuntu.filemanager_filemanager"]::setInternalState(state=Stopped)
[2020-07-15:22:09:09.512] qtmir.applications: Application["com.ubuntu.terminal_terminal"]::setRequestedState(requestedState=running)
[2020-07-15:22:09:09.513] qtmir.applications: Application["com.ubuntu.terminal_terminal"]::resume()
[2020-07-15:22:09:09.513] qtmir.applications: Application["com.ubuntu.terminal_terminal"]::setInternalState(state=Running)
[2020-07-15:22:09:09.513] toplevelwindowmodel: setFocusedWindow(0x0)
[2020-07-15:22:09:09.514] toplevelwindowmodel: removeAt after (index=0,appId=com.ubuntu.terminal_terminal,surface=0x1dd82580,id=1) apps left 1
[2020-07-15:22:09:09.514] file:///usr/share/unity8//Stage/Stage.qml:148: TypeError: Cannot read property 'confinesMousePointer' of null
[2020-07-15:22:09:09.516] qtmir.applications: Application["com.ubuntu.terminal_terminal"]::setRequestedState(requestedState=suspended)
[2020-07-15:22:09:09.517] qtmir.applications: Application["com.ubuntu.terminal_terminal"]::suspend()
[2020-07-15:22:09:09.517] qtmir.applications: Application["com.ubuntu.terminal_terminal"]::setInternalState(state=SuspendingWaitSession)
[2020-07-15:22:09:09.527] qtmir.applications: Application["com.ubuntu.filemanager_filemanager"]::~Application()
[2020-07-15:22:09:09.529] qtmir.surfaces: MirSurface[0x1dd82580,"com.ubuntu.terminal_terminal"]::updateExposure(true)
[2020-07-15:22:09:09.964] ApplicationManager::onProcessFailed - upstart reports failure of application "com.ubuntu.filemanager_filemanager" that AppManager is not managing
[2020-07-15:22:09:09.987] ApplicationManager::onProcessStopped reports stop of appId= "com.ubuntu.filemanager_filemanager" which AppMan is not managing, ignoring the event
[2020-07-15:22:09:11.094] qtmir.applications: Application["com.ubuntu.terminal_terminal"]::setInternalState(state=SuspendingWaitProcess)
[2020-07-15:22:09:11.213] qtmir.applications: Application["com.ubuntu.terminal_terminal"]::setInternalState(state=Suspended)
[2020-07-15:22:09:11.214] qtmir.sessions: Wakelock released "2"
[2020-07-15:22:10:17.815] qml: updateLightState: onBatteryLevelChanged, indicatorState: INDICATOR_OFF, supportsMultiColorLed: true, hasMessages: false, icon: battery-good-charging-symbolic, displayStatus: 1, deviceState: charging, batteryLevel: 38
[2020-07-15:22:12:17.903] qml: updateLightState: onBatteryLevelChanged, indicatorState: INDICATOR_OFF, supportsMultiColorLed: true, hasMessages: false, icon: battery-good-charging-symbolic, displayStatus: 1, deviceState: charging, batteryLevel: 39
[2020-07-15:22:12:32.582] [PERFORMANCE]: Last frame took 45 ms to render.
[2020-07-15:22:12:32.827] [PERFORMANCE]: Last frame took 44 ms to render.
[2020-07-15:22:12:34.457] qtmir.applications: Application["com.ubuntu.filemanager_filemanager"]::Application()
[2020-07-15:22:12:34.458] toplevelwindowmodel: prependPlaceholder(com.ubuntu.filemanager_filemanager)
[2020-07-15:22:12:34.641] toplevelwindowmodel: setFocusedWindow(Window[0x1d1846c0, id=4, null])
[2020-07-15:22:12:34.642] toplevelwindowmodel: prependSurfaceHelper after (index=0,appId=com.ubuntu.filemanager_filemanager,surface=0x0,id=4),(index=1,appId=com.ubuntu.terminal_terminal,surface=0x1dd82580,id=1)
[2020-07-15:22:12:34.650] qtmir.sessions: Wakelock acquired "6"
[2020-07-15:22:12:34.827] qtmir.surfaces: MirSurface[0x1dd82580,"com.ubuntu.terminal_terminal"]::updateExposure(false)
[2020-07-15:22:12:34.980] qtmir.mir: SessionAuthorizer::connection_is_allowed - this= SessionAuthorizer(0xffffa4132d10) pid= 17812
error in client communication (pid 17812)
[2020-07-15:22:12:35.024] qtmir.sessions: TaskController::onSessionStarting - sessionName=
[2020-07-15:22:12:35.025] qtmir.applications: Application["com.ubuntu.filemanager_filemanager"]::addSession(session=qtmir::Session(0x1e486f00))
[2020-07-15:22:12:35.025] qtmir.sessions: TaskController::onSessionStopping - sessionName=
[2020-07-15:22:12:35.026] qtmir.applications: Application["com.ubuntu.filemanager_filemanager"]::setInternalState(state=Stopped)
[2020-07-15:22:12:35.057] qtmir.applications: Application["com.ubuntu.terminal_terminal"]::setRequestedState(requestedState=running)
[2020-07-15:22:12:35.057] qtmir.applications: Application["com.ubuntu.terminal_terminal"]::resume()
[2020-07-15:22:12:35.069] qtmir.applications: Application["com.ubuntu.terminal_terminal"]::setInternalState(state=Running)
[2020-07-15:22:12:35.072] toplevelwindowmodel: setFocusedWindow(0x0)
[2020-07-15:22:12:35.075] toplevelwindowmodel: removeAt after (index=0,appId=com.ubuntu.terminal_terminal,surface=0x1dd82580,id=1) apps left 1
[2020-07-15:22:12:35.076] file:///usr/share/unity8//Stage/Stage.qml:148: TypeError: Cannot read property 'confinesMousePointer' of null
[2020-07-15:22:12:35.203] qtmir.applications: Application["com.ubuntu.terminal_terminal"]::setRequestedState(requestedState=suspended)
[2020-07-15:22:12:35.204] qtmir.applications: Application["com.ubuntu.terminal_terminal"]::suspend()
[2020-07-15:22:12:35.205] qtmir.applications: Application["com.ubuntu.terminal_terminal"]::setInternalState(state=SuspendingWaitSession)
[2020-07-15:22:12:35.232] qtmir.applications: Application["com.ubuntu.filemanager_filemanager"]::~Application()
[2020-07-15:22:12:35.236] qtmir.surfaces: MirSurface[0x1dd82580,"com.ubuntu.terminal_terminal"]::updateExposure(true)
[2020-07-15:22:12:35.539] ApplicationManager::onProcessFailed - upstart reports failure of application "com.ubuntu.filemanager_filemanager" that AppManager is not managing
[2020-07-15:22:12:35.551] ApplicationManager::onProcessStopped reports stop of appId= "com.ubuntu.filemanager_filemanager" which AppMan is not managing, ignoring the event
[2020-07-15:22:12:36.734] qtmir.applications: Application["com.ubuntu.terminal_terminal"]::setInternalState(state=SuspendingWaitProcess)
[2020-07-15:22:12:36.863] qtmir.applications: Application["com.ubuntu.terminal_terminal"]::setInternalState(state=Suspended)
[2020-07-15:22:12:36.864] qtmir.sessions: Wakelock released "6"
[2020-07-15:22:18:17.812] qml: updateLightState: onBatteryLevelChanged, indicatorState: INDICATOR_OFF, supportsMultiColorLed: true, hasMessages: false, icon: battery-good-charging-symbolic, displayStatus: 1, deviceState: charging, batteryLevel: 40
[2020-07-15:22:18:27.868] [PERFORMANCE]: Last frame took 34 ms to render.
[2020-07-15:22:18:29.467] qtmir.applications: Application["com.ubuntu.filemanager_filemanager"]::Application()
[2020-07-15:22:18:29.468] toplevelwindowmodel: prependPlaceholder(com.ubuntu.filemanager_filemanager)
[2020-07-15:22:18:29.644] toplevelwindowmodel: setFocusedWindow(Window[0x1d2f8200, id=5, null])
[2020-07-15:22:18:29.645] toplevelwindowmodel: prependSurfaceHelper after (index=0,appId=com.ubuntu.filemanager_filemanager,surface=0x0,id=5),(index=1,appId=com.ubuntu.terminal_terminal,surface=0x1dd82580,id=1)
[2020-07-15:22:18:29.649] qtmir.sessions: Wakelock acquired "9"
[2020-07-15:22:18:29.863] qtmir.surfaces: MirSurface[0x1dd82580,"com.ubuntu.terminal_terminal"]::updateExposure(false)
[2020-07-15:22:18:29.996] qtmir.mir: SessionAuthorizer::connection_is_allowed - this= SessionAuthorizer(0xffffa4132d10) pid= 21645
[2020-07-15:22:18:30.047] qtmir.sessions: TaskController::onSessionStarting - sessionName=
[2020-07-15:22:18:30.047] qtmir.applications: Application["com.ubuntu.filemanager_filemanager"]::addSession(session=qtmir::Session(0x1d1a78f0))
error in client communication (pid 21645)
[2020-07-15:22:18:30.051] qtmir.sessions: TaskController::onSessionStopping - sessionName=
[2020-07-15:22:18:30.052] qtmir.applications: Application["com.ubuntu.filemanager_filemanager"]::setInternalState(state=Stopped)
[2020-07-15:22:18:30.098] qtmir.applications: Application["com.ubuntu.terminal_terminal"]::setRequestedState(requestedState=running)
[2020-07-15:22:18:30.098] qtmir.applications: Application["com.ubuntu.terminal_terminal"]::resume()
[2020-07-15:22:18:30.117] qtmir.applications: Application["com.ubuntu.terminal_terminal"]::setInternalState(state=Running)
[2020-07-15:22:18:30.118] toplevelwindowmodel: setFocusedWindow(0x0)
[2020-07-15:22:18:30.118] toplevelwindowmodel: removeAt after (index=0,appId=com.ubuntu.terminal_terminal,surface=0x1dd82580,id=1) apps left 1
[2020-07-15:22:18:30.119] file:///usr/share/unity8//Stage/Stage.qml:148: TypeError: Cannot read property 'confinesMousePointer' of null
[2020-07-15:22:18:30.123] qtmir.applications: Application["com.ubuntu.terminal_terminal"]::setRequestedState(requestedState=suspended)
[2020-07-15:22:18:30.123] qtmir.applications: Application["com.ubuntu.terminal_terminal"]::suspend()
[2020-07-15:22:18:30.123] qtmir.applications: Application["com.ubuntu.terminal_terminal"]::setInternalState(state=SuspendingWaitSession)
[2020-07-15:22:18:30.246] qtmir.applications: Application["com.ubuntu.filemanager_filemanager"]::~Application()
[2020-07-15:22:18:30.255] qtmir.surfaces: MirSurface[0x1dd82580,"com.ubuntu.terminal_terminal"]::updateExposure(true)
[2020-07-15:22:18:30.529] ApplicationManager::onProcessFailed - upstart reports failure of application "com.ubuntu.filemanager_filemanager" that AppManager is not managing
[2020-07-15:22:18:30.543] ApplicationManager::onProcessStopped reports stop of appId= "com.ubuntu.filemanager_filemanager" which AppMan is not managing, ignoring the event
[2020-07-15:22:18:31.734] qtmir.applications: Application["com.ubuntu.terminal_terminal"]::setInternalState(state=SuspendingWaitProcess)
[2020-07-15:22:18:31.845] qtmir.applications: Application["com.ubuntu.terminal_terminal"]::setInternalState(state=Suspended)
[2020-07-15:22:18:31.846] qtmir.sessions: Wakelock released "9"
[2020-07-15:22:20:17.827] qml: updateLightState: onBatteryLevelChanged, indicatorState: INDICATOR_OFF, supportsMultiColorLed: true, hasMessages: false, icon: battery-good-charging-symbolic, displayStatus: 1, deviceState: charging, batteryLevel: 41
[2020-07-15:22:22:17.843] qml: updateLightState: onBatteryLevelChanged, indicatorState: INDICATOR_OFF, supportsMultiColorLed: true, hasMessages: false, icon: battery-good-charging-symbolic, displayStatus: 1, deviceState: charging, batteryLevel: 42
[2020-07-15:22:24:17.818] qml: updateLightState: onBatteryLevelChanged, indicatorState: INDICATOR_OFF, supportsMultiColorLed: true, hasMessages: false, icon: battery-good-charging-symbolic, displayStatus: 1, deviceState: charging, batteryLevel: 43
[2020-07-15:22:26:17.851] qml: updateLightState: onBatteryLevelChanged, indicatorState: INDICATOR_OFF, supportsMultiColorLed: true, hasMessages: false, icon: battery-good-charging-symbolic, displayStatus: 1, deviceState: charging, batteryLevel: 44
[2020-07-15:22:28:17.793] qml: updateLightState: onBatteryLevelChanged, indicatorState: INDICATOR_OFF, supportsMultiColorLed: true, hasMessages: false, icon: battery-good-charging-symbolic, displayStatus: 1, deviceState: charging, batteryLevel: 45
[2020-07-15:22:30:17.813] qml: updateLightState: onBatteryLevelChanged, indicatorState: INDICATOR_OFF, supportsMultiColorLed: true, hasMessages: false, icon: battery-good-charging-symbolic, displayStatus: 1, deviceState: charging, batteryLevel: 47
[2020-07-15:22:32:17.883] qml: updateLightState: onBatteryLevelChanged, indicatorState: INDICATOR_OFF, supportsMultiColorLed: true, hasMessages: false, icon: battery-good-charging-symbolic, displayStatus: 1, deviceState: charging, batteryLevel: 48
[2020-07-15:22:34:17.863] qml: updateLightState: onBatteryLevelChanged, indicatorState: INDICATOR_OFF, supportsMultiColorLed: true, hasMessages: false, icon: battery-good-charging-symbolic, displayStatus: 1, deviceState: charging, batteryLevel: 49
[2020-07-15:22:36:17.843] qml: updateLightState: onBatteryLevelChanged, indicatorState: INDICATOR_OFF, supportsMultiColorLed: true, hasMessages: false, icon: battery-good-charging-symbolic, displayStatus: 1, deviceState: charging, batteryLevel: 50
[2020-07-15:22:38:17.798] qml: updateLightState: onBatteryLevelChanged, indicatorState: INDICATOR_OFF, supportsMultiColorLed: true, hasMessages: false, icon: battery-good-charging-symbolic, displayStatus: 1, deviceState: charging, batteryLevel: 51
[2020-07-15:22:40:17.852] qml: updateLightState: onBatteryLevelChanged, indicatorState: INDICATOR_OFF, supportsMultiColorLed: true, hasMessages: false, icon: battery-good-charging-symbolic, displayStatus: 1, deviceState: charging, batteryLevel: 52
[2020-07-15:22:44:17.837] qml: updateLightState: onBatteryLevelChanged, indicatorState: INDICATOR_OFF, supportsMultiColorLed: true, hasMessages: false, icon: battery-good-charging-symbolic, displayStatus: 1, deviceState: charging, batteryLevel: 54
[2020-07-15:22:46:17.819] qml: updateLightState: onBatteryLevelChanged, indicatorState: INDICATOR_OFF, supportsMultiColorLed: true, hasMessages: false, icon: battery-good-charging-symbolic, displayStatus: 1, deviceState: charging, batteryLevel: 55
[2020-07-15:22:48:17.769] qml: updateLightState: onBatteryLevelChanged, indicatorState: INDICATOR_OFF, supportsMultiColorLed: true, hasMessages: false, icon: battery-good-charging-symbolic, displayStatus: 1, deviceState: charging, batteryLevel: 56
[2020-07-15:22:50:17.870] qml: updateLightState: onBatteryLevelChanged, indicatorState: INDICATOR_OFF, supportsMultiColorLed: true, hasMessages: false, icon: battery-good-charging-symbolic, displayStatus: 1, deviceState: charging, batteryLevel: 57
[2020-07-15:22:52:17.838] qml: updateLightState: onBatteryLevelChanged, indicatorState: INDICATOR_OFF, supportsMultiColorLed: true, hasMessages: false, icon: battery-good-charging-symbolic, displayStatus: 1, deviceState: charging, batteryLevel: 59
[2020-07-15:22:54:17.879] qml: updateLightState: onBatteryIconNameChanged, indicatorState: INDICATOR_OFF, supportsMultiColorLed: true, hasMessages: false, icon: battery-full-charging-symbolic, displayStatus: 1, deviceState: charging, batteryLevel: 59
[2020-07-15:22:54:17.893] qml: updateLightState: onBatteryLevelChanged, indicatorState: INDICATOR_OFF, supportsMultiColorLed: true, hasMessages: false, icon: battery-full-charging-symbolic, displayStatus: 1, deviceState: charging, batteryLevel: 60
[2020-07-15:22:56:17.814] qml: updateLightState: onBatteryLevelChanged, indicatorState: INDICATOR_OFF, supportsMultiColorLed: true, hasMessages: false, icon: battery-full-charging-symbolic, displayStatus: 1, deviceState: charging, batteryLevel: 62
[2020-07-15:22:58:17.845] qml: updateLightState: onBatteryLevelChanged, indicatorState: INDICATOR_OFF, supportsMultiColorLed: true, hasMessages: false, icon: battery-full-charging-symbolic, displayStatus: 1, deviceState: charging, batteryLevel: 63
[2020-07-15:23:00:17.782] qml: updateLightState: onBatteryLevelChanged, indicatorState: INDICATOR_OFF, supportsMultiColorLed: true, hasMessages: false, icon: battery-full-charging-symbolic, displayStatus: 1, deviceState: charging, batteryLevel: 64
[2020-07-15:23:02:17.805] qml: updateLightState: onBatteryLevelChanged, indicatorState: INDICATOR_OFF, supportsMultiColorLed: true, hasMessages: false, icon: battery-full-charging-symbolic, displayStatus: 1, deviceState: charging, batteryLevel: 65
[2020-07-15:23:04:17.882] qml: updateLightState: onBatteryLevelChanged, indicatorState: INDICATOR_OFF, supportsMultiColorLed: true, hasMessages: false, icon: battery-full-charging-symbolic, displayStatus: 1, deviceState: charging, batteryLevel: 66
[2020-07-15:23:06:17.854] qml: updateLightState: onBatteryLevelChanged, indicatorState: INDICATOR_OFF, supportsMultiColorLed: true, hasMessages: false, icon: battery-full-charging-symbolic, displayStatus: 1, deviceState: charging, batteryLevel: 67
[2020-07-15:23:08:17.853] qml: updateLightState: onBatteryLevelChanged, indicatorState: INDICATOR_OFF, supportsMultiColorLed: true, hasMessages: false, icon: battery-full-charging-symbolic, displayStatus: 1, deviceState: charging, batteryLevel: 68
[2020-07-15:23:10:17.823] qml: updateLightState: onBatteryLevelChanged, indicatorState: INDICATOR_OFF, supportsMultiColorLed: true, hasMessages: false, icon: battery-full-charging-symbolic, displayStatus: 1, deviceState: charging, batteryLevel: 70
[2020-07-15:23:12:17.822] qml: updateLightState: onBatteryLevelChanged, indicatorState: INDICATOR_OFF, supportsMultiColorLed: true, hasMessages: false, icon: battery-full-charging-symbolic, displayStatus: 1, deviceState: charging, batteryLevel: 71
[2020-07-15:23:14:17.820] qml: updateLightState: onBatteryLevelChanged, indicatorState: INDICATOR_OFF, supportsMultiColorLed: true, hasMessages: false, icon: battery-full-charging-symbolic, displayStatus: 1, deviceState: charging, batteryLevel: 72
[2020-07-15:23:16:17.864] qml: updateLightState: onBatteryLevelChanged, indicatorState: INDICATOR_OFF, supportsMultiColorLed: true, hasMessages: false, icon: battery-full-charging-symbolic, displayStatus: 1, deviceState: charging, batteryLevel: 74
[2020-07-15:23:18:17.847] qml: updateLightState: onBatteryLevelChanged, indicatorState: INDICATOR_OFF, supportsMultiColorLed: true, hasMessages: false, icon: battery-full-charging-symbolic, displayStatus: 1, deviceState: charging, batteryLevel: 75
[2020-07-15:23:20:17.825] qml: updateLightState: onBatteryLevelChanged, indicatorState: INDICATOR_OFF, supportsMultiColorLed: true, hasMessages: false, icon: battery-full-charging-symbolic, displayStatus: 1, deviceState: charging, batteryLevel: 76
[2020-07-15:23:22:17.832] qml: updateLightState: onBatteryLevelChanged, indicatorState: INDICATOR_OFF, supportsMultiColorLed: true, hasMessages: false, icon: battery-full-charging-symbolic, displayStatus: 1, deviceState: charging, batteryLevel: 78
[2020-07-15:23:24:17.883] qml: updateLightState: onBatteryLevelChanged, indicatorState: INDICATOR_OFF, supportsMultiColorLed: true, hasMessages: false, icon: battery-full-charging-symbolic, displayStatus: 1, deviceState: charging, batteryLevel: 79
[2020-07-15:23:26:17.821] qml: updateLightState: onBatteryLevelChanged, indicatorState: INDICATOR_OFF, supportsMultiColorLed: true, hasMessages: false, icon: battery-full-charging-symbolic, displayStatus: 1, deviceState: charging, batteryLevel: 80
[2020-07-15:23:28:17.856] qml: updateLightState: onBatteryLevelChanged, indicatorState: INDICATOR_OFF, supportsMultiColorLed: true, hasMessages: false, icon: battery-full-charging-symbolic, displayStatus: 1, deviceState: charging, batteryLevel: 81
[2020-07-15:23:30:17.817] qml: updateLightState: onBatteryLevelChanged, indicatorState: INDICATOR_OFF, supportsMultiColorLed: true, hasMessages: false, icon: battery-full-charging-symbolic, displayStatus: 1, deviceState: charging, batteryLevel: 82
[2020-07-15:23:32:17.854] qml: updateLightState: onBatteryLevelChanged, indicatorState: INDICATOR_OFF, supportsMultiColorLed: true, hasMessages: false, icon: battery-full-charging-symbolic, displayStatus: 1, deviceState: charging, batteryLevel: 83
[2020-07-15:23:34:17.904] qml: updateLightState: onBatteryLevelChanged, indicatorState: INDICATOR_OFF, supportsMultiColorLed: true, hasMessages: false, icon: battery-full-charging-symbolic, displayStatus: 1, deviceState: charging, batteryLevel: 85
[2020-07-15:23:36:17.794] qml: updateLightState: onBatteryLevelChanged, indicatorState: INDICATOR_OFF, supportsMultiColorLed: true, hasMessages: false, icon: battery-full-charging-symbolic, displayStatus: 1, deviceState: charging, batteryLevel: 86
[2020-07-15:23:38:17.782] qml: updateLightState: onBatteryLevelChanged, indicatorState: INDICATOR_OFF, supportsMultiColorLed: true, hasMessages: false, icon: battery-full-charging-symbolic, displayStatus: 1, deviceState: charging, batteryLevel: 88
[2020-07-15:23:40:17.843] qml: updateLightState: onBatteryLevelChanged, indicatorState: INDICATOR_OFF, supportsMultiColorLed: true, hasMessages: false, icon: battery-full-charging-symbolic, displayStatus: 1, deviceState: charging, batteryLevel: 89
[2020-07-15:23:42:17.837] qml: updateLightState: onBatteryLevelChanged, indicatorState: INDICATOR_OFF, supportsMultiColorLed: true, hasMessages: false, icon: battery-full-charging-symbolic, displayStatus: 1, deviceState: charging, batteryLevel: 91
[2020-07-15:23:44:17.833] qml: updateLightState: onBatteryLevelChanged, indicatorState: INDICATOR_OFF, supportsMultiColorLed: true, hasMessages: false, icon: battery-full-charging-symbolic, displayStatus: 1, deviceState: charging, batteryLevel: 92
[2020-07-15:23:50:17.861] qml: updateLightState: onBatteryLevelChanged, indicatorState: INDICATOR_OFF, supportsMultiColorLed: true, hasMessages: false, icon: battery-full-charging-symbolic, displayStatus: 1, deviceState: charging, batteryLevel: 93
[2020-07-15:23:51:07.675] qtmir.sensor: OrientationSensor::readingChanged
[2020-07-15:23:51:07.676] qtmir.sensor: Screen::onOrientationReadingChanged
[2020-07-15:23:51:07.676] qtmir.sensor: Screen::customEvent - new orientation Qt::ScreenOrientation(LandscapeOrientation) handled
[2020-07-15:23:51:08.595] qtmir.sensor: OrientationSensor::readingChanged
[2020-07-15:23:51:08.596] qtmir.sensor: Screen::onOrientationReadingChanged
[2020-07-15:23:51:08.596] Unknown orientation.
[2020-07-15:23:54:56.550] qtmir.applications: Application["com.ubuntu.filemanager_filemanager"]::Application()
[2020-07-15:23:54:56.551] toplevelwindowmodel: prependPlaceholder(com.ubuntu.filemanager_filemanager)
[2020-07-15:23:54:56.803] toplevelwindowmodel: setFocusedWindow(Window[0x1e4eabf0, id=6, null])
[2020-07-15:23:54:56.805] toplevelwindowmodel: prependSurfaceHelper after (index=0,appId=com.ubuntu.filemanager_filemanager,surface=0x0,id=6),(index=1,appId=com.ubuntu.terminal_terminal,surface=0x1dd82580,id=1)
[2020-07-15:23:54:56.810] qtmir.sessions: Wakelock acquired "29"
[2020-07-15:23:54:57.000] qtmir.surfaces: MirSurface[0x1dd82580,"com.ubuntu.terminal_terminal"]::updateExposure(false)
[2020-07-15:23:54:57.076] qtmir.mir: SessionAuthorizer::connection_is_allowed - this= SessionAuthorizer(0xffffa4132d10) pid= 18486
error in client communication (pid 18486)
[2020-07-15:23:54:57.120] qtmir.sessions: TaskController::onSessionStarting - sessionName=
[2020-07-15:23:54:57.120] qtmir.applications: Application["com.ubuntu.filemanager_filemanager"]::addSession(session=qtmir::Session(0x1dfe81e0))
[2020-07-15:23:54:57.121] qtmir.sessions: TaskController::onSessionStopping - sessionName=
[2020-07-15:23:54:57.121] qtmir.applications: Application["com.ubuntu.filemanager_filemanager"]::setInternalState(state=Stopped)
[2020-07-15:23:54:57.148] qtmir.applications: Application["com.ubuntu.terminal_terminal"]::setRequestedState(requestedState=running)
[2020-07-15:23:54:57.148] qtmir.applications: Application["com.ubuntu.terminal_terminal"]::resume()
[2020-07-15:23:54:57.165] qtmir.applications: Application["com.ubuntu.terminal_terminal"]::setInternalState(state=Running)
[2020-07-15:23:54:57.169] toplevelwindowmodel: setFocusedWindow(0x0)
[2020-07-15:23:54:57.169] toplevelwindowmodel: removeAt after (index=0,appId=com.ubuntu.terminal_terminal,surface=0x1dd82580,id=1) apps left 1
[2020-07-15:23:54:57.170] file:///usr/share/unity8//Stage/Stage.qml:148: TypeError: Cannot read property 'confinesMousePointer' of null
[2020-07-15:23:54:57.292] qtmir.applications: Application["com.ubuntu.terminal_terminal"]::setRequestedState(requestedState=suspended)
[2020-07-15:23:54:57.294] qtmir.applications: Application["com.ubuntu.terminal_terminal"]::suspend()
[2020-07-15:23:54:57.294] qtmir.applications: Application["com.ubuntu.terminal_terminal"]::setInternalState(state=SuspendingWaitSession)
[2020-07-15:23:54:57.310] qtmir.applications: Application["com.ubuntu.filemanager_filemanager"]::~Application()
[2020-07-15:23:54:57.314] qtmir.surfaces: MirSurface[0x1dd82580,"com.ubuntu.terminal_terminal"]::updateExposure(true)
[2020-07-15:23:54:57.591] ApplicationManager::onProcessFailed - upstart reports failure of application "com.ubuntu.filemanager_filemanager" that AppManager is not managing
[2020-07-15:23:54:57.603] ApplicationManager::onProcessStopped reports stop of appId= "com.ubuntu.filemanager_filemanager" which AppMan is not managing, ignoring the event
[2020-07-15:23:54:58.734] qtmir.applications: Application["com.ubuntu.terminal_terminal"]::setInternalState(state=SuspendingWaitProcess)
[2020-07-15:23:54:58.843] qtmir.applications: Application["com.ubuntu.terminal_terminal"]::setInternalState(state=Suspended)
[2020-07-15:23:54:58.843] qtmir.sessions: Wakelock released "29"
